
*** Running vivado
    with args -log hsc_video_system_interrupts_0.vds -m64 -product Vivado -mode batch -messageDb vivado.pb -notrace -source hsc_video_system_interrupts_0.tcl


****** Vivado v2020.1 (64-bit)
  **** SW Build 2902540 on Wed May 27 19:54:35 MDT 2020
  **** IP Build 2902112 on Wed May 27 22:43:36 MDT 2020
    ** Copyright 1986-2020 Xilinx, Inc. All Rights Reserved.

source hsc_video_system_interrupts_0.tcl -notrace
INFO: [IP_Flow 19-234] Refreshing IP repositories
INFO: [IP_Flow 19-1700] Loaded user IP repository '/mnt/sdc3/david/projs/hardware-software/part2/ip_cores'.
INFO: [IP_Flow 19-2313] Loaded Vivado IP repository '/home/david/Xilinx/Vivado/2020.1/data/ip'.
Command: synth_design -top hsc_video_system_interrupts_0 -part xc7z020clg400-1 -mode out_of_context
Starting synth_design
Attempting to get a license for feature 'Synthesis' and/or device 'xc7z020'
INFO: [Common 17-349] Got license for feature 'Synthesis' and/or device 'xc7z020'
INFO: [Device 21-403] Loading part xc7z020clg400-1
INFO: [Synth 8-7079] Multithreading enabled for synth_design using a maximum of 4 processes.
INFO: [Synth 8-7078] Launching helper process for spawning children vivado processes
INFO: [Synth 8-7075] Helper process launched with PID 7462
---------------------------------------------------------------------------------
Starting RTL Elaboration : Time (s): cpu = 00:00:04 ; elapsed = 00:00:11 . Memory (MB): peak = 2093.887 ; gain = 0.000 ; free physical = 1158 ; free virtual = 22119
---------------------------------------------------------------------------------
INFO: [Synth 8-638] synthesizing module 'hsc_video_system_interrupts_0' [/mnt/sdc3/david/projs/hardware-software/part2/overlay/hsc_video/hsc_video.srcs/sources_1/bd/hsc_video/ip/hsc_video_system_interrupts_0/synth/hsc_video_system_interrupts_0.vhd:85]
	Parameter C_FAMILY bound to: zynq - type: string 
	Parameter C_INSTANCE bound to: hsc_video_system_interrupts_0 - type: string 
	Parameter C_S_AXI_ADDR_WIDTH bound to: 9 - type: integer 
	Parameter C_S_AXI_DATA_WIDTH bound to: 32 - type: integer 
	Parameter C_NUM_INTR_INPUTS bound to: 12 - type: integer 
	Parameter C_NUM_SW_INTR bound to: 0 - type: integer 
	Parameter C_KIND_OF_INTR bound to: 32'b11111111111111111111111111000000 
	Parameter C_KIND_OF_EDGE bound to: 32'b11111111111111111111111111111111 
	Parameter C_KIND_OF_LVL bound to: 32'b11111111111111111111111111111111 
	Parameter C_ASYNC_INTR bound to: 32'b11111111111111111111111111111111 
	Parameter C_NUM_SYNC_FF bound to: 2 - type: integer 
	Parameter C_ADDR_WIDTH bound to: 32 - type: integer 
	Parameter C_IVAR_RESET_VALUE bound to: 64'b0000000000000000000000000000000000000000000000000000000000010000 
	Parameter C_ENABLE_ASYNC bound to: 0 - type: integer 
	Parameter C_HAS_IPR bound to: 1 - type: integer 
	Parameter C_HAS_SIE bound to: 1 - type: integer 
	Parameter C_HAS_CIE bound to: 1 - type: integer 
	Parameter C_HAS_IVR bound to: 1 - type: integer 
	Parameter C_HAS_ILR bound to: 0 - type: integer 
	Parameter C_IRQ_IS_LEVEL bound to: 1 - type: integer 
	Parameter C_IRQ_ACTIVE bound to: 1'b1 
	Parameter C_DISABLE_SYNCHRONIZERS bound to: 0 - type: integer 
	Parameter C_MB_CLK_NOT_CONNECTED bound to: 1 - type: integer 
	Parameter C_HAS_FAST bound to: 0 - type: integer 
	Parameter C_EN_CASCADE_MODE bound to: 0 - type: integer 
	Parameter C_CASCADE_MASTER bound to: 0 - type: integer 
INFO: [Synth 8-3491] module 'axi_intc' declared at '/mnt/sdc3/david/projs/hardware-software/part2/overlay/hsc_video/hsc_video.srcs/sources_1/bd/hsc_video/ipshared/f78a/hdl/axi_intc_v4_1_vh_rfs.vhd:3452' bound to instance 'U0' of component 'axi_intc' [/mnt/sdc3/david/projs/hardware-software/part2/overlay/hsc_video/hsc_video.srcs/sources_1/bd/hsc_video/ip/hsc_video_system_interrupts_0/synth/hsc_video_system_interrupts_0.vhd:185]
INFO: [Synth 8-638] synthesizing module 'axi_intc' [/mnt/sdc3/david/projs/hardware-software/part2/overlay/hsc_video/hsc_video.srcs/sources_1/bd/hsc_video/ipshared/f78a/hdl/axi_intc_v4_1_vh_rfs.vhd:3553]
	Parameter C_FAMILY bound to: zynq - type: string 
	Parameter C_INSTANCE bound to: hsc_video_system_interrupts_0 - type: string 
	Parameter C_S_AXI_ADDR_WIDTH bound to: 9 - type: integer 
	Parameter C_S_AXI_DATA_WIDTH bound to: 32 - type: integer 
	Parameter C_NUM_INTR_INPUTS bound to: 12 - type: integer 
	Parameter C_NUM_SW_INTR bound to: 0 - type: integer 
	Parameter C_KIND_OF_INTR bound to: -64 - type: integer 
	Parameter C_KIND_OF_EDGE bound to: -1 - type: integer 
	Parameter C_KIND_OF_LVL bound to: -1 - type: integer 
	Parameter C_ASYNC_INTR bound to: -1 - type: integer 
	Parameter C_NUM_SYNC_FF bound to: 2 - type: integer 
	Parameter C_IVAR_RESET_VALUE bound to: 64'b0000000000000000000000000000000000000000000000000000000000010000 
	Parameter C_ADDR_WIDTH bound to: 32 - type: integer 
	Parameter C_HAS_IPR bound to: 1 - type: integer 
	Parameter C_HAS_SIE bound to: 1 - type: integer 
	Parameter C_HAS_CIE bound to: 1 - type: integer 
	Parameter C_HAS_IVR bound to: 1 - type: integer 
	Parameter C_HAS_ILR bound to: 0 - type: integer 
	Parameter C_IRQ_IS_LEVEL bound to: 1 - type: integer 
	Parameter C_IRQ_ACTIVE bound to: 1'b1 
	Parameter C_DISABLE_SYNCHRONIZERS bound to: 0 - type: integer 
	Parameter C_MB_CLK_NOT_CONNECTED bound to: 1 - type: integer 
	Parameter C_HAS_FAST bound to: 0 - type: integer 
	Parameter C_ENABLE_ASYNC bound to: 0 - type: integer 
	Parameter C_EN_CASCADE_MODE bound to: 0 - type: integer 
	Parameter C_CASCADE_MASTER bound to: 0 - type: integer 
INFO: [Synth 8-638] synthesizing module 'intc_core' [/mnt/sdc3/david/projs/hardware-software/part2/overlay/hsc_video/hsc_video.srcs/sources_1/bd/hsc_video/ipshared/f78a/hdl/axi_intc_v4_1_vh_rfs.vhd:794]
	Parameter C_FAMILY bound to: zynq - type: string 
	Parameter C_DWIDTH bound to: 32 - type: integer 
	Parameter C_NUM_INTR_INPUTS bound to: 12 - type: integer 
	Parameter C_NUM_SW_INTR bound to: 0 - type: integer 
	Parameter C_KIND_OF_INTR bound to: -64 - type: integer 
	Parameter C_KIND_OF_EDGE bound to: -1 - type: integer 
	Parameter C_KIND_OF_LVL bound to: -1 - type: integer 
	Parameter C_ASYNC_INTR bound to: -1 - type: integer 
	Parameter C_NUM_SYNC_FF bound to: 2 - type: integer 
	Parameter C_HAS_IPR bound to: 1 - type: integer 
	Parameter C_HAS_SIE bound to: 1 - type: integer 
	Parameter C_HAS_CIE bound to: 1 - type: integer 
	Parameter C_HAS_IVR bound to: 1 - type: integer 
	Parameter C_HAS_ILR bound to: 0 - type: integer 
	Parameter C_IRQ_IS_LEVEL bound to: 1 - type: integer 
	Parameter C_IRQ_ACTIVE bound to: 1'b1 
	Parameter C_DISABLE_SYNCHRONIZERS bound to: 0 - type: integer 
	Parameter C_MB_CLK_NOT_CONNECTED bound to: 1 - type: integer 
	Parameter C_HAS_FAST bound to: 0 - type: integer 
	Parameter C_IVAR_RESET_VALUE bound to: 64'b0000000000000000000000000000000000000000000000000000000000010000 
	Parameter C_IVAR_WE_WIDTH bound to: 1 - type: integer 
	Parameter C_ADDR_WIDTH bound to: 32 - type: integer 
	Parameter C_EN_CASCADE_MODE bound to: 0 - type: integer 
	Parameter C_CASCADE_MASTER bound to: 0 - type: integer 
INFO: [Synth 8-256] done synthesizing module 'intc_core' (1#1) [/mnt/sdc3/david/projs/hardware-software/part2/overlay/hsc_video/hsc_video.srcs/sources_1/bd/hsc_video/ipshared/f78a/hdl/axi_intc_v4_1_vh_rfs.vhd:794]
INFO: [Synth 8-638] synthesizing module 'axi_lite_ipif' [/mnt/sdc3/david/projs/hardware-software/part2/overlay/hsc_video/hsc_video.srcs/sources_1/bd/hsc_video/ipshared/66ea/hdl/axi_lite_ipif_v3_0_vh_rfs.vhd:2948]
	Parameter C_S_AXI_DATA_WIDTH bound to: 32 - type: integer 
	Parameter C_S_AXI_ADDR_WIDTH bound to: 9 - type: integer 
	Parameter C_S_AXI_MIN_SIZE bound to: 32'b00000000000000000000000111111111 
	Parameter C_USE_WSTRB bound to: 1 - type: integer 
	Parameter C_DPHASE_TIMEOUT bound to: 8 - type: integer 
	Parameter C_ARD_ADDR_RANGE_ARRAY bound to: 384'b000000000000000000000000000000000000000000000000000000000000000000000000000000000000000000000000000000000000000000000000001111110000000000000000000000000000000000000000000000000000000100000000000000000000000000000000000000000000000000000000000000010111111100000000000000000000000000000000000000000000000000000010000000000000000000000000000000000000000000000000000000000000001011111111 
	Parameter C_ARD_NUM_CE_ARRAY bound to: 96'b000000000000000000000000000100000000000000000000000000000000000100000000000000000000000000000010 
	Parameter C_FAMILY bound to: zynq - type: string 
INFO: [Synth 8-638] synthesizing module 'slave_attachment' [/mnt/sdc3/david/projs/hardware-software/part2/overlay/hsc_video/hsc_video.srcs/sources_1/bd/hsc_video/ipshared/66ea/hdl/axi_lite_ipif_v3_0_vh_rfs.vhd:2341]
	Parameter C_ARD_ADDR_RANGE_ARRAY bound to: 384'b000000000000000000000000000000000000000000000000000000000000000000000000000000000000000000000000000000000000000000000000001111110000000000000000000000000000000000000000000000000000000100000000000000000000000000000000000000000000000000000000000000010111111100000000000000000000000000000000000000000000000000000010000000000000000000000000000000000000000000000000000000000000001011111111 
	Parameter C_ARD_NUM_CE_ARRAY bound to: 96'b000000000000000000000000000100000000000000000000000000000000000100000000000000000000000000000010 
	Parameter C_IPIF_ABUS_WIDTH bound to: 9 - type: integer 
	Parameter C_IPIF_DBUS_WIDTH bound to: 32 - type: integer 
	Parameter C_S_AXI_MIN_SIZE bound to: 511 - type: integer 
	Parameter C_USE_WSTRB bound to: 1 - type: integer 
	Parameter C_DPHASE_TIMEOUT bound to: 8 - type: integer 
	Parameter C_FAMILY bound to: zynq - type: string 
INFO: [Synth 8-638] synthesizing module 'address_decoder' [/mnt/sdc3/david/projs/hardware-software/part2/overlay/hsc_video/hsc_video.srcs/sources_1/bd/hsc_video/ipshared/66ea/hdl/axi_lite_ipif_v3_0_vh_rfs.vhd:1775]
	Parameter C_BUS_AWIDTH bound to: 9 - type: integer 
	Parameter C_S_AXI_MIN_SIZE bound to: 511 - type: integer 
	Parameter C_ARD_ADDR_RANGE_ARRAY bound to: 384'b000000000000000000000000000000000000000000000000000000000000000000000000000000000000000000000000000000000000000000000000001111110000000000000000000000000000000000000000000000000000000100000000000000000000000000000000000000000000000000000000000000010111111100000000000000000000000000000000000000000000000000000010000000000000000000000000000000000000000000000000000000000000001011111111 
	Parameter C_ARD_NUM_CE_ARRAY bound to: 96'b000000000000000000000000000100000000000000000000000000000000000100000000000000000000000000000010 
	Parameter C_FAMILY bound to: nofamily - type: string 
INFO: [Synth 8-638] synthesizing module 'pselect_f' [/mnt/sdc3/david/projs/hardware-software/part2/overlay/hsc_video/hsc_video.srcs/sources_1/bd/hsc_video/ipshared/66ea/hdl/axi_lite_ipif_v3_0_vh_rfs.vhd:1534]
	Parameter C_AB bound to: 3 - type: integer 
	Parameter C_AW bound to: 9 - type: integer 
	Parameter C_BAR bound to: 9'b000000000 
	Parameter C_FAMILY bound to: nofamily - type: string 
INFO: [Synth 8-256] done synthesizing module 'pselect_f' (2#1) [/mnt/sdc3/david/projs/hardware-software/part2/overlay/hsc_video/hsc_video.srcs/sources_1/bd/hsc_video/ipshared/66ea/hdl/axi_lite_ipif_v3_0_vh_rfs.vhd:1534]
INFO: [Synth 8-638] synthesizing module 'pselect_f__parameterized0' [/mnt/sdc3/david/projs/hardware-software/part2/overlay/hsc_video/hsc_video.srcs/sources_1/bd/hsc_video/ipshared/66ea/hdl/axi_lite_ipif_v3_0_vh_rfs.vhd:1534]
	Parameter C_AB bound to: 4 - type: integer 
	Parameter C_AW bound to: 4 - type: integer 
	Parameter C_BAR bound to: 4'b0000 
	Parameter C_FAMILY bound to: nofamily - type: string 
INFO: [Synth 8-256] done synthesizing module 'pselect_f__parameterized0' (2#1) [/mnt/sdc3/david/projs/hardware-software/part2/overlay/hsc_video/hsc_video.srcs/sources_1/bd/hsc_video/ipshared/66ea/hdl/axi_lite_ipif_v3_0_vh_rfs.vhd:1534]
INFO: [Synth 8-638] synthesizing module 'pselect_f__parameterized1' [/mnt/sdc3/david/projs/hardware-software/part2/overlay/hsc_video/hsc_video.srcs/sources_1/bd/hsc_video/ipshared/66ea/hdl/axi_lite_ipif_v3_0_vh_rfs.vhd:1534]
	Parameter C_AB bound to: 4 - type: integer 
	Parameter C_AW bound to: 4 - type: integer 
	Parameter C_BAR bound to: 4'b0001 
	Parameter C_FAMILY bound to: nofamily - type: string 
INFO: [Synth 8-256] done synthesizing module 'pselect_f__parameterized1' (2#1) [/mnt/sdc3/david/projs/hardware-software/part2/overlay/hsc_video/hsc_video.srcs/sources_1/bd/hsc_video/ipshared/66ea/hdl/axi_lite_ipif_v3_0_vh_rfs.vhd:1534]
INFO: [Synth 8-638] synthesizing module 'pselect_f__parameterized2' [/mnt/sdc3/david/projs/hardware-software/part2/overlay/hsc_video/hsc_video.srcs/sources_1/bd/hsc_video/ipshared/66ea/hdl/axi_lite_ipif_v3_0_vh_rfs.vhd:1534]
	Parameter C_AB bound to: 4 - type: integer 
	Parameter C_AW bound to: 4 - type: integer 
	Parameter C_BAR bound to: 4'b0010 
	Parameter C_FAMILY bound to: nofamily - type: string 
INFO: [Synth 8-256] done synthesizing module 'pselect_f__parameterized2' (2#1) [/mnt/sdc3/david/projs/hardware-software/part2/overlay/hsc_video/hsc_video.srcs/sources_1/bd/hsc_video/ipshared/66ea/hdl/axi_lite_ipif_v3_0_vh_rfs.vhd:1534]
INFO: [Synth 8-638] synthesizing module 'pselect_f__parameterized3' [/mnt/sdc3/david/projs/hardware-software/part2/overlay/hsc_video/hsc_video.srcs/sources_1/bd/hsc_video/ipshared/66ea/hdl/axi_lite_ipif_v3_0_vh_rfs.vhd:1534]
	Parameter C_AB bound to: 4 - type: integer 
	Parameter C_AW bound to: 4 - type: integer 
	Parameter C_BAR bound to: 4'b0011 
	Parameter C_FAMILY bound to: nofamily - type: string 
INFO: [Synth 8-256] done synthesizing module 'pselect_f__parameterized3' (2#1) [/mnt/sdc3/david/projs/hardware-software/part2/overlay/hsc_video/hsc_video.srcs/sources_1/bd/hsc_video/ipshared/66ea/hdl/axi_lite_ipif_v3_0_vh_rfs.vhd:1534]
INFO: [Synth 8-638] synthesizing module 'pselect_f__parameterized4' [/mnt/sdc3/david/projs/hardware-software/part2/overlay/hsc_video/hsc_video.srcs/sources_1/bd/hsc_video/ipshared/66ea/hdl/axi_lite_ipif_v3_0_vh_rfs.vhd:1534]
	Parameter C_AB bound to: 4 - type: integer 
	Parameter C_AW bound to: 4 - type: integer 
	Parameter C_BAR bound to: 4'b0100 
	Parameter C_FAMILY bound to: nofamily - type: string 
INFO: [Synth 8-256] done synthesizing module 'pselect_f__parameterized4' (2#1) [/mnt/sdc3/david/projs/hardware-software/part2/overlay/hsc_video/hsc_video.srcs/sources_1/bd/hsc_video/ipshared/66ea/hdl/axi_lite_ipif_v3_0_vh_rfs.vhd:1534]
INFO: [Synth 8-638] synthesizing module 'pselect_f__parameterized5' [/mnt/sdc3/david/projs/hardware-software/part2/overlay/hsc_video/hsc_video.srcs/sources_1/bd/hsc_video/ipshared/66ea/hdl/axi_lite_ipif_v3_0_vh_rfs.vhd:1534]
	Parameter C_AB bound to: 4 - type: integer 
	Parameter C_AW bound to: 4 - type: integer 
	Parameter C_BAR bound to: 4'b0101 
	Parameter C_FAMILY bound to: nofamily - type: string 
INFO: [Synth 8-256] done synthesizing module 'pselect_f__parameterized5' (2#1) [/mnt/sdc3/david/projs/hardware-software/part2/overlay/hsc_video/hsc_video.srcs/sources_1/bd/hsc_video/ipshared/66ea/hdl/axi_lite_ipif_v3_0_vh_rfs.vhd:1534]
INFO: [Synth 8-638] synthesizing module 'pselect_f__parameterized6' [/mnt/sdc3/david/projs/hardware-software/part2/overlay/hsc_video/hsc_video.srcs/sources_1/bd/hsc_video/ipshared/66ea/hdl/axi_lite_ipif_v3_0_vh_rfs.vhd:1534]
	Parameter C_AB bound to: 4 - type: integer 
	Parameter C_AW bound to: 4 - type: integer 
	Parameter C_BAR bound to: 4'b0110 
	Parameter C_FAMILY bound to: nofamily - type: string 
INFO: [Synth 8-256] done synthesizing module 'pselect_f__parameterized6' (2#1) [/mnt/sdc3/david/projs/hardware-software/part2/overlay/hsc_video/hsc_video.srcs/sources_1/bd/hsc_video/ipshared/66ea/hdl/axi_lite_ipif_v3_0_vh_rfs.vhd:1534]
INFO: [Synth 8-638] synthesizing module 'pselect_f__parameterized7' [/mnt/sdc3/david/projs/hardware-software/part2/overlay/hsc_video/hsc_video.srcs/sources_1/bd/hsc_video/ipshared/66ea/hdl/axi_lite_ipif_v3_0_vh_rfs.vhd:1534]
	Parameter C_AB bound to: 4 - type: integer 
	Parameter C_AW bound to: 4 - type: integer 
	Parameter C_BAR bound to: 4'b0111 
	Parameter C_FAMILY bound to: nofamily - type: string 
INFO: [Synth 8-256] done synthesizing module 'pselect_f__parameterized7' (2#1) [/mnt/sdc3/david/projs/hardware-software/part2/overlay/hsc_video/hsc_video.srcs/sources_1/bd/hsc_video/ipshared/66ea/hdl/axi_lite_ipif_v3_0_vh_rfs.vhd:1534]
INFO: [Synth 8-638] synthesizing module 'pselect_f__parameterized8' [/mnt/sdc3/david/projs/hardware-software/part2/overlay/hsc_video/hsc_video.srcs/sources_1/bd/hsc_video/ipshared/66ea/hdl/axi_lite_ipif_v3_0_vh_rfs.vhd:1534]
	Parameter C_AB bound to: 4 - type: integer 
	Parameter C_AW bound to: 4 - type: integer 
	Parameter C_BAR bound to: 4'b1000 
	Parameter C_FAMILY bound to: nofamily - type: string 
INFO: [Synth 8-256] done synthesizing module 'pselect_f__parameterized8' (2#1) [/mnt/sdc3/david/projs/hardware-software/part2/overlay/hsc_video/hsc_video.srcs/sources_1/bd/hsc_video/ipshared/66ea/hdl/axi_lite_ipif_v3_0_vh_rfs.vhd:1534]
INFO: [Synth 8-638] synthesizing module 'pselect_f__parameterized9' [/mnt/sdc3/david/projs/hardware-software/part2/overlay/hsc_video/hsc_video.srcs/sources_1/bd/hsc_video/ipshared/66ea/hdl/axi_lite_ipif_v3_0_vh_rfs.vhd:1534]
	Parameter C_AB bound to: 4 - type: integer 
	Parameter C_AW bound to: 4 - type: integer 
	Parameter C_BAR bound to: 4'b1001 
	Parameter C_FAMILY bound to: nofamily - type: string 
INFO: [Synth 8-256] done synthesizing module 'pselect_f__parameterized9' (2#1) [/mnt/sdc3/david/projs/hardware-software/part2/overlay/hsc_video/hsc_video.srcs/sources_1/bd/hsc_video/ipshared/66ea/hdl/axi_lite_ipif_v3_0_vh_rfs.vhd:1534]
INFO: [Synth 8-638] synthesizing module 'pselect_f__parameterized10' [/mnt/sdc3/david/projs/hardware-software/part2/overlay/hsc_video/hsc_video.srcs/sources_1/bd/hsc_video/ipshared/66ea/hdl/axi_lite_ipif_v3_0_vh_rfs.vhd:1534]
	Parameter C_AB bound to: 4 - type: integer 
	Parameter C_AW bound to: 4 - type: integer 
	Parameter C_BAR bound to: 4'b1010 
	Parameter C_FAMILY bound to: nofamily - type: string 
INFO: [Synth 8-256] done synthesizing module 'pselect_f__parameterized10' (2#1) [/mnt/sdc3/david/projs/hardware-software/part2/overlay/hsc_video/hsc_video.srcs/sources_1/bd/hsc_video/ipshared/66ea/hdl/axi_lite_ipif_v3_0_vh_rfs.vhd:1534]
INFO: [Synth 8-638] synthesizing module 'pselect_f__parameterized11' [/mnt/sdc3/david/projs/hardware-software/part2/overlay/hsc_video/hsc_video.srcs/sources_1/bd/hsc_video/ipshared/66ea/hdl/axi_lite_ipif_v3_0_vh_rfs.vhd:1534]
	Parameter C_AB bound to: 4 - type: integer 
	Parameter C_AW bound to: 4 - type: integer 
	Parameter C_BAR bound to: 4'b1011 
	Parameter C_FAMILY bound to: nofamily - type: string 
INFO: [Synth 8-256] done synthesizing module 'pselect_f__parameterized11' (2#1) [/mnt/sdc3/david/projs/hardware-software/part2/overlay/hsc_video/hsc_video.srcs/sources_1/bd/hsc_video/ipshared/66ea/hdl/axi_lite_ipif_v3_0_vh_rfs.vhd:1534]
INFO: [Synth 8-638] synthesizing module 'pselect_f__parameterized12' [/mnt/sdc3/david/projs/hardware-software/part2/overlay/hsc_video/hsc_video.srcs/sources_1/bd/hsc_video/ipshared/66ea/hdl/axi_lite_ipif_v3_0_vh_rfs.vhd:1534]
	Parameter C_AB bound to: 4 - type: integer 
	Parameter C_AW bound to: 4 - type: integer 
	Parameter C_BAR bound to: 4'b1100 
	Parameter C_FAMILY bound to: nofamily - type: string 
INFO: [Synth 8-256] done synthesizing module 'pselect_f__parameterized12' (2#1) [/mnt/sdc3/david/projs/hardware-software/part2/overlay/hsc_video/hsc_video.srcs/sources_1/bd/hsc_video/ipshared/66ea/hdl/axi_lite_ipif_v3_0_vh_rfs.vhd:1534]
INFO: [Synth 8-638] synthesizing module 'pselect_f__parameterized13' [/mnt/sdc3/david/projs/hardware-software/part2/overlay/hsc_video/hsc_video.srcs/sources_1/bd/hsc_video/ipshared/66ea/hdl/axi_lite_ipif_v3_0_vh_rfs.vhd:1534]
	Parameter C_AB bound to: 4 - type: integer 
	Parameter C_AW bound to: 4 - type: integer 
	Parameter C_BAR bound to: 4'b1101 
	Parameter C_FAMILY bound to: nofamily - type: string 
INFO: [Synth 8-256] done synthesizing module 'pselect_f__parameterized13' (2#1) [/mnt/sdc3/david/projs/hardware-software/part2/overlay/hsc_video/hsc_video.srcs/sources_1/bd/hsc_video/ipshared/66ea/hdl/axi_lite_ipif_v3_0_vh_rfs.vhd:1534]
INFO: [Synth 8-638] synthesizing module 'pselect_f__parameterized14' [/mnt/sdc3/david/projs/hardware-software/part2/overlay/hsc_video/hsc_video.srcs/sources_1/bd/hsc_video/ipshared/66ea/hdl/axi_lite_ipif_v3_0_vh_rfs.vhd:1534]
	Parameter C_AB bound to: 4 - type: integer 
	Parameter C_AW bound to: 4 - type: integer 
	Parameter C_BAR bound to: 4'b1110 
	Parameter C_FAMILY bound to: nofamily - type: string 
INFO: [Synth 8-256] done synthesizing module 'pselect_f__parameterized14' (2#1) [/mnt/sdc3/david/projs/hardware-software/part2/overlay/hsc_video/hsc_video.srcs/sources_1/bd/hsc_video/ipshared/66ea/hdl/axi_lite_ipif_v3_0_vh_rfs.vhd:1534]
INFO: [Synth 8-638] synthesizing module 'pselect_f__parameterized15' [/mnt/sdc3/david/projs/hardware-software/part2/overlay/hsc_video/hsc_video.srcs/sources_1/bd/hsc_video/ipshared/66ea/hdl/axi_lite_ipif_v3_0_vh_rfs.vhd:1534]
	Parameter C_AB bound to: 4 - type: integer 
	Parameter C_AW bound to: 4 - type: integer 
	Parameter C_BAR bound to: 4'b1111 
	Parameter C_FAMILY bound to: nofamily - type: string 
INFO: [Synth 8-256] done synthesizing module 'pselect_f__parameterized15' (2#1) [/mnt/sdc3/david/projs/hardware-software/part2/overlay/hsc_video/hsc_video.srcs/sources_1/bd/hsc_video/ipshared/66ea/hdl/axi_lite_ipif_v3_0_vh_rfs.vhd:1534]
INFO: [Synth 8-638] synthesizing module 'pselect_f__parameterized16' [/mnt/sdc3/david/projs/hardware-software/part2/overlay/hsc_video/hsc_video.srcs/sources_1/bd/hsc_video/ipshared/66ea/hdl/axi_lite_ipif_v3_0_vh_rfs.vhd:1534]
	Parameter C_AB bound to: 2 - type: integer 
	Parameter C_AW bound to: 9 - type: integer 
	Parameter C_BAR bound to: 9'b100000000 
	Parameter C_FAMILY bound to: nofamily - type: string 
INFO: [Synth 8-256] done synthesizing module 'pselect_f__parameterized16' (2#1) [/mnt/sdc3/david/projs/hardware-software/part2/overlay/hsc_video/hsc_video.srcs/sources_1/bd/hsc_video/ipshared/66ea/hdl/axi_lite_ipif_v3_0_vh_rfs.vhd:1534]
INFO: [Synth 8-638] synthesizing module 'pselect_f__parameterized17' [/mnt/sdc3/david/projs/hardware-software/part2/overlay/hsc_video/hsc_video.srcs/sources_1/bd/hsc_video/ipshared/66ea/hdl/axi_lite_ipif_v3_0_vh_rfs.vhd:1534]
	Parameter C_AB bound to: 1 - type: integer 
	Parameter C_AW bound to: 9 - type: integer 
	Parameter C_BAR bound to: 9'b000000000 
	Parameter C_FAMILY bound to: nofamily - type: string 
INFO: [Synth 8-256] done synthesizing module 'pselect_f__parameterized17' (2#1) [/mnt/sdc3/david/projs/hardware-software/part2/overlay/hsc_video/hsc_video.srcs/sources_1/bd/hsc_video/ipshared/66ea/hdl/axi_lite_ipif_v3_0_vh_rfs.vhd:1534]
INFO: [Synth 8-638] synthesizing module 'pselect_f__parameterized18' [/mnt/sdc3/david/projs/hardware-software/part2/overlay/hsc_video/hsc_video.srcs/sources_1/bd/hsc_video/ipshared/66ea/hdl/axi_lite_ipif_v3_0_vh_rfs.vhd:1534]
	Parameter C_AB bound to: 1 - type: integer 
	Parameter C_AW bound to: 1 - type: integer 
	Parameter C_BAR bound to: 1'b0 
	Parameter C_FAMILY bound to: nofamily - type: string 
INFO: [Synth 8-256] done synthesizing module 'pselect_f__parameterized18' (2#1) [/mnt/sdc3/david/projs/hardware-software/part2/overlay/hsc_video/hsc_video.srcs/sources_1/bd/hsc_video/ipshared/66ea/hdl/axi_lite_ipif_v3_0_vh_rfs.vhd:1534]
INFO: [Synth 8-638] synthesizing module 'pselect_f__parameterized19' [/mnt/sdc3/david/projs/hardware-software/part2/overlay/hsc_video/hsc_video.srcs/sources_1/bd/hsc_video/ipshared/66ea/hdl/axi_lite_ipif_v3_0_vh_rfs.vhd:1534]
	Parameter C_AB bound to: 1 - type: integer 
	Parameter C_AW bound to: 1 - type: integer 
	Parameter C_BAR bound to: 1'b1 
	Parameter C_FAMILY bound to: nofamily - type: string 
INFO: [Synth 8-256] done synthesizing module 'pselect_f__parameterized19' (2#1) [/mnt/sdc3/david/projs/hardware-software/part2/overlay/hsc_video/hsc_video.srcs/sources_1/bd/hsc_video/ipshared/66ea/hdl/axi_lite_ipif_v3_0_vh_rfs.vhd:1534]
INFO: [Synth 8-256] done synthesizing module 'address_decoder' (3#1) [/mnt/sdc3/david/projs/hardware-software/part2/overlay/hsc_video/hsc_video.srcs/sources_1/bd/hsc_video/ipshared/66ea/hdl/axi_lite_ipif_v3_0_vh_rfs.vhd:1775]
INFO: [Synth 8-226] default block is never used [/mnt/sdc3/david/projs/hardware-software/part2/overlay/hsc_video/hsc_video.srcs/sources_1/bd/hsc_video/ipshared/66ea/hdl/axi_lite_ipif_v3_0_vh_rfs.vhd:2550]
INFO: [Synth 8-256] done synthesizing module 'slave_attachment' (4#1) [/mnt/sdc3/david/projs/hardware-software/part2/overlay/hsc_video/hsc_video.srcs/sources_1/bd/hsc_video/ipshared/66ea/hdl/axi_lite_ipif_v3_0_vh_rfs.vhd:2341]
INFO: [Synth 8-256] done synthesizing module 'axi_lite_ipif' (5#1) [/mnt/sdc3/david/projs/hardware-software/part2/overlay/hsc_video/hsc_video.srcs/sources_1/bd/hsc_video/ipshared/66ea/hdl/axi_lite_ipif_v3_0_vh_rfs.vhd:2948]
INFO: [Synth 8-256] done synthesizing module 'axi_intc' (6#1) [/mnt/sdc3/david/projs/hardware-software/part2/overlay/hsc_video/hsc_video.srcs/sources_1/bd/hsc_video/ipshared/f78a/hdl/axi_intc_v4_1_vh_rfs.vhd:3553]
INFO: [Synth 8-256] done synthesizing module 'hsc_video_system_interrupts_0' (7#1) [/mnt/sdc3/david/projs/hardware-software/part2/overlay/hsc_video/hsc_video.srcs/sources_1/bd/hsc_video/ip/hsc_video_system_interrupts_0/synth/hsc_video_system_interrupts_0.vhd:85]
---------------------------------------------------------------------------------
Finished RTL Elaboration : Time (s): cpu = 00:00:05 ; elapsed = 00:00:14 . Memory (MB): peak = 2093.887 ; gain = 0.000 ; free physical = 3093 ; free virtual = 24061
---------------------------------------------------------------------------------
---------------------------------------------------------------------------------
Start Handling Custom Attributes
---------------------------------------------------------------------------------
---------------------------------------------------------------------------------
Finished Handling Custom Attributes : Time (s): cpu = 00:00:05 ; elapsed = 00:00:15 . Memory (MB): peak = 2093.887 ; gain = 0.000 ; free physical = 3177 ; free virtual = 24147
---------------------------------------------------------------------------------
---------------------------------------------------------------------------------
Finished RTL Optimization Phase 1 : Time (s): cpu = 00:00:05 ; elapsed = 00:00:15 . Memory (MB): peak = 2093.887 ; gain = 0.000 ; free physical = 3177 ; free virtual = 24147
---------------------------------------------------------------------------------
Netlist sorting complete. Time (s): cpu = 00:00:00.01 ; elapsed = 00:00:00.01 . Memory (MB): peak = 2093.887 ; gain = 0.000 ; free physical = 3173 ; free virtual = 24144
INFO: [Project 1-570] Preparing netlist for logic optimization

Processing XDC Constraints
Initializing timing engine
Parsing XDC File [/mnt/sdc3/david/projs/hardware-software/part2/overlay/hsc_video/hsc_video.srcs/sources_1/bd/hsc_video/ip/hsc_video_system_interrupts_0/hsc_video_system_interrupts_0_ooc.xdc] for cell 'U0'
Finished Parsing XDC File [/mnt/sdc3/david/projs/hardware-software/part2/overlay/hsc_video/hsc_video.srcs/sources_1/bd/hsc_video/ip/hsc_video_system_interrupts_0/hsc_video_system_interrupts_0_ooc.xdc] for cell 'U0'
Parsing XDC File [/mnt/sdc3/david/projs/hardware-software/part2/overlay/hsc_video/hsc_video.srcs/sources_1/bd/hsc_video/ip/hsc_video_system_interrupts_0/hsc_video_system_interrupts_0.xdc] for cell 'U0'
Finished Parsing XDC File [/mnt/sdc3/david/projs/hardware-software/part2/overlay/hsc_video/hsc_video.srcs/sources_1/bd/hsc_video/ip/hsc_video_system_interrupts_0/hsc_video_system_interrupts_0.xdc] for cell 'U0'
Parsing XDC File [/mnt/sdc3/david/projs/hardware-software/part2/overlay/hsc_video/hsc_video.runs/hsc_video_system_interrupts_0_synth_1/dont_touch.xdc]
Finished Parsing XDC File [/mnt/sdc3/david/projs/hardware-software/part2/overlay/hsc_video/hsc_video.runs/hsc_video_system_interrupts_0_synth_1/dont_touch.xdc]
Parsing XDC File [/mnt/sdc3/david/projs/hardware-software/part2/overlay/hsc_video/hsc_video.srcs/sources_1/bd/hsc_video/ip/hsc_video_system_interrupts_0/hsc_video_system_interrupts_0_clocks.xdc] for cell 'U0'
Finished Parsing XDC File [/mnt/sdc3/david/projs/hardware-software/part2/overlay/hsc_video/hsc_video.srcs/sources_1/bd/hsc_video/ip/hsc_video_system_interrupts_0/hsc_video_system_interrupts_0_clocks.xdc] for cell 'U0'
Completed Processing XDC Constraints

Netlist sorting complete. Time (s): cpu = 00:00:00 ; elapsed = 00:00:00 . Memory (MB): peak = 2131.703 ; gain = 0.000 ; free physical = 3018 ; free virtual = 24000
INFO: [Project 1-111] Unisim Transformation Summary:
No Unisim elements were transformed.

Constraint Validation Runtime : Time (s): cpu = 00:00:00.02 ; elapsed = 00:00:00.04 . Memory (MB): peak = 2131.703 ; gain = 0.000 ; free physical = 3017 ; free virtual = 23999
---------------------------------------------------------------------------------
Finished Constraint Validation : Time (s): cpu = 00:00:11 ; elapsed = 00:00:22 . Memory (MB): peak = 2131.703 ; gain = 37.816 ; free physical = 3018 ; free virtual = 23997
---------------------------------------------------------------------------------
---------------------------------------------------------------------------------
Start Loading Part and Timing Information
---------------------------------------------------------------------------------
Loading part: xc7z020clg400-1
---------------------------------------------------------------------------------
Finished Loading Part and Timing Information : Time (s): cpu = 00:00:11 ; elapsed = 00:00:22 . Memory (MB): peak = 2131.703 ; gain = 37.816 ; free physical = 3018 ; free virtual = 23996
---------------------------------------------------------------------------------
---------------------------------------------------------------------------------
Start Applying 'set_property' XDC Constraints
---------------------------------------------------------------------------------
Applied set_property DONT_TOUCH = true for U0. (constraint file  /mnt/sdc3/david/projs/hardware-software/part2/overlay/hsc_video/hsc_video.runs/hsc_video_system_interrupts_0_synth_1/dont_touch.xdc, line 9).
---------------------------------------------------------------------------------
Finished applying 'set_property' XDC Constraints : Time (s): cpu = 00:00:11 ; elapsed = 00:00:22 . Memory (MB): peak = 2131.703 ; gain = 37.816 ; free physical = 3017 ; free virtual = 23996
---------------------------------------------------------------------------------
INFO: [Synth 8-802] inferred FSM for state register 'state_reg' in module 'slave_attachment'
---------------------------------------------------------------------------------------------------
                   State |                     New Encoding |                Previous Encoding 
---------------------------------------------------------------------------------------------------
                 iSTATE2 |                             0001 |                               00
                  iSTATE |                             0010 |                               01
                 iSTATE0 |                             0100 |                               10
                 iSTATE1 |                             1000 |                               11
---------------------------------------------------------------------------------------------------
INFO: [Synth 8-3354] encoded FSM with state register 'state_reg' using encoding 'one-hot' in module 'slave_attachment'
---------------------------------------------------------------------------------
Finished RTL Optimization Phase 2 : Time (s): cpu = 00:00:11 ; elapsed = 00:00:23 . Memory (MB): peak = 2131.703 ; gain = 37.816 ; free physical = 3072 ; free virtual = 24056
---------------------------------------------------------------------------------
---------------------------------------------------------------------------------
Start RTL Component Statistics 
---------------------------------------------------------------------------------
Detailed RTL Component Info : 
+---Adders : 
	   2 Input    4 Bit       Adders := 1     
+---Registers : 
	               32 Bit    Registers := 2     
	                9 Bit    Registers := 1     
	                4 Bit    Registers := 2     
	                2 Bit    Registers := 15    
	                1 Bit    Registers := 116   
+---Muxes : 
	   7 Input   32 Bit        Muxes := 1     
	   2 Input   32 Bit        Muxes := 2     
	   2 Input   28 Bit        Muxes := 1     
	   2 Input   12 Bit        Muxes := 1     
	   2 Input    9 Bit        Muxes := 1     
	   6 Input    4 Bit        Muxes := 1     
	   2 Input    4 Bit        Muxes := 16    
	   3 Input    4 Bit        Muxes := 2     
	   4 Input    4 Bit        Muxes := 1     
	   7 Input    2 Bit        Muxes := 1     
	   2 Input    2 Bit        Muxes := 2     
	   2 Input    1 Bit        Muxes := 22    
	   4 Input    1 Bit        Muxes := 3     
---------------------------------------------------------------------------------
Finished RTL Component Statistics 
---------------------------------------------------------------------------------
---------------------------------------------------------------------------------
Start Part Resource Summary
---------------------------------------------------------------------------------
Part Resources:
DSPs: 220 (col length:60)
BRAMs: 280 (col length: RAMB18 60 RAMB36 30)
---------------------------------------------------------------------------------
Finished Part Resource Summary
---------------------------------------------------------------------------------
---------------------------------------------------------------------------------
Start Cross Boundary and Area Optimization
---------------------------------------------------------------------------------
---------------------------------------------------------------------------------
Finished Cross Boundary and Area Optimization : Time (s): cpu = 00:00:13 ; elapsed = 00:00:26 . Memory (MB): peak = 2131.703 ; gain = 37.816 ; free physical = 2984 ; free virtual = 23983
---------------------------------------------------------------------------------
---------------------------------------------------------------------------------
Start Applying XDC Timing Constraints
---------------------------------------------------------------------------------
---------------------------------------------------------------------------------
Finished Applying XDC Timing Constraints : Time (s): cpu = 00:00:19 ; elapsed = 00:00:33 . Memory (MB): peak = 2131.703 ; gain = 37.816 ; free physical = 2556 ; free virtual = 23558
---------------------------------------------------------------------------------
---------------------------------------------------------------------------------
Start Timing Optimization
---------------------------------------------------------------------------------
---------------------------------------------------------------------------------
Finished Timing Optimization : Time (s): cpu = 00:00:19 ; elapsed = 00:00:34 . Memory (MB): peak = 2131.703 ; gain = 37.816 ; free physical = 2541 ; free virtual = 23543
---------------------------------------------------------------------------------
---------------------------------------------------------------------------------
Start Technology Mapping
---------------------------------------------------------------------------------
---------------------------------------------------------------------------------
Finished Technology Mapping : Time (s): cpu = 00:00:20 ; elapsed = 00:00:34 . Memory (MB): peak = 2131.703 ; gain = 37.816 ; free physical = 2540 ; free virtual = 23542
---------------------------------------------------------------------------------
---------------------------------------------------------------------------------
Start IO Insertion
---------------------------------------------------------------------------------
---------------------------------------------------------------------------------
Start Flattening Before IO Insertion
---------------------------------------------------------------------------------
---------------------------------------------------------------------------------
Finished Flattening Before IO Insertion
---------------------------------------------------------------------------------
---------------------------------------------------------------------------------
Start Final Netlist Cleanup
---------------------------------------------------------------------------------
---------------------------------------------------------------------------------
Finished Final Netlist Cleanup
---------------------------------------------------------------------------------
---------------------------------------------------------------------------------
Finished IO Insertion : Time (s): cpu = 00:00:22 ; elapsed = 00:00:38 . Memory (MB): peak = 2131.703 ; gain = 37.816 ; free physical = 3003 ; free virtual = 23995
---------------------------------------------------------------------------------
---------------------------------------------------------------------------------
Start Renaming Generated Instances
---------------------------------------------------------------------------------
---------------------------------------------------------------------------------
Finished Renaming Generated Instances : Time (s): cpu = 00:00:22 ; elapsed = 00:00:38 . Memory (MB): peak = 2131.703 ; gain = 37.816 ; free physical = 3002 ; free virtual = 23995
---------------------------------------------------------------------------------
---------------------------------------------------------------------------------
Start Rebuilding User Hierarchy
---------------------------------------------------------------------------------
---------------------------------------------------------------------------------
Finished Rebuilding User Hierarchy : Time (s): cpu = 00:00:22 ; elapsed = 00:00:38 . Memory (MB): peak = 2131.703 ; gain = 37.816 ; free physical = 2990 ; free virtual = 23983
---------------------------------------------------------------------------------
---------------------------------------------------------------------------------
Start Renaming Generated Ports
---------------------------------------------------------------------------------
---------------------------------------------------------------------------------
Finished Renaming Generated Ports : Time (s): cpu = 00:00:22 ; elapsed = 00:00:38 . Memory (MB): peak = 2131.703 ; gain = 37.816 ; free physical = 2988 ; free virtual = 23981
---------------------------------------------------------------------------------
---------------------------------------------------------------------------------
Start Handling Custom Attributes
---------------------------------------------------------------------------------
---------------------------------------------------------------------------------
Finished Handling Custom Attributes : Time (s): cpu = 00:00:22 ; elapsed = 00:00:38 . Memory (MB): peak = 2131.703 ; gain = 37.816 ; free physical = 3005 ; free virtual = 23998
---------------------------------------------------------------------------------
---------------------------------------------------------------------------------
Start Renaming Generated Nets
---------------------------------------------------------------------------------
---------------------------------------------------------------------------------
Finished Renaming Generated Nets : Time (s): cpu = 00:00:22 ; elapsed = 00:00:38 . Memory (MB): peak = 2131.703 ; gain = 37.816 ; free physical = 3004 ; free virtual = 23997
---------------------------------------------------------------------------------
---------------------------------------------------------------------------------
Start Writing Synthesis Report
---------------------------------------------------------------------------------

Report BlackBoxes: 
+-+--------------+----------+
| |BlackBox name |Instances |
+-+--------------+----------+
+-+--------------+----------+

Report Cell Usage: 
+------+-----+------+
|      |Cell |Count |
+------+-----+------+
|1     |LUT1 |     2|
|2     |LUT2 |    34|
|3     |LUT3 |    16|
|4     |LUT4 |    36|
|5     |LUT5 |    70|
|6     |LUT6 |    61|
|7     |FDRE |   183|
|8     |FDSE |     2|
+------+-----+------+
---------------------------------------------------------------------------------
Finished Writing Synthesis Report : Time (s): cpu = 00:00:22 ; elapsed = 00:00:38 . Memory (MB): peak = 2131.703 ; gain = 37.816 ; free physical = 3004 ; free virtual = 23997
---------------------------------------------------------------------------------
Synthesis finished with 0 errors, 0 critical warnings and 0 warnings.
Synthesis Optimization Runtime : Time (s): cpu = 00:00:21 ; elapsed = 00:00:36 . Memory (MB): peak = 2131.703 ; gain = 0.000 ; free physical = 3058 ; free virtual = 24051
Synthesis Optimization Complete : Time (s): cpu = 00:00:22 ; elapsed = 00:00:38 . Memory (MB): peak = 2131.711 ; gain = 37.816 ; free physical = 3058 ; free virtual = 24051
INFO: [Project 1-571] Translating synthesized netlist
Netlist sorting complete. Time (s): cpu = 00:00:00.01 ; elapsed = 00:00:00.01 . Memory (MB): peak = 2131.711 ; gain = 0.000 ; free physical = 3138 ; free virtual = 24127
INFO: [Project 1-570] Preparing netlist for logic optimization
INFO: [Opt 31-138] Pushed 0 inverter(s) to 0 load pin(s).
Netlist sorting complete. Time (s): cpu = 00:00:00 ; elapsed = 00:00:00 . Memory (MB): peak = 2131.711 ; gain = 0.000 ; free physical = 3079 ; free virtual = 24068
INFO: [Project 1-111] Unisim Transformation Summary:
No Unisim elements were transformed.

INFO: [Common 17-83] Releasing license: Synthesis
73 Infos, 0 Warnings, 0 Critical Warnings and 0 Errors encountered.
synth_design completed successfully
synth_design: Time (s): cpu = 00:00:32 ; elapsed = 00:00:47 . Memory (MB): peak = 2131.711 ; gain = 37.961 ; free physical = 3201 ; free virtual = 24190
INFO: [Common 17-1381] The checkpoint '/mnt/sdc3/david/projs/hardware-software/part2/overlay/hsc_video/hsc_video.runs/hsc_video_system_interrupts_0_synth_1/hsc_video_system_interrupts_0.dcp' has been generated.
WARNING: [Common 17-576] 'use_project_ipc' is deprecated. This option is deprecated and no longer used.
INFO: [Coretcl 2-1648] Added synthesis output to IP cache for IP hsc_video_system_interrupts_0, cache-ID = 98e0f612f85d5ed8
INFO: [Coretcl 2-1174] Renamed 5 cell refs.
INFO: [Common 17-1381] The checkpoint '/mnt/sdc3/david/projs/hardware-software/part2/overlay/hsc_video/hsc_video.runs/hsc_video_system_interrupts_0_synth_1/hsc_video_system_interrupts_0.dcp' has been generated.
INFO: [runtcl-4] Executing : report_utilization -file hsc_video_system_interrupts_0_utilization_synth.rpt -pb hsc_video_system_interrupts_0_utilization_synth.pb
INFO: [Common 17-206] Exiting Vivado at Mon Mar  1 13:03:39 2021...
