INFO-FLOW: Workspace /mnt/sdc3/david/projs/hardware-software/part2/ip_cores/pixel_pack/solution1 opened at Mon Mar 01 13:00:40 CET 2021
Execute     set_part xc7z020clg400-1 -tool vivado 
Execute       ap_part_info -name xc7z020clg400-1 -data single -quiet 
Command       ap_part_info done; 0.7 sec.
Execute       ap_part_info -name xc7z020clg400-1 -data info 
Execute       add_library xilinx/zynq/zynq:xc7z020:-clg400:-1 
Execute         get_default_platform 
Execute         open_platform DefaultPlatform 
Execute         import_lib /home/david/Xilinx/Vivado/2020.1/common/technology/xilinx/zynq/zynq 
Execute           source /home/david/Xilinx/Vivado/2020.1/common/technology/xilinx/common/xilinx.lib 
Execute             source /home/david/Xilinx/Vivado/2020.1/common/technology/xilinx/interface/xilinx_interface.lib 
Execute               source /home/david/Xilinx/Vivado/2020.1/common/technology/xilinx/interface/plb46.lib 
Execute               source /home/david/Xilinx/Vivado/2020.1/common/technology/xilinx/interface/fsl.lib 
Execute               source /home/david/Xilinx/Vivado/2020.1/common/technology/xilinx/interface/axi4.lib 
Execute               source /home/david/Xilinx/Vivado/2020.1/common/technology/xilinx/interface/maxi.lib 
Execute               source /home/david/Xilinx/Vivado/2020.1/common/technology/xilinx/interface/saxilite.lib 
Execute             source /home/david/Xilinx/Vivado/2020.1/common/technology/xilinx/common/dsp48.lib 
Execute             source /home/david/Xilinx/Vivado/2020.1/common/technology/xilinx/ip/dds_compiler.lib 
Execute             source /home/david/Xilinx/Vivado/2020.1/common/technology/xilinx/ip/xfft.lib 
Execute             source /home/david/Xilinx/Vivado/2020.1/common/technology/xilinx/ip/xfir.lib 
Execute           source /home/david/Xilinx/Vivado/2020.1/common/technology/xilinx/common/xilinx.hlp 
Execute             source /home/david/Xilinx/Vivado/2020.1/common/technology/xilinx/common/target_info.tcl 
Execute             source /home/david/Xilinx/Vivado/2020.1/common/technology/xilinx/interface/xilinx_interface.hlp 
Execute               source /home/david/Xilinx/Vivado/2020.1/common/technology/xilinx/interface/maxi.hlp 
Execute               source /home/david/Xilinx/Vivado/2020.1/common/technology/xilinx/interface/saxilite.hlp 
Execute             source /home/david/Xilinx/Vivado/2020.1/common/technology/xilinx/common/dsp48.hlp 
Execute           source /home/david/Xilinx/Vivado/2020.1/common/technology/xilinx/zynq/dsp48e1.hlp 
Execute           source /home/david/Xilinx/Vivado/2020.1/common/technology/xilinx/common/xilinx.hlp 
Execute             source /home/david/Xilinx/Vivado/2020.1/common/technology/xilinx/common/target_info.tcl 
Execute             source /home/david/Xilinx/Vivado/2020.1/common/technology/xilinx/interface/xilinx_interface.hlp 
Execute               source /home/david/Xilinx/Vivado/2020.1/common/technology/xilinx/interface/maxi.hlp 
Execute               source /home/david/Xilinx/Vivado/2020.1/common/technology/xilinx/interface/saxilite.hlp 
Execute             source /home/david/Xilinx/Vivado/2020.1/common/technology/xilinx/common/dsp48.hlp 
Execute         source /home/david/Xilinx/Vivado/2020.1/common/technology/xilinx/zynq/zynq.gen 
Execute           source /home/david/Xilinx/Vivado/2020.1/common/technology/xilinx/common/xilinx.gen 
Execute             source /home/david/Xilinx/Vivado/2020.1/common/technology/xilinx/interface/plb46.gen 
Execute             source /home/david/Xilinx/Vivado/2020.1/common/technology/xilinx/interface/fsl.gen 
Execute             source /home/david/Xilinx/Vivado/2020.1/common/technology/xilinx/interface/axi4.gen 
Execute             source /home/david/Xilinx/Vivado/2020.1/common/technology/xilinx/interface/nativeAXI4.gen 
Execute               source /home/david/Xilinx/Vivado/2020.1/common/technology/xilinx/interface/saxilite.gen 
Execute               source /home/david/Xilinx/Vivado/2020.1/common/technology/xilinx/interface/maxi.gen 
Execute             source /home/david/Xilinx/Vivado/2020.1/common/technology/xilinx/scripts/xilinxcoregen.gen 
Execute             source /home/david/Xilinx/Vivado/2020.1/common/technology/xilinx/interface/XilEDKCoreGen.gen 
Execute             source /home/david/Xilinx/Vivado/2020.1/common/technology/xilinx/ip/dds_compiler.gen 
Execute             source /home/david/Xilinx/Vivado/2020.1/common/technology/xilinx/ip/util.gen 
Execute             source /home/david/Xilinx/Vivado/2020.1/common/technology/xilinx/ip/xfft.gen 
Execute             source /home/david/Xilinx/Vivado/2020.1/common/technology/xilinx/ip/xfir.gen 
Execute             source /home/david/Xilinx/Vivado/2020.1/common/technology/xilinx/common/dsp48.gen 
Execute         ap_part_info -data single -name xc7z020-clg400-1 
Execute         ap_part_info -name xc7z020-clg400-1 -data resources 
Execute         ap_part_info -name xc7z020-clg400-1 -data info 
Execute         ap_part_info -name xc7z020-clg400-1 -data info 
Execute         config_chip_info -quiet -resource {SLICE 13300} {LUT 53200} {FF 106400} {DSP48E 220} {BRAM 280} {URAM 0} 
Execute         ap_part_info -name xc7z020-clg400-1 -data info 
Execute         config_chip_info -quiet -speed slow 
Execute       add_library xilinx/zynq/zynq_fpv6 
Execute         get_default_platform 
Execute         open_platform DefaultPlatform 
Execute         import_lib /home/david/Xilinx/Vivado/2020.1/common/technology/xilinx/zynq/zynq_fpv6 
Execute           source /home/david/Xilinx/Vivado/2020.1/common/technology/xilinx/common/xilinx_fp.lib 
Execute           source /home/david/Xilinx/Vivado/2020.1/common/technology/xilinx/common/xilinx_fp.hlp 
Execute             source /home/david/Xilinx/Vivado/2020.1/common/technology/xilinx/common/xilinx.hlp 
Execute               source /home/david/Xilinx/Vivado/2020.1/common/technology/xilinx/common/target_info.tcl 
Execute               source /home/david/Xilinx/Vivado/2020.1/common/technology/xilinx/interface/xilinx_interface.hlp 
Execute                 source /home/david/Xilinx/Vivado/2020.1/common/technology/xilinx/interface/maxi.hlp 
Execute                 source /home/david/Xilinx/Vivado/2020.1/common/technology/xilinx/interface/saxilite.hlp 
Execute               source /home/david/Xilinx/Vivado/2020.1/common/technology/xilinx/common/dsp48.hlp 
Execute         source /home/david/Xilinx/Vivado/2020.1/common/technology/xilinx/zynq/zynq_fpv6.gen 
Execute           source /home/david/Xilinx/Vivado/2020.1/common/technology/xilinx/common/xilinx_fp.gen 
INFO: [HLS 200-10] Setting target device to 'xc7z020-clg400-1'
Execute       ap_part_info -name xc7z020-clg400-1 -data info 
Execute       get_default_platform 
Command     set_part done; 0.87 sec.
Execute     create_clock -period 7 -name default 
Execute       config_clock -quiet -name default -period 7 -default=false 
INFO: [SYN 201-201] Setting up clock 'default' with a period of 7ns.
Execute     create_clock -period 10 -name control 
Execute       config_clock -quiet -name control -period 10 -default=false 
INFO: [SYN 201-201] Setting up clock 'control' with a period of 10ns.
Execute     csynth_design 
Execute       get_config_compile -dump_cfg 
Execute       get_config_compile -effort 
Execute       get_config_compile -enable_clang39 
Execute       get_config_compile -g 
Execute       get_config_compile -ng 
Execute       get_config_compile -opt_fp 
Execute       get_config_compile -skip_cdt 
Execute       get_config_compile -skip_syncheck 
Execute       get_config_compile -skip_transform 
Execute       get_config_compile -keep_printf 
Execute       elaborate -effort=medium -skip_syncheck=0 -keep_printf=0 -skip_cdt=0 -skip_transform=0 -ng=0 -g=0 -opt_fp=0 -from_csynth_design=1 
Execute         get_config_schedule -relax_ii_for_timing 
INFO: [SCHED 204-61] Option 'relax_ii_for_timing' is enabled, will increase II to preserve clock frequency constraints.
Execute         get_config_schedule -suppress_dependence_error_break 
INFO: [HLS 200-10] Analyzing design file 'pixel_pack/pixel_pack.cpp' ... 
INFO-FLOW: Compiling one TU...
Execute         is_m_axi_addr64 
INFO-FLOW: Handling pixel_pack/pixel_pack.cpp as C++
Execute         ap_part_info -name xc7z020-clg400-1 -data info 
Execute         is_encrypted pixel_pack/pixel_pack.cpp 
Execute         ap_part_info -name xc7z020-clg400-1 -data info 
INFO-FLOW: Running: GCC PP
INFO-FLOW: Source preprocessing
Execute         clang  -fno-limit-debug-info -gcc-toolchain "/home/david/Xilinx/Vivado/2020.1/lnx64/tools/gcc" -hls  -fno-exceptions  -D__llvm__  -E "pixel_pack/pixel_pack.cpp"     -fno-math-errno -c -emit-llvm -O0  -mllvm -disable-llvm-optzns -fno-threadsafe-statics  -fno-use-cxa-atexit  -fno-threadsafe-statics -fno-use-cxa-atexit -D__CLANG_3_1__ -DAESL_SYN -D__SYNTHESIS__ -D__HLS_SYN__ -I "/home/david/Xilinx/Vivado/2020.1/common/technology/autopilot" -I "/home/david/Xilinx/Vivado/2020.1/common/technology/autopilot/ap_sysc" -include etc/autopilot_ssdm_op.h -D__DSP48E1__  -o "/mnt/sdc3/david/projs/hardware-software/part2/ip_cores/pixel_pack/solution1/.autopilot/db/pixel_pack.pp.0.cpp" 
INFO-FLOW: exec /home/david/Xilinx/Vivado/2020.1/lnx64/tools/clang/bin/clang -fno-limit-debug-info -gcc-toolchain /home/david/Xilinx/Vivado/2020.1/lnx64/tools/gcc -hls -fno-exceptions -D__llvm__ -E pixel_pack/pixel_pack.cpp -fno-math-errno -c -emit-llvm -O0 -mllvm -disable-llvm-optzns -fno-threadsafe-statics -fno-use-cxa-atexit -fno-threadsafe-statics -fno-use-cxa-atexit -D__CLANG_3_1__ -DAESL_SYN -D__SYNTHESIS__ -D__HLS_SYN__ -I /home/david/Xilinx/Vivado/2020.1/common/technology/autopilot -I /home/david/Xilinx/Vivado/2020.1/common/technology/autopilot/ap_sysc -include etc/autopilot_ssdm_op.h -D__DSP48E1__ -o /mnt/sdc3/david/projs/hardware-software/part2/ip_cores/pixel_pack/solution1/.autopilot/db/pixel_pack.pp.0.cpp
Command         clang done; 1.7 sec.
Execute         tidy_31 xilinx-xfmat-array-geometry /mnt/sdc3/david/projs/hardware-software/part2/ip_cores/pixel_pack/solution1/.autopilot/db/pixel_pack.pp.0.cpp std=gnu++98 
INFO-FLOW: exec /home/david/Xilinx/Vivado/2020.1/lnx64/tools/clang-3.9-csynth/bin/tidy-3.1 -header-filter=.* -checks=-*,xilinx-xfmat-array-geometry -quiet -fix /mnt/sdc3/david/projs/hardware-software/part2/ip_cores/pixel_pack/solution1/.autopilot/db/pixel_pack.pp.0.cpp -- -std=gnu++98 -fhls -ferror-limit=0
Command         tidy_31 done; 0.6 sec.
INFO-FLOW: Syntax Checking before pre-processing...
Execute         clang -syntaxcheck -src /mnt/sdc3/david/projs/hardware-software/part2/ip_cores/pixel_pack/solution1/.autopilot/db/pixel_pack.pp.0.cpp  -fno-limit-debug-info -gcc-toolchain "/home/david/Xilinx/Vivado/2020.1/lnx64/tools/gcc" -hls    -fno-math-errno -c -emit-llvm -O0  -mllvm -disable-llvm-optzns -fno-threadsafe-statics  -fno-use-cxa-atexit  -fno-threadsafe-statics -fno-use-cxa-atexit -D__CLANG_3_1__ -DAESL_SYN -D__SYNTHESIS__ -D__HLS_SYN__ -I "/home/david/Xilinx/Vivado/2020.1/common/technology/autopilot" -I "/home/david/Xilinx/Vivado/2020.1/common/technology/autopilot/ap_sysc" -include etc/autopilot_ssdm_op.h -D__DSP48E1__  "/mnt/sdc3/david/projs/hardware-software/part2/ip_cores/pixel_pack/solution1/.autopilot/db/pixel_pack.pp.0.cpp"  -o "/mnt/sdc3/david/projs/hardware-software/part2/ip_cores/pixel_pack/solution1/.autopilot/db/useless.bc"  
INFO-FLOW: exec /home/david/Xilinx/Vivado/2020.1/lnx64/tools/clang/bin/clang -fno-limit-debug-info -gcc-toolchain /home/david/Xilinx/Vivado/2020.1/lnx64/tools/gcc -hls -fno-math-errno -c -emit-llvm -O0 -mllvm -disable-llvm-optzns -fno-threadsafe-statics -fno-use-cxa-atexit -fno-threadsafe-statics -fno-use-cxa-atexit -D__CLANG_3_1__ -DAESL_SYN -D__SYNTHESIS__ -D__HLS_SYN__ -I /home/david/Xilinx/Vivado/2020.1/common/technology/autopilot -I /home/david/Xilinx/Vivado/2020.1/common/technology/autopilot/ap_sysc -include etc/autopilot_ssdm_op.h -D__DSP48E1__ /mnt/sdc3/david/projs/hardware-software/part2/ip_cores/pixel_pack/solution1/.autopilot/db/pixel_pack.pp.0.cpp -o /mnt/sdc3/david/projs/hardware-software/part2/ip_cores/pixel_pack/solution1/.autopilot/db/useless.bc
Command         clang done; 1.98 sec.
INFO-FLOW: Done: GCC PP time: 4.3 seconds per iteration
Execute         source /home/david/Xilinx/Vivado/2020.1/tps/tcl/tcllib1.11.1/yaml/huddle.tcl 
Execute         source /home/david/Xilinx/Vivado/2020.1/tps/tcl/tcllib1.11.1/yaml/json2huddle.tcl 
Execute           source /home/david/Xilinx/Vivado/2020.1/tps/tcl/tcllib1.11.1/try/try.tcl 
Execute         list_core -type functional_unit 
Execute         tidy_31 xilinx-systemc-detector /mnt/sdc3/david/projs/hardware-software/part2/ip_cores/pixel_pack/solution1/.autopilot/db/pixel_pack.pp.0.cpp std=gnu++98 -directive=/mnt/sdc3/david/projs/hardware-software/part2/ip_cores/pixel_pack/solution1/.autopilot/db/.systemc_flag 
INFO-FLOW: exec /home/david/Xilinx/Vivado/2020.1/lnx64/tools/clang-3.9-csynth/bin/tidy-3.1 -header-filter=.* -checks=-*,xilinx-systemc-detector -import-directive=/mnt/sdc3/david/projs/hardware-software/part2/ip_cores/pixel_pack/solution1/.autopilot/db/.systemc_flag -quiet -fix-errors /mnt/sdc3/david/projs/hardware-software/part2/ip_cores/pixel_pack/solution1/.autopilot/db/pixel_pack.pp.0.cpp -- -std=gnu++98 -fhls -ferror-limit=0
Command         tidy_31 done; 0.55 sec.
INFO-FLOW: Running: tidy-3.1 CDT preprocess
Execute         tidy_31 xilinx-directive2pragma /mnt/sdc3/david/projs/hardware-software/part2/ip_cores/pixel_pack/solution1/.autopilot/db/pixel_pack.pp.0.cpp std=gnu++98 -directive=/mnt/sdc3/david/projs/hardware-software/part2/ip_cores/pixel_pack/solution1/.autopilot/db/all.directive.json 
INFO-FLOW: exec /home/david/Xilinx/Vivado/2020.1/lnx64/tools/clang-3.9-csynth/bin/tidy-3.1 -header-filter=.* -checks=-*,xilinx-directive2pragma -import-directive=/mnt/sdc3/david/projs/hardware-software/part2/ip_cores/pixel_pack/solution1/.autopilot/db/all.directive.json -quiet -fix-errors /mnt/sdc3/david/projs/hardware-software/part2/ip_cores/pixel_pack/solution1/.autopilot/db/pixel_pack.pp.0.cpp -- -std=gnu++98 -fhls -ferror-limit=0
Command         tidy_31 done; 0.61 sec.
Execute         get_config_dataflow -strict_mode 
Execute         ap_eval exec -ignorestderr /home/david/Xilinx/Vivado/2020.1/lnx64/tools/clang-3.9-csynth/bin/xilinx-dataflow-lawyer -export-fixes=/mnt/sdc3/david/projs/hardware-software/part2/ip_cores/pixel_pack/solution1/.autopilot/db/xilinx-dataflow-lawyer.pixel_pack.pp.0.cpp.diag.yml /mnt/sdc3/david/projs/hardware-software/part2/ip_cores/pixel_pack/solution1/.autopilot/db/pixel_pack.pp.0.cpp -- -std=gnu++98 -fhls -ferror-limit=0 -fstrict-dataflow > /mnt/sdc3/david/projs/hardware-software/part2/ip_cores/pixel_pack/solution1/.autopilot/db/xilinx-dataflow-lawyer.pixel_pack.pp.0.cpp.out.log 2> /mnt/sdc3/david/projs/hardware-software/part2/ip_cores/pixel_pack/solution1/.autopilot/db/xilinx-dataflow-lawyer.pixel_pack.pp.0.cpp.err.log 
Command         ap_eval done; 0.59 sec.
Execute         tidy_31 -errorcheck xilinx-constantarray-param,xilinx-resource-pragma-transformer,xilinx-xfmat-array-geometry /mnt/sdc3/david/projs/hardware-software/part2/ip_cores/pixel_pack/solution1/.autopilot/db/pixel_pack.pp.0.cpp std=gnu++98 
Execute           ap_eval exec -ignorestderr /home/david/Xilinx/Vivado/2020.1/lnx64/tools/clang-3.9-csynth/bin/tidy-3.1 -export-fixes=/mnt/sdc3/david/projs/hardware-software/part2/ip_cores/pixel_pack/solution1/.autopilot/db/tidy-3.1.pixel_pack.pp.0.cpp.diag.yml -header-filter=.* -checks=-*,xilinx-constantarray-param,xilinx-resource-pragma-transformer,xilinx-xfmat-array-geometry -quiet -fix-errors /mnt/sdc3/david/projs/hardware-software/part2/ip_cores/pixel_pack/solution1/.autopilot/db/pixel_pack.pp.0.cpp -- -std=gnu++98 -fhls -ferror-limit=0 > /mnt/sdc3/david/projs/hardware-software/part2/ip_cores/pixel_pack/solution1/.autopilot/db/tidy-3.1.pixel_pack.pp.0.cpp.out.log 2> /mnt/sdc3/david/projs/hardware-software/part2/ip_cores/pixel_pack/solution1/.autopilot/db/tidy-3.1.pixel_pack.pp.0.cpp.err.log 
Command           ap_eval done; 0.67 sec.
Execute           ap_eval exec -ignorestderr /home/david/Xilinx/Vivado/2020.1/lnx64/tools/clang-3.9-csynth/bin/xilinx-legacy-rewriter /mnt/sdc3/david/projs/hardware-software/part2/ip_cores/pixel_pack/solution1/.autopilot/db/pixel_pack.pp.0.cpp -- -std=gnu++98 -fhls -ferror-limit=0 > /mnt/sdc3/david/projs/hardware-software/part2/ip_cores/pixel_pack/solution1/.autopilot/db/xilinx-legacy-rewriter.pixel_pack.pp.0.cpp.out.log 2> /mnt/sdc3/david/projs/hardware-software/part2/ip_cores/pixel_pack/solution1/.autopilot/db/xilinx-legacy-rewriter.pixel_pack.pp.0.cpp.err.log 
Command           ap_eval done; 0.45 sec.
Command         tidy_31 done; 1.12 sec.
INFO-FLOW: Done: tidy-3.1 CDT preprocess time: 2.3 seconds per iteration
INFO-FLOW: Pragma Handling...
Execute         tidy_31 xilinx-ssdm-intrinsics-arguments /mnt/sdc3/david/projs/hardware-software/part2/ip_cores/pixel_pack/solution1/.autopilot/db/pixel_pack.pragma.1.cpp std=gnu++98 
INFO-FLOW: exec /home/david/Xilinx/Vivado/2020.1/lnx64/tools/clang-3.9-csynth/bin/tidy-3.1 -header-filter=.* -checks=-*,xilinx-ssdm-intrinsics-arguments -quiet -fix-errors /mnt/sdc3/david/projs/hardware-software/part2/ip_cores/pixel_pack/solution1/.autopilot/db/pixel_pack.pragma.1.cpp -- -std=gnu++98 -fhls -ferror-limit=0
Command         tidy_31 done; 0.99 sec.
Execute         ap_part_info -name xc7z020-clg400-1 -data info 
INFO-FLOW: Processing labels
Execute         clang -src /mnt/sdc3/david/projs/hardware-software/part2/ip_cores/pixel_pack/solution1/.autopilot/db/pixel_pack.pragma.2.cpp  -fno-limit-debug-info -gcc-toolchain /home/david/Xilinx/Vivado/2020.1/lnx64/tools/gcc -hls -hls-analyze-label -hls-analyze-pragma -fno-exceptions  -D__llvm__  -w  "/mnt/sdc3/david/projs/hardware-software/part2/ip_cores/pixel_pack/solution1/.autopilot/db/pixel_pack.pragma.2.cpp"    -fno-math-errno -c -emit-llvm -O0  -mllvm -disable-llvm-optzns -fno-threadsafe-statics  -fno-use-cxa-atexit -DAESL_SYN -D__SYNTHESIS__ -D__HLS_SYN__ -I "/home/david/Xilinx/Vivado/2020.1/common/technology/autopilot" -I "/home/david/Xilinx/Vivado/2020.1/common/technology/autopilot/ap_sysc" -include etc/autopilot_ssdm_op.h -D__DSP48E1__ -g -o "/mnt/sdc3/david/projs/hardware-software/part2/ip_cores/pixel_pack/solution1/.autopilot/db/pixel_pack.bc" 
INFO-FLOW: exec /home/david/Xilinx/Vivado/2020.1/lnx64/tools/clang/bin/clang -fno-limit-debug-info -gcc-toolchain /home/david/Xilinx/Vivado/2020.1/lnx64/tools/gcc -hls -hls-analyze-label -hls-analyze-pragma -fno-exceptions -D__llvm__ -w /mnt/sdc3/david/projs/hardware-software/part2/ip_cores/pixel_pack/solution1/.autopilot/db/pixel_pack.pragma.2.cpp -fno-math-errno -c -emit-llvm -O0 -mllvm -disable-llvm-optzns -fno-threadsafe-statics -fno-use-cxa-atexit -DAESL_SYN -D__SYNTHESIS__ -D__HLS_SYN__ -I /home/david/Xilinx/Vivado/2020.1/common/technology/autopilot -I /home/david/Xilinx/Vivado/2020.1/common/technology/autopilot/ap_sysc -include etc/autopilot_ssdm_op.h -D__DSP48E1__ -g -o /mnt/sdc3/david/projs/hardware-software/part2/ip_cores/pixel_pack/solution1/.autopilot/db/pixel_pack.bc
Command         clang done; 1.97 sec.
INFO-FLOW: Linking Debug ...
Execute         llvm-ld /mnt/sdc3/david/projs/hardware-software/part2/ip_cores/pixel_pack/solution1/.autopilot/db/pixel_pack.g.bc -hls-opt -except-internalize pixel_pack -L/home/david/Xilinx/Vivado/2020.1/lnx64/lib -lhlsm -lhlsmc++ -o /mnt/sdc3/david/projs/hardware-software/part2/ip_cores/pixel_pack/solution1/.autopilot/db/a.g 
Command         llvm-ld done; 0.84 sec.
INFO: [HLS 200-111] Finished Linking Time (s): cpu = 00:00:12 ; elapsed = 00:00:12 . Memory (MB): peak = 1506.367 ; gain = 1097.754 ; free physical = 4696 ; free virtual = 26266
INFO: [HLS 200-111] Finished Checking Pragmas Time (s): cpu = 00:00:12 ; elapsed = 00:00:12 . Memory (MB): peak = 1506.367 ; gain = 1097.754 ; free physical = 4704 ; free virtual = 26274
Execute         get_config_sdx -target 
Execute         opt_and_import_c a -opt_level=2 -skip_syncheck=0 -ng=0 -keep_printf=0 
Execute           cleanup_all_models 
INFO: [HLS 200-10] Starting code transformations ...
Execute           transform -promote-dbg-pointer /mnt/sdc3/david/projs/hardware-software/part2/ip_cores/pixel_pack/solution1/.autopilot/db/a.pp.bc -o /mnt/sdc3/david/projs/hardware-software/part2/ip_cores/pixel_pack/solution1/.autopilot/db/a.pp.0.bc -f 
Execute           llvm-ld /mnt/sdc3/david/projs/hardware-software/part2/ip_cores/pixel_pack/solution1/.autopilot/db/a.pp.0.bc -disable-opt -L/home/david/Xilinx/Vivado/2020.1/lnx64/lib -lfloatconversion -o /mnt/sdc3/david/projs/hardware-software/part2/ip_cores/pixel_pack/solution1/.autopilot/db/a.g.0 
Command           llvm-ld done; 0.84 sec.
INFO-FLOW: Running Standard Transforms...
Execute           transform -hls -share-std-xform -demangle-name -inline-byval-memcpy -always-inline -stream-depth-lower -promote-dbg-pointer -interface-preproc -mem2reg -scalarrepl -mem2reg -keep-read-access -instcombine -dce -promote-dbg-pointer -bitop-raise -loop-simplify -indvarspre -indvars -loop-simplify -xunroll -constprop -instcombine -simplifycfg -indvars -simplifycfg -dce -globaldce -basicaa -simplifycfg -mem2reg -globalopt -global-constprop -deadargelim -instcombine -simplifycfg -prune-eh -simplifycfg -scalarrepl -instcombine -reassociate -licm -simplifycfg -loop-simplify -indvars -instcombine -simplifycfg -mem2reg -loop-simplify -indvars -instcombine -gvn -gvn -instcombine -adce -break-crit-edges -simplifycfg -loop-delete -global-array-opt -dce -dse -adce -find-syn-modules -top pixel_pack -deadargelim -mem2reg -instcombine -dce -presyn-prepare -auto-rom-infer -interface-preproc -syn-check -check-rec-only -find-region -simplifycfg -func-extr -function-inline -globaldce -mem2reg -instcombine -dce -gvn -globaldce -adce -adse -constprop -instcombine -bit-constprop -instcombine -dce -simplifycfg -bitop-raise -simplifycfg -dce -loop-delete -reassociate -globalopt -global-privatize -mem2reg -dce -global-constprop -pointer-simplify -constprop -dce -func-inst -deadargelim -auto-shift-reg-idiom -promote-dbg-pointer -norm-name /mnt/sdc3/david/projs/hardware-software/part2/ip_cores/pixel_pack/solution1/.autopilot/db/a.g.0.bc -o /mnt/sdc3/david/projs/hardware-software/part2/ip_cores/pixel_pack/solution1/.autopilot/db/a.g.1.bc -f -phase std-opt 
INFO: [HLS 200-111] Finished Standard Transforms Time (s): cpu = 00:00:13 ; elapsed = 00:00:13 . Memory (MB): peak = 1506.367 ; gain = 1097.754 ; free physical = 4713 ; free virtual = 26284
INFO: [HLS 200-10] Checking synthesizability ...
INFO-FLOW: Checking Synthesizability 1/2..
Execute           transform -hls -syn-check -check-rec-only -disaggr -scalarrepl -norm-name -dce -mem2reg -instcombine -function-uniquify -directive-preproc -mem2reg -dse -dce -auto-rom-infer -dce -pag -array-normalize -instcombine -dce -warn-fifo-pointer -array-seg-normalize -instcombine -dce -array-flatten -instcombine -dce -array-burst -dce -deadargelim -promote-global-argument -simplifycfg -mem2reg -globaldce -dce -deadargelim -dce -instcombine -function-inline -globaldce -dce -doublePtrSimplify -doublePtrElim -dce -doublePtrSimplify -promote-dbg-pointer -dce -scalarrepl -dse -adse -instcombine -ptrLegalization -simplifycfg -dce -instcombine -pointer-simplify -ptrArgReplace -dce -instcombine -resolve-double-ptr -disaggr -scalarrepl -norm-name -dce -mem2reg -instcombine -ptrLegalization -simplifycfg -deadargelim -instcombine -dce -inst-simplify -function-uniquify -directive-preproc -mem2reg -dse -dce -globaldce -check-dspbuiltin /mnt/sdc3/david/projs/hardware-software/part2/ip_cores/pixel_pack/solution1/.autopilot/db/a.g.1.bc -o /mnt/sdc3/david/projs/hardware-software/part2/ip_cores/pixel_pack/solution1/.autopilot/db/a.g.2.prechk.bc -f 
INFO-FLOW: Checking Synthesizability 2/2..
Execute           transform -syn-check /mnt/sdc3/david/projs/hardware-software/part2/ip_cores/pixel_pack/solution1/.autopilot/db/a.g.2.prechk.bc -o /mnt/sdc3/david/projs/hardware-software/part2/ip_cores/pixel_pack/solution1/.autopilot/db/a.g.2.bc -f -phase syn-check 
WARNING: [SYNCHK 200-23] pixel_pack/pixel_pack.cpp:50: variable-indexed range selection may cause suboptimal QoR.
INFO: [SYNCHK 200-10] 0 error(s), 1 warning(s).
INFO: [HLS 200-111] Finished Checking Synthesizability Time (s): cpu = 00:00:13 ; elapsed = 00:00:13 . Memory (MB): peak = 1506.367 ; gain = 1097.754 ; free physical = 4708 ; free virtual = 26279
INFO-FLOW: Compiler optimizing ...
INFO-FLOW: Share syncheck's 1.bc for syn flow: copy /mnt/sdc3/david/projs/hardware-software/part2/ip_cores/pixel_pack/solution1/.autopilot/db/a.g.1.bc to /mnt/sdc3/david/projs/hardware-software/part2/ip_cores/pixel_pack/solution1/.autopilot/db/a.o.1.bc
INFO-FLOW: Presyn 1...
Execute           transform -hls -tmp /mnt/sdc3/david/projs/hardware-software/part2/ip_cores/pixel_pack/solution1/.autopilot/db -interface-port-rename -type-info -function-uniquify -directive-preproc -mem2reg -dse -dce -disaggr -scalarrepl -norm-name -deadargelim -mem2reg -instcombine -dce -simplifycfg -auto-rom-infer -dce -function-uniquify -resource-proc -clib-intrinsic-prepare -dce -func-buffer -dce -pag -array-normalize -func-legal -instcombine -gvn -constprop -dce -simplifycfg -mem2reg -globaldce -resolve-double-ptr -dce -deadargelim -dce -instcombine -ptrArgReplace -mem2reg -dce -array-seg-normalize -deadargelim -instcombine -dce -pointer-simplify -dce -port-alignment -dce -interface-preproc -data-pack -instcombine -dce -basicaa -aggr-aa -aggrmodref-aa -aggr-aa -gvn -gvn -basicaa -aggr-aa -aggrmodref-aa -aggr-aa -dse -adse -adce -loop-simplify -indvars -instcombine -gvn -loop-simplify -mem2reg -dce -find-region -instcombine -auto-loop-pipeline -inst-simplify -interface-preproc -cfgopt -instcombine -indvars -auto-loop-unroll -loop-simplify -loop-bound -xunroll -constprop -instcombine -simplifycfg -indvars -simplifycfg -dce -globaldce -clean-region -attach-range -gvn -inst-simplify -constprop -simplifycfg -dce -pointer-simplify -dce -globalopt -constprop -dce -array-promote -constprop -dce -ptrArgReplace -mem2reg -simplifycfg -dce -auto-par -instcombine -dce -array-transform-check -array-reshape -instcombine -simplifycfg -dce -ptrArgReplace -deadargelim -mem2reg -instcombine -simplifycfg -dce -indvars -loop-simplify -loop-bound -xunroll -constprop -instcombine -simplifycfg -indvars -simplifycfg -dce -globaldce -basicaa -aggr-aa -aggrmodref-aa -aggr-aa -dse -duplicate-dataflow-processes -globaldce -instcombine -array-partition -instcombine -simplifycfg -dce -ptrArgReplace -global-constprop -deadargelim -mem2reg -func-legal -dce -global-constprop -deadargelim -mem2reg -simplifycfg -dce -merge-param -deadargelim -globalopt -constprop -dce -array-promote -constprop -dce -ptrArgReplace -mem2reg -simplifycfg -dce -mem-intrinsic-preproc -dce -global-internalize -global-privatize -mem2reg -globaldce -promote-global-argument -ptrArgReplace -mem2reg -dce -globalopt -mergereturn -simplify-global-access -mem2reg -dce -pointer-simplify -dce -functionattrs -basicaa -aggr-aa -aggrmodref-aa -aggr-aa -gvn -gvn -basicaa -aggr-aa -aggrmodref-aa -aggr-aa -dse -adse -adce -dce -norm-name -function-inline -complex-op-raise -inst-simplify -globaldce -func-inst -constprop -instcombine -simplifycfg -dce -func-legal -dce -loop-bound -arraycheck -bitwidthmin -on-by-dataflow -loop-delete -instcombine -simplifycfg -globaldce -dce -gvn -deadargelim -dce -loop-simplify -clean-region -simplifycfg -propagate-stable-arguments -loop-stream -instcombine -simplifycfg -dce -globaldce -duplicate-dataflow-processes -stream-intrinsic-preproc -dce -check-ap-stream -loop-simplify -eliminate-keepreads -extract-dataflow-in-loop -loop-simplify -dce -gvn -deadargelim -dse -check-dataflow-syntax -legalize-stream-variable -legalize-global -extract-subproc -dce -dead-channel-elimination -canonicalize-gep -globaldce -dce -gvn -deadargelim -annotate-dataflow-channels -scalar-propagation -deadargelim -globaldce -mem2reg -check-dataflow-channels -function-stream -dce -globaldce -prop-fifo-spec -internal-stream-gen -canonicalize-gep -globaldce -dce -gvn -deadargelim -mergereturn -indvars -loop-simplify -instcombine -array-stream -array-seg-normalize -array-partition -func-legal -instcombine -simplifycfg -dce -bundle-memfifo-ops -deadargelim -function-uniquify -directive-preproc -mem2reg -dse -dce -group-axi-access -licm -simplifycfg -dce -loop-delete -norm-name /mnt/sdc3/david/projs/hardware-software/part2/ip_cores/pixel_pack/solution1/.autopilot/db/a.o.1.bc -o /mnt/sdc3/david/projs/hardware-software/part2/ip_cores/pixel_pack/solution1/.autopilot/db/a.o.1.tmp.bc -f 
WARNING: [XFORM 203-1103] Ignored data pack directive on non-struct variable 'stream_out_32.data.V' (pixel_pack/pixel_pack.cpp:28).
WARNING: [XFORM 203-1103] Ignored data pack directive on non-struct variable 'stream_in_24.data.V' (pixel_pack/pixel_pack.cpp:28).
INFO: [XFORM 203-502] Unrolling all sub-loops inside loop 'Loop-1' (pixel_pack/pixel_pack.cpp:42) in function 'pixel_pack' for pipelining.
INFO: [XFORM 203-502] Unrolling all sub-loops inside loop 'Loop-3' (pixel_pack/pixel_pack.cpp:82) in function 'pixel_pack' for pipelining.
INFO: [XFORM 203-502] Unrolling all sub-loops inside loop 'Loop-4' (pixel_pack/pixel_pack.cpp:104) in function 'pixel_pack' for pipelining.
INFO: [XFORM 203-502] Unrolling all sub-loops inside loop 'Loop-5' (pixel_pack/pixel_pack.cpp:121) in function 'pixel_pack' for pipelining.
INFO: [HLS 200-489] Unrolling loop 'Loop-1.1' (pixel_pack/pixel_pack.cpp:48) in function 'pixel_pack' completely with a factor of 4.
INFO: [HLS 200-489] Unrolling loop 'Loop-1.2' (pixel_pack/pixel_pack.cpp:58) in function 'pixel_pack' completely with a factor of 3.
INFO: [HLS 200-489] Unrolling loop 'Loop-3.1' (pixel_pack/pixel_pack.cpp:87) in function 'pixel_pack' completely with a factor of 4.
INFO: [HLS 200-489] Unrolling loop 'Loop-4.1' (pixel_pack/pixel_pack.cpp:108) in function 'pixel_pack' completely with a factor of 2.
INFO: [HLS 200-489] Unrolling loop 'Loop-5.1' (pixel_pack/pixel_pack.cpp:125) in function 'pixel_pack' completely with a factor of 2.
Command           transform done; 0.16 sec.
INFO-FLOW: Presyn 2...
Execute           transform -hls -keep-callgraph -scalarrepl -mem2reg -port-alignment -attach-range -dce -pipe-mux-gen -indvars -loop-bound -inst-simplify -instcombine -dce -merge-array-access -mem2reg -dce -clean-region -mergereturn -if-conv -instcombine -dce -constprop -basicaa -aggr-aa -aggrmodref-aa -aggr-aa -gvn -gvn -basicaa -aggr-aa -aggrmodref-aa -aggr-aa -dse -adse -adce -scalarrepl -mem2reg -global-constprop -deadargelim -deadargelim -instcombine -dce -simplifycfg -ptrArgReplace -mem2reg -function-inline -globaldce -mem2reg -instcombine -dce -expr-balance -instcombine -dce -bitwidthmin -interface-preproc -directive-preproc -inst-rectify -instcombine -dce -functionattrs -constprop -instcombine -bit-constprop -simplify-global-access -globalopt -globaldce -inst-simplify -instcombine -elimdeaddata -dce -loop-delete -simplifycfg -loop-simplify -auto-burst -norm-name /mnt/sdc3/david/projs/hardware-software/part2/ip_cores/pixel_pack/solution1/.autopilot/db/a.o.1.tmp.bc -o /mnt/sdc3/david/projs/hardware-software/part2/ip_cores/pixel_pack/solution1/.autopilot/db/a.o.2.bc -f -phase presyn 
Command           transform done; 0.11 sec.
INFO: [HLS 200-111] Finished Pre-synthesis Time (s): cpu = 00:00:14 ; elapsed = 00:00:13 . Memory (MB): peak = 1506.367 ; gain = 1097.754 ; free physical = 4682 ; free virtual = 26254
INFO-FLOW: Building ssdm...
Execute           transform -hls -function-uniquify -auto-function-inline -globaldce -ptrArgReplace -mem2reg -dce -reset-lda -loop-simplify -indvars -licm -loop-dep -loop-bound -licm -loop-simplify -flattenloopnest -array-flatten -gvn -instcombine -dce -array-map -dce -func-legal -gvn -adce -instcombine -cfgopt -simplifycfg -loop-simplify -array-burst -promote-global-argument -dce -ptrLegalization -axi4-lower -array-seg-normalize -basicaa -aggrmodref-aa -globalsmodref-aa -aggr-aa -gvn -gvn -basicaa -aggrmodref-aa -globalsmodref-aa -aggr-aa -dse -adse -adce -licm -inst-simplify -dce -globaldce -instcombine -array-stream -eliminate-keepreads -instcombine -dce -deadargelim -doublePtrSimplify -doublePtrElim -dce -doublePtrSimplify -promote-dbg-pointer -dce -scalarrepl -mem2reg -disaggr -norm-name -mem2reg -instcombine -dse -adse -adce -ptrLegalization -dce -auto-rom-infer -array-flatten -dce -instcombine -check-doubleptr -loop-rot -constprop -cfgopt -simplifycfg -loop-simplify -indvars -pointer-simplify -dce -loop-bound -loop-simplify -loop-preproc -constprop -global-constprop -gvn -mem2reg -instcombine -dce -loop-bound -loop-merge -dce -bitwidthmin -deadargelim -dce -canonicalize-dataflow -dce -scalar-propagation -deadargelim -globaldce -mem2reg -read-loop-dep -interface-preproc -directive-preproc -interface-gen -bram-byte-enable -deadargelim -inst-simplify -dce -gvn -mem2reg -instcombine -dce -adse -loop-bound -instcombine -cfgopt -simplifycfg -loop-simplify -clean-region -io-protocol -find-region -mem2reg -bitop-raise -complex-op-raise -inst-simplify -inst-rectify -instcombine -adce -deadargelim -loop-simplify -phi-opt -bitop-raise -cfgopt -simplifycfg -strip-dead-prototypes -interface-lower -bitop-lower -intrinsic-lower -auto-function-inline -basicaa -aggrmodref-aa -globalsmodref-aa -aggr-aa -inst-simplify -simplifycfg -loop-simplify -mergereturn -inst-simplify -inst-rectify -dce -load-elim -bitop-lower -loop-rewind -pointer-simplify -dce -cfgopt -dce -loop-bound -loop-dep -read-loop-dep -dce -check-stream -norm-name -legalize -validate-dataflow -inst-clarity -bitwidth -dump-loop-dep-to-ir -check-all-ssdm -cdfg-build /mnt/sdc3/david/projs/hardware-software/part2/ip_cores/pixel_pack/solution1/.autopilot/db/a.o.2.bc -o /mnt/sdc3/david/projs/hardware-software/part2/ip_cores/pixel_pack/solution1/.autopilot/db/a.o.3.bc -f -phase build-ssdm 
Command           transform done; 0.2 sec.
INFO: [HLS 200-111] Finished Architecture Synthesis Time (s): cpu = 00:00:14 ; elapsed = 00:00:14 . Memory (MB): peak = 1506.367 ; gain = 1097.754 ; free physical = 4664 ; free virtual = 26237
INFO-FLOW: Finish building internal data model.
Command         opt_and_import_c done; 1.46 sec.
Command       elaborate done; 12.51 sec.
Execute       autosyn -from_csynth_design=1 
INFO: [HLS 200-10] Starting hardware synthesis ...
INFO-FLOW: Synthesizing C/C++ design ...
INFO: [HLS 200-10] Synthesizing 'pixel_pack' ...
Execute         ap_set_top_model pixel_pack 
Execute         get_model_list pixel_pack -filter all-wo-channel -topdown 
Execute         preproc_iomode -model pixel_pack 
Execute         get_model_list pixel_pack -filter all-wo-channel 
INFO-FLOW: Model list for configure: pixel_pack
INFO-FLOW: Configuring Module : pixel_pack ...
Execute         set_default_model pixel_pack 
Execute         apply_spec_resource_limit pixel_pack 
INFO-FLOW: Model list for preprocess: pixel_pack
INFO-FLOW: Preprocessing Module: pixel_pack ...
Execute         set_default_model pixel_pack 
Execute         cdfg_preprocess -model pixel_pack 
Execute         rtl_gen_preprocess pixel_pack 
INFO-FLOW: Model list for synthesis: pixel_pack
INFO: [HLS 200-10] ----------------------------------------------------------------
INFO: [HLS 200-42] -- Implementing module 'pixel_pack' 
INFO: [HLS 200-10] ----------------------------------------------------------------
Execute         set_default_model pixel_pack 
Execute         schedule -model pixel_pack 
INFO: [SCHED 204-11] Starting scheduling ...
INFO: [SCHED 204-61] Pipelining loop 'Loop 5'.
INFO: [SCHED 204-61] Pipelining result : Target II = 2, Final II = 2, Depth = 3.
INFO: [SCHED 204-61] Pipelining loop 'Loop 4'.
INFO: [SCHED 204-61] Pipelining result : Target II = 2, Final II = 2, Depth = 3.
INFO: [SCHED 204-61] Pipelining loop 'Loop 3'.
INFO: [SCHED 204-61] Pipelining result : Target II = 4, Final II = 4, Depth = 5.
INFO: [SCHED 204-61] Pipelining loop 'Loop 2'.
INFO: [SCHED 204-61] Pipelining result : Target II = 1, Final II = 1, Depth = 2.
INFO: [SCHED 204-61] Pipelining loop 'Loop 1'.
INFO: [SCHED 204-61] Pipelining result : Target II = 4, Final II = 4, Depth = 7.
INFO: [SCHED 204-11] Finished scheduling.
INFO: [HLS 200-111]  Elapsed time: 13.66 seconds; current allocated memory: 107.307 MB.
Execute         syn_report -verbosereport -o /mnt/sdc3/david/projs/hardware-software/part2/ip_cores/pixel_pack/solution1/.autopilot/db/pixel_pack.verbose.sched.rpt 
Execute         db_write -o /mnt/sdc3/david/projs/hardware-software/part2/ip_cores/pixel_pack/solution1/.autopilot/db/pixel_pack.sched.adb -f 
INFO-FLOW: Finish scheduling pixel_pack.
Execute         set_default_model pixel_pack 
Execute         bind -model pixel_pack 
BIND OPTION: model=pixel_pack
INFO: [BIND 205-100] Starting micro-architecture generation ...
INFO: [BIND 205-101] Performing variable lifetime analysis.
INFO: [BIND 205-101] Exploring resource sharing.
INFO: [BIND 205-101] Binding ...
INFO: [BIND 205-100] Finished micro-architecture generation.
INFO: [HLS 200-111]  Elapsed time: 0.09 seconds; current allocated memory: 108.285 MB.
Execute         syn_report -verbosereport -o /mnt/sdc3/david/projs/hardware-software/part2/ip_cores/pixel_pack/solution1/.autopilot/db/pixel_pack.verbose.bind.rpt 
Execute         db_write -o /mnt/sdc3/david/projs/hardware-software/part2/ip_cores/pixel_pack/solution1/.autopilot/db/pixel_pack.bind.adb -f 
INFO-FLOW: Finish binding pixel_pack.
Execute         get_model_list pixel_pack -filter all-wo-channel 
INFO-FLOW: Preprocessing for RTLGen ...
Execute         rtl_gen_preprocess pixel_pack 
INFO-FLOW: Model list for RTL generation: pixel_pack
INFO: [HLS 200-10] ----------------------------------------------------------------
INFO: [HLS 200-10] -- Generating RTL for module 'pixel_pack' 
INFO: [HLS 200-10] ----------------------------------------------------------------
Execute         get_config_rtl -module_prefix 
Execute         get_config_rtl -module_auto_prefix 
Execute         create_rtl_model pixel_pack -vendor xilinx -mg_file /mnt/sdc3/david/projs/hardware-software/part2/ip_cores/pixel_pack/solution1/.autopilot/db/pixel_pack.compgen.tcl 
INFO: [RTGEN 206-500] Setting interface mode on port 'pixel_pack/stream_in_24_data_V' to 'axis' (register, both mode).
INFO: [RTGEN 206-500] Setting interface mode on port 'pixel_pack/stream_in_24_user_V' to 'axis' (register, both mode).
INFO: [RTGEN 206-500] Setting interface mode on port 'pixel_pack/stream_in_24_last_V' to 'axis' (register, both mode).
INFO: [RTGEN 206-500] Setting interface mode on port 'pixel_pack/stream_out_32_data_V' to 'axis' (register, both mode).
INFO: [RTGEN 206-500] Setting interface mode on port 'pixel_pack/stream_out_32_user_V' to 'axis' (register, both mode).
INFO: [RTGEN 206-500] Setting interface mode on port 'pixel_pack/stream_out_32_last_V' to 'axis' (register, both mode).
INFO: [RTGEN 206-500] Setting interface mode on port 'pixel_pack/mode' to 's_axilite & ap_none' (register).
INFO: [RTGEN 206-500] Setting interface mode on port 'pixel_pack/alpha_V' to 's_axilite & ap_none' (register).
INFO: [RTGEN 206-500] Setting interface mode on function 'pixel_pack' to 'ap_ctrl_none'.
INFO: [RTGEN 206-100] Bundling port 'mode' and 'alpha_V' to AXI-Lite port AXILiteS.
INFO: [RTGEN 206-100] Generated clock port 'control' for AXI-Lite bundle 'AXILiteS'.
INFO: [RTGEN 206-100] Finished creating RTL model for 'pixel_pack'.
INFO: [HLS 200-111]  Elapsed time: 0.11 seconds; current allocated memory: 110.246 MB.
Execute         source /mnt/sdc3/david/projs/hardware-software/part2/ip_cores/pixel_pack/solution1/.autopilot/db/pixel_pack.rtl_wrap.cfg.tcl 
Execute         gen_rtl pixel_pack -istop -style xilinx -tracefl mytrace -tracefmt vcd -traceopt all -f -lang sc -o /mnt/sdc3/david/projs/hardware-software/part2/ip_cores/pixel_pack/solution1/syn/systemc/pixel_pack -synmodules pixel_pack 
Execute         gen_rtl pixel_pack -istop -style xilinx -f -lang vhdl -o /mnt/sdc3/david/projs/hardware-software/part2/ip_cores/pixel_pack/solution1/syn/vhdl/pixel_pack 
Execute         gen_rtl pixel_pack -istop -style xilinx -f -lang vlog -o /mnt/sdc3/david/projs/hardware-software/part2/ip_cores/pixel_pack/solution1/syn/verilog/pixel_pack 
Execute         syn_report -csynth -model pixel_pack -o /mnt/sdc3/david/projs/hardware-software/part2/ip_cores/pixel_pack/solution1/syn/report/pixel_pack_csynth.rpt 
Execute         syn_report -rtlxml -model pixel_pack -o /mnt/sdc3/david/projs/hardware-software/part2/ip_cores/pixel_pack/solution1/syn/report/pixel_pack_csynth.xml 
Execute         syn_report -verbosereport -model pixel_pack -o /mnt/sdc3/david/projs/hardware-software/part2/ip_cores/pixel_pack/solution1/.autopilot/db/pixel_pack.verbose.rpt 
Execute         db_write -model pixel_pack -f -o /mnt/sdc3/david/projs/hardware-software/part2/ip_cores/pixel_pack/solution1/.autopilot/db/pixel_pack.adb 
Execute         gen_tb_info pixel_pack -p /mnt/sdc3/david/projs/hardware-software/part2/ip_cores/pixel_pack/solution1/.autopilot/db -o /mnt/sdc3/david/projs/hardware-software/part2/ip_cores/pixel_pack/solution1/.autopilot/db/pixel_pack 
Execute         export_constraint_db -f -tool general -o /mnt/sdc3/david/projs/hardware-software/part2/ip_cores/pixel_pack/solution1/.autopilot/db/pixel_pack.constraint.tcl 
Execute         syn_report -designview -model pixel_pack -o /mnt/sdc3/david/projs/hardware-software/part2/ip_cores/pixel_pack/solution1/.autopilot/db/pixel_pack.design.xml 
Execute         get_config_rtl -disable_wave_debug 
Execute         syn_report -wcfg -model pixel_pack -o /mnt/sdc3/david/projs/hardware-software/part2/ip_cores/pixel_pack/solution1/.autopilot/db/pixel_pack_dataflow_ana.wcfg 
Execute         syn_report -protoinst -model pixel_pack -o /mnt/sdc3/david/projs/hardware-software/part2/ip_cores/pixel_pack/solution1/.autopilot/db/pixel_pack.protoinst 
Execute         get_config_debug -directory 
Execute         sc_get_clocks pixel_pack 
Execute         get_config_export -vivado_clock 
Execute         sc_get_portdomain pixel_pack 
INFO-FLOW: Model list for RTL component generation: pixel_pack
INFO-FLOW: Handling components in module [pixel_pack] ... 
Execute         source /mnt/sdc3/david/projs/hardware-software/part2/ip_cores/pixel_pack/solution1/.autopilot/db/pixel_pack.compgen.tcl 
INFO-FLOW: Found component pixel_pack_AXILiteS_s_axi.
INFO-FLOW: Append model pixel_pack_AXILiteS_s_axi
INFO-FLOW: Found component regslice_core.
INFO-FLOW: Append model regslice_core
INFO-FLOW: Append model pixel_pack
INFO-FLOW: Generating RTL model list ...
INFO-FLOW: All models in this session: pixel_pack_AXILiteS_s_axi regslice_core pixel_pack
INFO-FLOW: To file: write model pixel_pack_AXILiteS_s_axi
INFO-FLOW: To file: write model regslice_core
INFO-FLOW: To file: write model pixel_pack
INFO-FLOW: Finished generating RTL model list.


INFO-FLOW: RTL Generation done.
INFO-FLOW: CAS Generation done.
INFO-FLOW: CBC Generation done.
Execute         syn_report -model pixel_pack -printsummary 
INFO: [HLS 200-790] **** Loop Constraint Status: All loop constraints were satisfied.
INFO: [HLS 200-789] **** Estimated Fmax: 364.03 MHz
INFO-FLOW: DBG:CMD: auto_generate_csynth_design
INFO-FLOW: DBG:CMD:     auto_generate --sim-model -phase csynth_design -d /mnt/sdc3/david/projs/hardware-software/part2/ip_cores/pixel_pack/solution1
Execute         source /mnt/sdc3/david/projs/hardware-software/part2/ip_cores/pixel_pack/solution1/.autopilot/db/global.setting.tcl 
INFO-FLOW: DBG:CMD: read_platform_lib /mnt/sdc3/david/projs/hardware-software/part2/ip_cores/pixel_pack/solution1/.autopilot/db/global.setting.tcl
Execute         source /home/david/Xilinx/Vivado/2020.1/common/technology/generic/autopilot/common.gen 
Execute           source /home/david/Xilinx/Vivado/2020.1/common/technology/generic/autopilot/APCoreGen.gen 
Execute         source /home/david/Xilinx/Vivado/2020.1/common/technology/generic/autopilot/op.gen 
Execute         source /home/david/Xilinx/Vivado/2020.1/common/technology/generic/autopilot/op_simcore.gen 
Execute         source /home/david/Xilinx/Vivado/2020.1/common/technology/generic/autopilot/interface.gen 
Execute         source /mnt/sdc3/david/projs/hardware-software/part2/ip_cores/pixel_pack/solution1/.autopilot/db/global.setting.tcl 
Execute         source /home/david/Xilinx/Vivado/2020.1/common/technology/xilinx/zynq/zynq.gen 
Execute           source /home/david/Xilinx/Vivado/2020.1/common/technology/xilinx/common/xilinx.gen 
Execute             source /home/david/Xilinx/Vivado/2020.1/common/technology/xilinx/interface/plb46.gen 
Execute             source /home/david/Xilinx/Vivado/2020.1/common/technology/xilinx/interface/fsl.gen 
Execute             source /home/david/Xilinx/Vivado/2020.1/common/technology/xilinx/interface/axi4.gen 
Execute             source /home/david/Xilinx/Vivado/2020.1/common/technology/xilinx/interface/nativeAXI4.gen 
Execute               source /home/david/Xilinx/Vivado/2020.1/common/technology/xilinx/interface/saxilite.gen 
Execute               source /home/david/Xilinx/Vivado/2020.1/common/technology/xilinx/interface/maxi.gen 
Execute             source /home/david/Xilinx/Vivado/2020.1/common/technology/xilinx/scripts/xilinxcoregen.gen 
Execute             source /home/david/Xilinx/Vivado/2020.1/common/technology/xilinx/interface/XilEDKCoreGen.gen 
Execute             source /home/david/Xilinx/Vivado/2020.1/common/technology/xilinx/ip/dds_compiler.gen 
Execute             source /home/david/Xilinx/Vivado/2020.1/common/technology/xilinx/ip/util.gen 
Execute             source /home/david/Xilinx/Vivado/2020.1/common/technology/xilinx/ip/xfft.gen 
Execute             source /home/david/Xilinx/Vivado/2020.1/common/technology/xilinx/ip/xfir.gen 
Execute             source /home/david/Xilinx/Vivado/2020.1/common/technology/xilinx/common/dsp48.gen 
Execute         source /home/david/Xilinx/Vivado/2020.1/common/technology/xilinx/zynq/zynq_fpv6.gen 
Execute           source /home/david/Xilinx/Vivado/2020.1/common/technology/xilinx/common/xilinx_fp.gen 
INFO-FLOW: DBG:CMD:   using AESL_AUTOCG::g_clock_period=7.000 (was NA)
INFO-FLOW: DBG:CMD:       generate_ip_cores sim=1 export=0 expOnly=0 dstVlogDir=syn/verilog
Execute         source /mnt/sdc3/david/projs/hardware-software/part2/ip_cores/pixel_pack/solution1/.autopilot/db/global.setting.tcl 
Execute         ap_part_info -name xc7z020-clg400-1 -data names -quiet 
Execute         ap_part_info -name xc7z020-clg400-1 -data info -quiet 
Execute         source /mnt/sdc3/david/projs/hardware-software/part2/ip_cores/pixel_pack/solution1/.autopilot/db/global.setting.tcl 
Execute         source /mnt/sdc3/david/projs/hardware-software/part2/ip_cores/pixel_pack/solution1/.autopilot/db/global.setting.tcl 
Execute         source /mnt/sdc3/david/projs/hardware-software/part2/ip_cores/pixel_pack/solution1/.autopilot/db/pixel_pack.compgen.tcl 
Execute           source ./AXILiteS.slave.tcl 
Execute           is_m_axi_addr64 
INFO-FLOW: DBG:CMD:     auto_generate -export -impltomg_flag -rtl both -tool Vivado -pcore_version 1.00.a -phase csynth_design -d /mnt/sdc3/david/projs/hardware-software/part2/ip_cores/pixel_pack/solution1
Execute         source /mnt/sdc3/david/projs/hardware-software/part2/ip_cores/pixel_pack/solution1/.autopilot/db/global.setting.tcl 
INFO-FLOW: DBG:CMD: read_platform_lib /mnt/sdc3/david/projs/hardware-software/part2/ip_cores/pixel_pack/solution1/.autopilot/db/global.setting.tcl
Execute         source /home/david/Xilinx/Vivado/2020.1/common/technology/generic/autopilot/common.gen 
Execute           source /home/david/Xilinx/Vivado/2020.1/common/technology/generic/autopilot/APCoreGen.gen 
Execute         source /home/david/Xilinx/Vivado/2020.1/common/technology/generic/autopilot/op.gen 
Execute         source /home/david/Xilinx/Vivado/2020.1/common/technology/generic/autopilot/op_simcore.gen 
Execute         source /home/david/Xilinx/Vivado/2020.1/common/technology/generic/autopilot/interface.gen 
Execute         source /mnt/sdc3/david/projs/hardware-software/part2/ip_cores/pixel_pack/solution1/.autopilot/db/global.setting.tcl 
Execute         source /home/david/Xilinx/Vivado/2020.1/common/technology/xilinx/zynq/zynq.gen 
Execute           source /home/david/Xilinx/Vivado/2020.1/common/technology/xilinx/common/xilinx.gen 
Execute             source /home/david/Xilinx/Vivado/2020.1/common/technology/xilinx/interface/plb46.gen 
Execute             source /home/david/Xilinx/Vivado/2020.1/common/technology/xilinx/interface/fsl.gen 
Execute             source /home/david/Xilinx/Vivado/2020.1/common/technology/xilinx/interface/axi4.gen 
Execute             source /home/david/Xilinx/Vivado/2020.1/common/technology/xilinx/interface/nativeAXI4.gen 
Execute               source /home/david/Xilinx/Vivado/2020.1/common/technology/xilinx/interface/saxilite.gen 
Execute               source /home/david/Xilinx/Vivado/2020.1/common/technology/xilinx/interface/maxi.gen 
Execute             source /home/david/Xilinx/Vivado/2020.1/common/technology/xilinx/scripts/xilinxcoregen.gen 
Execute             source /home/david/Xilinx/Vivado/2020.1/common/technology/xilinx/interface/XilEDKCoreGen.gen 
Execute             source /home/david/Xilinx/Vivado/2020.1/common/technology/xilinx/ip/dds_compiler.gen 
Execute             source /home/david/Xilinx/Vivado/2020.1/common/technology/xilinx/ip/util.gen 
Execute             source /home/david/Xilinx/Vivado/2020.1/common/technology/xilinx/ip/xfft.gen 
Execute             source /home/david/Xilinx/Vivado/2020.1/common/technology/xilinx/ip/xfir.gen 
Execute             source /home/david/Xilinx/Vivado/2020.1/common/technology/xilinx/common/dsp48.gen 
Execute         source /home/david/Xilinx/Vivado/2020.1/common/technology/xilinx/zynq/zynq_fpv6.gen 
Execute           source /home/david/Xilinx/Vivado/2020.1/common/technology/xilinx/common/xilinx_fp.gen 
INFO-FLOW: DBG:CMD:       initCTypeInfo top_module=pixel_pack xml_exists=0
Execute         source /mnt/sdc3/david/projs/hardware-software/part2/ip_cores/pixel_pack/solution1/.autopilot/db/pixel_pack.rtl_wrap.cfg.tcl 
Execute         source /mnt/sdc3/david/projs/hardware-software/part2/ip_cores/pixel_pack/solution1/.autopilot/db/pixel_pack.rtl_wrap.cfg.tcl 
Execute         source /mnt/sdc3/david/projs/hardware-software/part2/ip_cores/pixel_pack/solution1/.autopilot/db/pixel_pack.rtl_wrap.cfg.tcl 
Execute         source /mnt/sdc3/david/projs/hardware-software/part2/ip_cores/pixel_pack/solution1/.autopilot/db/pixel_pack.tbgen.tcl 
Execute         source /mnt/sdc3/david/projs/hardware-software/part2/ip_cores/pixel_pack/solution1/.autopilot/db/pixel_pack.tbgen.tcl 
INFO-FLOW: DBG:CMD:       export_impl_rtl
INFO-FLOW: DBG:CMD:       generate_ip_cores sim=0 export=0 expOnly=0 dstVlogDir=impl/.verilog
Execute         source /mnt/sdc3/david/projs/hardware-software/part2/ip_cores/pixel_pack/solution1/.autopilot/db/global.setting.tcl 
Execute         source /mnt/sdc3/david/projs/hardware-software/part2/ip_cores/pixel_pack/solution1/.autopilot/db/pixel_pack.compgen.tcl 
INFO-FLOW: DBG:CMD:       generate_ip_cores sim=0 export=1 expOnly=1 dstVlogDir=impl/.pcores/verilog
Execute         source /mnt/sdc3/david/projs/hardware-software/part2/ip_cores/pixel_pack/solution1/.autopilot/db/global.setting.tcl 
Execute         source /mnt/sdc3/david/projs/hardware-software/part2/ip_cores/pixel_pack/solution1/.autopilot/db/pixel_pack.compgen.tcl 
Execute           ap_part_info -name xc7z020-clg400-1 -data names -quiet 
Execute           ap_part_info -name xc7z020-clg400-1 -data info -quiet 
Execute           ap_part_info -name xc7z020-clg400-1 -data names -quiet 
Execute           ap_part_info -name xc7z020-clg400-1 -data info -quiet 
Execute           ap_part_info -name xc7z020-clg400-1 -data names -quiet 
Execute           ap_part_info -name xc7z020-clg400-1 -data info -quiet 
Execute           ap_part_info -name xc7z020-clg400-1 -data names -quiet 
Execute           ap_part_info -name xc7z020-clg400-1 -data info -quiet 
Execute           ap_part_info -name xc7z020-clg400-1 -data names -quiet 
Execute           ap_part_info -name xc7z020-clg400-1 -data info -quiet 
Execute           ap_part_info -name xc7z020-clg400-1 -data names -quiet 
Execute           ap_part_info -name xc7z020-clg400-1 -data info -quiet 
Execute         ap_part_info -name xc7z020-clg400-1 -data names -quiet 
Execute         ap_part_info -name xc7z020-clg400-1 -data info -quiet 
INFO-FLOW: DBG:CMD:       generate_ip_cores sim=0 export=0 expOnly=0 dstVlogDir=impl/.pcores/verilog_sim
Execute         source /mnt/sdc3/david/projs/hardware-software/part2/ip_cores/pixel_pack/solution1/.autopilot/db/global.setting.tcl 
Execute         source /mnt/sdc3/david/projs/hardware-software/part2/ip_cores/pixel_pack/solution1/.autopilot/db/pixel_pack.compgen.tcl 
Execute         ap_part_info -name xc7z020-clg400-1 -data names -quiet 
Execute         ap_part_info -name xc7z020-clg400-1 -data info -quiet 
Execute         ap_part_info -name xc7z020-clg400-1 -data names -quiet 
Execute         ap_part_info -name xc7z020-clg400-1 -data info -quiet 
Execute         source /mnt/sdc3/david/projs/hardware-software/part2/ip_cores/pixel_pack/solution1/.autopilot/db/global.setting.tcl 
Execute         ap_part_info -name xc7z020-clg400-1 -data names -quiet 
Execute         ap_part_info -name xc7z020-clg400-1 -data info -quiet 
Execute         source /mnt/sdc3/david/projs/hardware-software/part2/ip_cores/pixel_pack/solution1/.autopilot/db/pixel_pack.constraint.tcl 
Execute         get_config_export -vivado_clock 
Execute         source /mnt/sdc3/david/projs/hardware-software/part2/ip_cores/pixel_pack/solution1/.autopilot/db/pixel_pack.tbgen.tcl 
INFO-FLOW: DBG:CMD:       hasPcoreIpAdapter=false #gSsdmPorts=12
INFO-FLOW: DBG:CMD: Skipping loadAnalyze_DB, #g_database=8
INFO-FLOW: DBG:CMD:       generate_json is_phase_csynth=1 g_has_adaptors=false generate_bd_files=1 #modelList=3 #gSsdmPorts=12
Execute         source /home/david/Xilinx/Vivado/2020.1/tps/tcl/tcllib1.11.1/fileutil/fileutil.tcl 
Execute           source /home/david/Xilinx/Vivado/2020.1/tps/tcl/tcllib1.11.1/cmdline/cmdline.tcl 
Execute         source /mnt/sdc3/david/projs/hardware-software/part2/ip_cores/pixel_pack/solution1/.autopilot/db/global.setting.tcl 
Execute         source /mnt/sdc3/david/projs/hardware-software/part2/ip_cores/pixel_pack/solution1/.autopilot/db/global.setting.tcl 
Execute         get_config_export -xo 
Execute         source /mnt/sdc3/david/projs/hardware-software/part2/ip_cores/pixel_pack/solution1/.autopilot/db/pixel_pack.tbgen.tcl 
Execute         source /mnt/sdc3/david/projs/hardware-software/part2/ip_cores/pixel_pack/solution1/.autopilot/db/pixel_pack.compgen.dataonly.tcl 
Execute         source /mnt/sdc3/david/projs/hardware-software/part2/ip_cores/pixel_pack/solution1/.autopilot/db/pixel_pack.compgen.dataonly.tcl 
Execute         source /mnt/sdc3/david/projs/hardware-software/part2/ip_cores/pixel_pack/solution1/.autopilot/db/pixel_pack.tbgen.tcl 
Execute         source /mnt/sdc3/david/projs/hardware-software/part2/ip_cores/pixel_pack/solution1/.autopilot/db/pixel_pack.tbgen.tcl 
Execute         source /mnt/sdc3/david/projs/hardware-software/part2/ip_cores/pixel_pack/solution1/.autopilot/db/pixel_pack.tbgen.tcl 
Execute         source /mnt/sdc3/david/projs/hardware-software/part2/ip_cores/pixel_pack/solution1/.autopilot/db/global.setting.tcl 
Execute         get_config_sdx -target 
Execute         source /mnt/sdc3/david/projs/hardware-software/part2/ip_cores/pixel_pack/solution1/.autopilot/db/pixel_pack.rtl_wrap.cfg.tcl 
Execute         source /mnt/sdc3/david/projs/hardware-software/part2/ip_cores/pixel_pack/solution1/.autopilot/db/pixel_pack.compgen.dataonly.tcl 
Execute         source /mnt/sdc3/david/projs/hardware-software/part2/ip_cores/pixel_pack/solution1/.autopilot/db/global.setting.tcl 
Execute         ap_part_info -name xc7z020-clg400-1 -data names -quiet 
Execute         ap_part_info -name xc7z020-clg400-1 -data info -quiet 
Execute         source /mnt/sdc3/david/projs/hardware-software/part2/ip_cores/pixel_pack/solution1/.autopilot/db/pixel_pack.constraint.tcl 
Execute         sc_get_clocks pixel_pack 
Execute         ap_part_info -name xc7z020-clg400-1 -data names -quiet 
Execute         ap_part_info -name xc7z020-clg400-1 -data info -quiet 
Execute         source /mnt/sdc3/david/projs/hardware-software/part2/ip_cores/pixel_pack/solution1/.autopilot/db/global.setting.tcl 
Execute         get_config_debug -directory 
Execute         source /mnt/sdc3/david/projs/hardware-software/part2/ip_cores/pixel_pack/solution1/.autopilot/db/pixel_pack.tbgen.tcl 
Execute         get_config_sdx -target 
Execute         get_config_sdx -profile 
Execute         get_config_rtl -kernel_profile 
Execute         get_config_rtl -stall_sig_gen 
Execute         get_config_rtl -profile 
INFO-FLOW: DBG:CMD: add_json_sdx_info kernel file does not exist, skipping opencl info: /mnt/sdc3/david/projs/hardware-software/part2/ip_cores/pixel_pack/solution1/.autopilot/db/kernel.internal.xml
INFO-FLOW: DBG:CMD:       delete-temp-dirs (skipped for debug)
INFO: [HLS 200-111] Finished generating all RTL models Time (s): cpu = 00:00:15 ; elapsed = 00:00:15 . Memory (MB): peak = 1506.367 ; gain = 1097.754 ; free physical = 4649 ; free virtual = 26226
INFO: [VHDL 208-304] Generating VHDL RTL for pixel_pack.
INFO: [VLOG 209-307] Generating Verilog RTL for pixel_pack.
Command       autosyn done; 1.08 sec.
Command     csynth_design done; 13.59 sec.
Execute     export_design -format ip_catalog -description Pixel Packing from 24-bit to 32-bit -display_name Pixel Pack 
Execute       get_config_export -acc 
Execute       get_config_export -clock_margin 
Execute       get_config_export -custom_script 
Execute       get_config_export -driver_input_dir 
Execute       get_config_export -ipname 
Execute       get_config_export -kernel_drc 
Execute       get_config_export -library 
Execute       get_config_export -qor_test 
Execute       get_config_export -rtl 
Execute       get_config_export -sdaccel 
Execute       get_config_export -sim 
Execute       get_config_export -taxonomy 
Execute       get_config_export -use_ip 
Execute       get_config_export -use_netlist 
Execute       get_config_export -vendor 
Execute       get_config_export -version 
Execute       get_config_export -xo 
Execute       config_export -description=Pixel Packing from 24-bit to 32-bit -display_name=Pixel Pack -format=ip_catalog 
INFO-FLOW: DBG:CMD: export_design_wrap: -format ip_catalog -description {Pixel Packing from 24-bit to 32-bit} -display_name {Pixel Pack}
Execute       source /mnt/sdc3/david/projs/hardware-software/part2/ip_cores/pixel_pack/solution1/.autopilot/db/global.setting.tcl 
Execute       get_config_export -vivado_clock 
Execute       get_top 
Execute       get_config_sdx -target 
Execute       get_config_rtl -module_auto_prefix 
Execute       get_config_sdx -target 
Execute       get_config_sdx -target 
INFO-FLOW: DBG:CMD:   auto_impl: pack: -export -tool vivado -sdx-target none
Execute       source /mnt/sdc3/david/projs/hardware-software/part2/ip_cores/pixel_pack/solution1/.autopilot/db/global.setting.tcl 
INFO-FLOW: DBG:CMD: read_platform_lib /mnt/sdc3/david/projs/hardware-software/part2/ip_cores/pixel_pack/solution1/.autopilot/db/global.setting.tcl
Execute       source /home/david/Xilinx/Vivado/2020.1/common/technology/generic/autopilot/common.gen 
Execute         source /home/david/Xilinx/Vivado/2020.1/common/technology/generic/autopilot/APCoreGen.gen 
Execute       source /home/david/Xilinx/Vivado/2020.1/common/technology/generic/autopilot/op.gen 
Execute       source /home/david/Xilinx/Vivado/2020.1/common/technology/generic/autopilot/op_simcore.gen 
Execute       source /home/david/Xilinx/Vivado/2020.1/common/technology/generic/autopilot/interface.gen 
Execute       source /mnt/sdc3/david/projs/hardware-software/part2/ip_cores/pixel_pack/solution1/.autopilot/db/global.setting.tcl 
Execute       source /home/david/Xilinx/Vivado/2020.1/common/technology/xilinx/zynq/zynq.gen 
Execute         source /home/david/Xilinx/Vivado/2020.1/common/technology/xilinx/common/xilinx.gen 
Execute           source /home/david/Xilinx/Vivado/2020.1/common/technology/xilinx/interface/plb46.gen 
Execute           source /home/david/Xilinx/Vivado/2020.1/common/technology/xilinx/interface/fsl.gen 
Execute           source /home/david/Xilinx/Vivado/2020.1/common/technology/xilinx/interface/axi4.gen 
Execute           source /home/david/Xilinx/Vivado/2020.1/common/technology/xilinx/interface/nativeAXI4.gen 
Execute             source /home/david/Xilinx/Vivado/2020.1/common/technology/xilinx/interface/saxilite.gen 
Execute             source /home/david/Xilinx/Vivado/2020.1/common/technology/xilinx/interface/maxi.gen 
Execute           source /home/david/Xilinx/Vivado/2020.1/common/technology/xilinx/scripts/xilinxcoregen.gen 
Execute           source /home/david/Xilinx/Vivado/2020.1/common/technology/xilinx/interface/XilEDKCoreGen.gen 
Execute           source /home/david/Xilinx/Vivado/2020.1/common/technology/xilinx/ip/dds_compiler.gen 
Execute           source /home/david/Xilinx/Vivado/2020.1/common/technology/xilinx/ip/util.gen 
Execute           source /home/david/Xilinx/Vivado/2020.1/common/technology/xilinx/ip/xfft.gen 
Execute           source /home/david/Xilinx/Vivado/2020.1/common/technology/xilinx/ip/xfir.gen 
Execute           source /home/david/Xilinx/Vivado/2020.1/common/technology/xilinx/common/dsp48.gen 
Execute       source /home/david/Xilinx/Vivado/2020.1/common/technology/xilinx/zynq/zynq_fpv6.gen 
Execute         source /home/david/Xilinx/Vivado/2020.1/common/technology/xilinx/common/xilinx_fp.gen 
Execute       ap_part_info -name xc7z020-clg400-1 -data names -quiet 
Execute       ap_part_info -name xc7z020-clg400-1 -data info -quiet 
Execute       source /mnt/sdc3/david/projs/hardware-software/part2/ip_cores/pixel_pack/solution1/.autopilot/db/global.setting.tcl 
INFO: [IMPL 213-8] Exporting RTL as a Vivado IP.
Execute       source /mnt/sdc3/david/projs/hardware-software/part2/ip_cores/pixel_pack/solution1/.autopilot/db/global.setting.tcl 
INFO-FLOW: DBG:CMD: automg_wrap -export -pcore_version 1.00.a -rtl both -sdx-target none -tool Vivado -impltomg_flag
INFO-FLOW: DBG:CMD:     auto_generate -export -pcore_version 1.00.a -rtl both -sdx-target none -tool Vivado -impltomg_flag
Execute       source /mnt/sdc3/david/projs/hardware-software/part2/ip_cores/pixel_pack/solution1/.autopilot/db/global.setting.tcl 
INFO-FLOW: DBG:CMD: read_platform_lib /mnt/sdc3/david/projs/hardware-software/part2/ip_cores/pixel_pack/solution1/.autopilot/db/global.setting.tcl
Execute       source /home/david/Xilinx/Vivado/2020.1/common/technology/generic/autopilot/common.gen 
Execute         source /home/david/Xilinx/Vivado/2020.1/common/technology/generic/autopilot/APCoreGen.gen 
Execute       source /home/david/Xilinx/Vivado/2020.1/common/technology/generic/autopilot/op.gen 
Execute       source /home/david/Xilinx/Vivado/2020.1/common/technology/generic/autopilot/op_simcore.gen 
Execute       source /home/david/Xilinx/Vivado/2020.1/common/technology/generic/autopilot/interface.gen 
Execute       source /mnt/sdc3/david/projs/hardware-software/part2/ip_cores/pixel_pack/solution1/.autopilot/db/global.setting.tcl 
Execute       source /home/david/Xilinx/Vivado/2020.1/common/technology/xilinx/zynq/zynq.gen 
Execute         source /home/david/Xilinx/Vivado/2020.1/common/technology/xilinx/common/xilinx.gen 
Execute           source /home/david/Xilinx/Vivado/2020.1/common/technology/xilinx/interface/plb46.gen 
Execute           source /home/david/Xilinx/Vivado/2020.1/common/technology/xilinx/interface/fsl.gen 
Execute           source /home/david/Xilinx/Vivado/2020.1/common/technology/xilinx/interface/axi4.gen 
Execute           source /home/david/Xilinx/Vivado/2020.1/common/technology/xilinx/interface/nativeAXI4.gen 
Execute             source /home/david/Xilinx/Vivado/2020.1/common/technology/xilinx/interface/saxilite.gen 
Execute             source /home/david/Xilinx/Vivado/2020.1/common/technology/xilinx/interface/maxi.gen 
Execute           source /home/david/Xilinx/Vivado/2020.1/common/technology/xilinx/scripts/xilinxcoregen.gen 
Execute           source /home/david/Xilinx/Vivado/2020.1/common/technology/xilinx/interface/XilEDKCoreGen.gen 
Execute           source /home/david/Xilinx/Vivado/2020.1/common/technology/xilinx/ip/dds_compiler.gen 
Execute           source /home/david/Xilinx/Vivado/2020.1/common/technology/xilinx/ip/util.gen 
Execute           source /home/david/Xilinx/Vivado/2020.1/common/technology/xilinx/ip/xfft.gen 
Execute           source /home/david/Xilinx/Vivado/2020.1/common/technology/xilinx/ip/xfir.gen 
Execute           source /home/david/Xilinx/Vivado/2020.1/common/technology/xilinx/common/dsp48.gen 
Execute       source /home/david/Xilinx/Vivado/2020.1/common/technology/xilinx/zynq/zynq_fpv6.gen 
Execute         source /home/david/Xilinx/Vivado/2020.1/common/technology/xilinx/common/xilinx_fp.gen 
INFO-FLOW: DBG:CMD:       export_impl_rtl
INFO-FLOW: DBG:CMD:       generate_ip_cores sim=0 export=0 expOnly=0 dstVlogDir=impl/.verilog
Execute       source /mnt/sdc3/david/projs/hardware-software/part2/ip_cores/pixel_pack/solution1/.autopilot/db/global.setting.tcl 
Execute       source /mnt/sdc3/david/projs/hardware-software/part2/ip_cores/pixel_pack/solution1/.autopilot/db/pixel_pack.compgen.tcl 
INFO-FLOW: DBG:CMD:       generate_ip_cores sim=0 export=1 expOnly=1 dstVlogDir=impl/.pcores/verilog
Execute       source /mnt/sdc3/david/projs/hardware-software/part2/ip_cores/pixel_pack/solution1/.autopilot/db/global.setting.tcl 
Execute       source /mnt/sdc3/david/projs/hardware-software/part2/ip_cores/pixel_pack/solution1/.autopilot/db/pixel_pack.compgen.tcl 
Execute         ap_part_info -name xc7z020-clg400-1 -data names -quiet 
Execute         ap_part_info -name xc7z020-clg400-1 -data info -quiet 
Execute         ap_part_info -name xc7z020-clg400-1 -data names -quiet 
Execute         ap_part_info -name xc7z020-clg400-1 -data info -quiet 
Execute         ap_part_info -name xc7z020-clg400-1 -data names -quiet 
Execute         ap_part_info -name xc7z020-clg400-1 -data info -quiet 
Execute         ap_part_info -name xc7z020-clg400-1 -data names -quiet 
Execute         ap_part_info -name xc7z020-clg400-1 -data info -quiet 
Execute         ap_part_info -name xc7z020-clg400-1 -data names -quiet 
Execute         ap_part_info -name xc7z020-clg400-1 -data info -quiet 
Execute         ap_part_info -name xc7z020-clg400-1 -data names -quiet 
Execute         ap_part_info -name xc7z020-clg400-1 -data info -quiet 
Execute       ap_part_info -name xc7z020-clg400-1 -data names -quiet 
Execute       ap_part_info -name xc7z020-clg400-1 -data info -quiet 
INFO-FLOW: DBG:CMD:       generate_ip_cores sim=0 export=0 expOnly=0 dstVlogDir=impl/.pcores/verilog_sim
Execute       source /mnt/sdc3/david/projs/hardware-software/part2/ip_cores/pixel_pack/solution1/.autopilot/db/global.setting.tcl 
Execute       source /mnt/sdc3/david/projs/hardware-software/part2/ip_cores/pixel_pack/solution1/.autopilot/db/pixel_pack.compgen.tcl 
Execute       ap_part_info -name xc7z020-clg400-1 -data names -quiet 
Execute       ap_part_info -name xc7z020-clg400-1 -data info -quiet 
Execute       ap_part_info -name xc7z020-clg400-1 -data names -quiet 
Execute       ap_part_info -name xc7z020-clg400-1 -data info -quiet 
Execute       source /mnt/sdc3/david/projs/hardware-software/part2/ip_cores/pixel_pack/solution1/.autopilot/db/global.setting.tcl 
Execute       ap_part_info -name xc7z020-clg400-1 -data names -quiet 
Execute       ap_part_info -name xc7z020-clg400-1 -data info -quiet 
Execute       source /mnt/sdc3/david/projs/hardware-software/part2/ip_cores/pixel_pack/solution1/.autopilot/db/pixel_pack.constraint.tcl 
Execute       get_config_export -vivado_clock 
Execute       source /mnt/sdc3/david/projs/hardware-software/part2/ip_cores/pixel_pack/solution1/.autopilot/db/pixel_pack.tbgen.tcl 
INFO-FLOW: DBG:CMD:       hasPcoreIpAdapter=false #gSsdmPorts=12
INFO-FLOW: DBG:CMD: Skipping loadAnalyze_DB, #g_database=8
INFO-FLOW: DBG:CMD:       generate_json is_phase_csynth=0 g_has_adaptors=false generate_bd_files=1 #modelList=3 #gSsdmPorts=12
Execute       source /mnt/sdc3/david/projs/hardware-software/part2/ip_cores/pixel_pack/solution1/.autopilot/db/global.setting.tcl 
Execute       source /mnt/sdc3/david/projs/hardware-software/part2/ip_cores/pixel_pack/solution1/.autopilot/db/global.setting.tcl 
Execute       get_config_export -xo 
Execute       source /mnt/sdc3/david/projs/hardware-software/part2/ip_cores/pixel_pack/solution1/.autopilot/db/pixel_pack.tbgen.tcl 
Execute       source /mnt/sdc3/david/projs/hardware-software/part2/ip_cores/pixel_pack/solution1/.autopilot/db/pixel_pack.compgen.dataonly.tcl 
Execute       source /mnt/sdc3/david/projs/hardware-software/part2/ip_cores/pixel_pack/solution1/.autopilot/db/pixel_pack.compgen.dataonly.tcl 
Execute       source /mnt/sdc3/david/projs/hardware-software/part2/ip_cores/pixel_pack/solution1/.autopilot/db/pixel_pack.tbgen.tcl 
Execute       source /mnt/sdc3/david/projs/hardware-software/part2/ip_cores/pixel_pack/solution1/.autopilot/db/pixel_pack.tbgen.tcl 
Execute       source /mnt/sdc3/david/projs/hardware-software/part2/ip_cores/pixel_pack/solution1/.autopilot/db/pixel_pack.tbgen.tcl 
Execute       source /mnt/sdc3/david/projs/hardware-software/part2/ip_cores/pixel_pack/solution1/.autopilot/db/global.setting.tcl 
Execute       get_config_sdx -target 
Execute       source /mnt/sdc3/david/projs/hardware-software/part2/ip_cores/pixel_pack/solution1/.autopilot/db/pixel_pack.rtl_wrap.cfg.tcl 
Execute       source /mnt/sdc3/david/projs/hardware-software/part2/ip_cores/pixel_pack/solution1/.autopilot/db/pixel_pack.compgen.dataonly.tcl 
Execute       source /mnt/sdc3/david/projs/hardware-software/part2/ip_cores/pixel_pack/solution1/.autopilot/db/global.setting.tcl 
Execute       ap_part_info -name xc7z020-clg400-1 -data names -quiet 
Execute       ap_part_info -name xc7z020-clg400-1 -data info -quiet 
Execute       source /mnt/sdc3/david/projs/hardware-software/part2/ip_cores/pixel_pack/solution1/.autopilot/db/pixel_pack.constraint.tcl 
Execute       sc_get_clocks pixel_pack 
Execute       ap_part_info -name xc7z020-clg400-1 -data names -quiet 
Execute       ap_part_info -name xc7z020-clg400-1 -data info -quiet 
Execute       source /mnt/sdc3/david/projs/hardware-software/part2/ip_cores/pixel_pack/solution1/.autopilot/db/global.setting.tcl 
Execute       get_config_debug -directory 
Execute       source /mnt/sdc3/david/projs/hardware-software/part2/ip_cores/pixel_pack/solution1/.autopilot/db/pixel_pack.tbgen.tcl 
Execute       get_config_sdx -target 
Execute       get_config_sdx -profile 
Execute       get_config_rtl -kernel_profile 
Execute       get_config_rtl -stall_sig_gen 
Execute       get_config_rtl -profile 
INFO-FLOW: DBG:CMD: add_json_sdx_info kernel file does not exist, skipping opencl info: /mnt/sdc3/david/projs/hardware-software/part2/ip_cores/pixel_pack/solution1/.autopilot/db/kernel.internal.xml
INFO-FLOW: DBG:CMD:       copying IP vlog from /mnt/sdc3/david/projs/hardware-software/part2/ip_cores/pixel_pack/solution1/impl/verilog
INFO-FLOW: DBG:CMD:       copying IP vhdl from /mnt/sdc3/david/projs/hardware-software/part2/ip_cores/pixel_pack/solution1/impl/vhdl
INFO-FLOW: DBG:CMD:       copy ip_driver_dir 1_0 /mnt/sdc3/david/projs/hardware-software/part2/ip_cores/pixel_pack/solution1/.autopilot/db/driver
INFO-FLOW: DBG:CMD:       generate_ip_script #gSsdmPorts=12
Execute       ap_part_info -name xc7z020-clg400-1 -data names -quiet 
Execute       ap_part_info -name xc7z020-clg400-1 -data info -quiet 
Execute       ap_part_info -name xc7z020-clg400-1 -data names -quiet 
Execute       ap_part_info -name xc7z020-clg400-1 -data info -quiet 
Execute       source /mnt/sdc3/david/projs/hardware-software/part2/ip_cores/pixel_pack/solution1/.autopilot/db/pixel_pack.compgen.dataonly.tcl 
Execute       source /mnt/sdc3/david/projs/hardware-software/part2/ip_cores/pixel_pack/solution1/.autopilot/db/pixel_pack.compgen.dataonly.tcl 
Execute       source /mnt/sdc3/david/projs/hardware-software/part2/ip_cores/pixel_pack/solution1/.autopilot/db/pixel_pack.tbgen.tcl 
Execute       source /mnt/sdc3/david/projs/hardware-software/part2/ip_cores/pixel_pack/solution1/.autopilot/db/pixel_pack.tbgen.tcl 
Execute       source /mnt/sdc3/david/projs/hardware-software/part2/ip_cores/pixel_pack/solution1/.autopilot/db/pixel_pack.tbgen.tcl 
Execute       source /mnt/sdc3/david/projs/hardware-software/part2/ip_cores/pixel_pack/solution1/.autopilot/db/global.setting.tcl 
Execute       get_config_sdx -target 
Execute       get_config_debug -directory 
INFO-FLOW: DBG:CMD:       generate_ip_auxiliary
Execute       ap_part_info -name xc7z020-clg400-1 -data names -quiet 
Execute       ap_part_info -name xc7z020-clg400-1 -data info -quiet 
Execute       source /mnt/sdc3/david/projs/hardware-software/part2/ip_cores/pixel_pack/solution1/.autopilot/db/global.setting.tcl 
INFO-FLOW: DBG:CMD:       prepArgInfo -> loadAnalyze_DB top_module=pixel_pack
Execute       source /mnt/sdc3/david/projs/hardware-software/part2/ip_cores/pixel_pack/solution1/.autopilot/db/pixel_pack.rtl_wrap.cfg.tcl 
Execute       source /mnt/sdc3/david/projs/hardware-software/part2/ip_cores/pixel_pack/solution1/.autopilot/db/pixel_pack.rtl_wrap.cfg.tcl 
Execute       source /mnt/sdc3/david/projs/hardware-software/part2/ip_cores/pixel_pack/solution1/.autopilot/db/pixel_pack.rtl_wrap.cfg.tcl 
Execute       source /mnt/sdc3/david/projs/hardware-software/part2/ip_cores/pixel_pack/solution1/.autopilot/db/pixel_pack.tbgen.tcl 
Execute       source /mnt/sdc3/david/projs/hardware-software/part2/ip_cores/pixel_pack/solution1/.autopilot/db/pixel_pack.tbgen.tcl 
Execute       source /mnt/sdc3/david/projs/hardware-software/part2/ip_cores/pixel_pack/solution1/.autopilot/db/pixel_pack.tbgen.tcl 
INFO-FLOW: DBG:CMD:       generate_top_info
INFO-FLOW: DBG:CMD:       prepArgInfo -> loadAnalyze_DB top_module=pixel_pack
Execute       source /mnt/sdc3/david/projs/hardware-software/part2/ip_cores/pixel_pack/solution1/.autopilot/db/pixel_pack.rtl_wrap.cfg.tcl 
Execute       source /mnt/sdc3/david/projs/hardware-software/part2/ip_cores/pixel_pack/solution1/.autopilot/db/pixel_pack.rtl_wrap.cfg.tcl 
Execute       source /mnt/sdc3/david/projs/hardware-software/part2/ip_cores/pixel_pack/solution1/.autopilot/db/pixel_pack.rtl_wrap.cfg.tcl 
Execute       source /mnt/sdc3/david/projs/hardware-software/part2/ip_cores/pixel_pack/solution1/.autopilot/db/pixel_pack.tbgen.tcl 
Execute       source /mnt/sdc3/david/projs/hardware-software/part2/ip_cores/pixel_pack/solution1/.autopilot/db/pixel_pack.tbgen.tcl 
Execute       ap_part_info -name xc7z020-clg400-1 -data names -quiet 
Execute       ap_part_info -name xc7z020-clg400-1 -data info -quiet 
Execute       source /mnt/sdc3/david/projs/hardware-software/part2/ip_cores/pixel_pack/solution1/.autopilot/db/global.setting.tcl 
Execute       ap_part_info -name xc7z020-clg400-1 -data names -quiet 
Execute       ap_part_info -name xc7z020-clg400-1 -data info -quiet 
INFO-FLOW: DBG:CMD:       generate_ip_bd_script
Execute       ap_part_info -name xc7z020-clg400-1 -data names -quiet 
Execute       ap_part_info -name xc7z020-clg400-1 -data info -quiet 
Execute       ap_part_info -name xc7z020-clg400-1 -data names -quiet 
Execute       ap_part_info -name xc7z020-clg400-1 -data info -quiet 
Execute       source /mnt/sdc3/david/projs/hardware-software/part2/ip_cores/pixel_pack/solution1/.autopilot/db/pixel_pack.tbgen.tcl 
Execute       source /mnt/sdc3/david/projs/hardware-software/part2/ip_cores/pixel_pack/solution1/.autopilot/db/global.setting.tcl 
Execute       source /mnt/sdc3/david/projs/hardware-software/part2/ip_cores/pixel_pack/solution1/.autopilot/db/pixel_pack.constraint.tcl 
INFO-FLOW: DBG:CMD:       generate_ipi_example_script
Execute       ap_part_info -name xc7z020-clg400-1 -data names -quiet 
Execute       ap_part_info -name xc7z020-clg400-1 -data info -quiet 
Execute       ap_part_info -name xc7z020-clg400-1 -data names -quiet 
Execute       ap_part_info -name xc7z020-clg400-1 -data info -quiet 
INFO-FLOW: DBG:CMD:       generate_syn_sh
Execute       ap_part_info -name xc7z020-clg400-1 -data names -quiet 
Execute       ap_part_info -name xc7z020-clg400-1 -data info -quiet 
Execute       source /mnt/sdc3/david/projs/hardware-software/part2/ip_cores/pixel_pack/solution1/.autopilot/db/global.setting.tcl 
INFO-FLOW: DBG:CMD:       generate_imp_constraints
Execute       ap_part_info -name xc7z020-clg400-1 -data names -quiet 
Execute       ap_part_info -name xc7z020-clg400-1 -data info -quiet 
Execute       source /mnt/sdc3/david/projs/hardware-software/part2/ip_cores/pixel_pack/solution1/.autopilot/db/pixel_pack.constraint.tcl 
Execute       get_config_export -vivado_clock 
Execute       source /mnt/sdc3/david/projs/hardware-software/part2/ip_cores/pixel_pack/solution1/.autopilot/db/pixel_pack.tbgen.tcl 
INFO-FLOW: DBG:CMD:       delete-temp-dirs (skipped for debug)
Execute       ap_part_info -name xc7z020-clg400-1 -data names -quiet 
Execute       ap_part_info -name xc7z020-clg400-1 -data info -quiet 
INFO-FLOW: DBG:CMD: read_platform_lib /mnt/sdc3/david/projs/hardware-software/part2/ip_cores/pixel_pack/solution1/.autopilot/db/global.setting.tcl
Execute       source /home/david/Xilinx/Vivado/2020.1/common/technology/generic/autopilot/common.gen 
Execute         source /home/david/Xilinx/Vivado/2020.1/common/technology/generic/autopilot/APCoreGen.gen 
Execute       source /home/david/Xilinx/Vivado/2020.1/common/technology/generic/autopilot/op.gen 
Execute       source /home/david/Xilinx/Vivado/2020.1/common/technology/generic/autopilot/op_simcore.gen 
Execute       source /home/david/Xilinx/Vivado/2020.1/common/technology/generic/autopilot/interface.gen 
Execute       source /mnt/sdc3/david/projs/hardware-software/part2/ip_cores/pixel_pack/solution1/.autopilot/db/global.setting.tcl 
Execute       source /home/david/Xilinx/Vivado/2020.1/common/technology/xilinx/zynq/zynq.gen 
Execute         source /home/david/Xilinx/Vivado/2020.1/common/technology/xilinx/common/xilinx.gen 
Execute           source /home/david/Xilinx/Vivado/2020.1/common/technology/xilinx/interface/plb46.gen 
Execute           source /home/david/Xilinx/Vivado/2020.1/common/technology/xilinx/interface/fsl.gen 
Execute           source /home/david/Xilinx/Vivado/2020.1/common/technology/xilinx/interface/axi4.gen 
Execute           source /home/david/Xilinx/Vivado/2020.1/common/technology/xilinx/interface/nativeAXI4.gen 
Execute             source /home/david/Xilinx/Vivado/2020.1/common/technology/xilinx/interface/saxilite.gen 
Execute             source /home/david/Xilinx/Vivado/2020.1/common/technology/xilinx/interface/maxi.gen 
Execute           source /home/david/Xilinx/Vivado/2020.1/common/technology/xilinx/scripts/xilinxcoregen.gen 
Execute           source /home/david/Xilinx/Vivado/2020.1/common/technology/xilinx/interface/XilEDKCoreGen.gen 
Execute           source /home/david/Xilinx/Vivado/2020.1/common/technology/xilinx/ip/dds_compiler.gen 
Execute           source /home/david/Xilinx/Vivado/2020.1/common/technology/xilinx/ip/util.gen 
Execute           source /home/david/Xilinx/Vivado/2020.1/common/technology/xilinx/ip/xfft.gen 
Execute           source /home/david/Xilinx/Vivado/2020.1/common/technology/xilinx/ip/xfir.gen 
Execute           source /home/david/Xilinx/Vivado/2020.1/common/technology/xilinx/common/dsp48.gen 
Execute       source /home/david/Xilinx/Vivado/2020.1/common/technology/xilinx/zynq/zynq_fpv6.gen 
Execute         source /home/david/Xilinx/Vivado/2020.1/common/technology/xilinx/common/xilinx_fp.gen 
Execute       ap_part_info -name xc7z020-clg400-1 -data names -quiet 
Execute       ap_part_info -name xc7z020-clg400-1 -data info -quiet 
INFO-FLOW: DBG:CMD:     exec /mnt/sdc3/david/projs/hardware-software/part2/ip_cores/pixel_pack/solution1/impl/ip/pack.sh
Command     export_design done; 12.32 sec.
Execute     cleanup_all 
