
*** Running vivado
    with args -log hsc_video_rgb2dvi_0_0.vds -m64 -product Vivado -mode batch -messageDb vivado.pb -notrace -source hsc_video_rgb2dvi_0_0.tcl


****** Vivado v2020.1 (64-bit)
  **** SW Build 2902540 on Wed May 27 19:54:35 MDT 2020
  **** IP Build 2902112 on Wed May 27 22:43:36 MDT 2020
    ** Copyright 1986-2020 Xilinx, Inc. All Rights Reserved.

source hsc_video_rgb2dvi_0_0.tcl -notrace
INFO: [IP_Flow 19-234] Refreshing IP repositories
INFO: [IP_Flow 19-1700] Loaded user IP repository '/mnt/sdc3/david/projs/hardware-software/part2/ip_cores'.
INFO: [IP_Flow 19-2313] Loaded Vivado IP repository '/home/david/Xilinx/Vivado/2020.1/data/ip'.
Command: synth_design -top hsc_video_rgb2dvi_0_0 -part xc7z020clg400-1 -mode out_of_context
Starting synth_design
Attempting to get a license for feature 'Synthesis' and/or device 'xc7z020'
INFO: [Common 17-349] Got license for feature 'Synthesis' and/or device 'xc7z020'
INFO: [Device 21-403] Loading part xc7z020clg400-1
INFO: [Synth 8-7079] Multithreading enabled for synth_design using a maximum of 4 processes.
INFO: [Synth 8-7078] Launching helper process for spawning children vivado processes
INFO: [Synth 8-7075] Helper process launched with PID 12530
---------------------------------------------------------------------------------
Starting RTL Elaboration : Time (s): cpu = 00:00:04 ; elapsed = 00:00:10 . Memory (MB): peak = 2091.918 ; gain = 0.000 ; free physical = 1986 ; free virtual = 23282
---------------------------------------------------------------------------------
INFO: [Synth 8-638] synthesizing module 'hsc_video_rgb2dvi_0_0' [/mnt/sdc3/david/projs/hardware-software/part2/overlay/hsc_video/hsc_video.srcs/sources_1/bd/hsc_video/ip/hsc_video_rgb2dvi_0_0/synth/hsc_video_rgb2dvi_0_0.vhd:72]
	Parameter kGenerateSerialClk bound to: 0 - type: bool 
	Parameter kClkPrimitive bound to: MMCM - type: string 
	Parameter kRstActiveHigh bound to: 0 - type: bool 
	Parameter kClkRange bound to: 2 - type: integer 
INFO: [Synth 8-3491] module 'rgb2dvi' declared at '/mnt/sdc3/david/projs/hardware-software/part2/overlay/hsc_video/hsc_video.srcs/sources_1/bd/hsc_video/ipshared/bd5a/src/rgb2dvi.vhd:61' bound to instance 'U0' of component 'rgb2dvi' [/mnt/sdc3/david/projs/hardware-software/part2/overlay/hsc_video/hsc_video.srcs/sources_1/bd/hsc_video/ip/hsc_video_rgb2dvi_0_0/synth/hsc_video_rgb2dvi_0_0.vhd:119]
INFO: [Synth 8-638] synthesizing module 'rgb2dvi' [/mnt/sdc3/david/projs/hardware-software/part2/overlay/hsc_video/hsc_video.srcs/sources_1/bd/hsc_video/ipshared/bd5a/src/rgb2dvi.vhd:89]
	Parameter kGenerateSerialClk bound to: 0 - type: bool 
	Parameter kClkPrimitive bound to: MMCM - type: string 
	Parameter kClkRange bound to: 2 - type: integer 
	Parameter kRstActiveHigh bound to: 0 - type: bool 
INFO: [Synth 8-638] synthesizing module 'ResetBridge' [/mnt/sdc3/david/projs/hardware-software/part2/overlay/hsc_video/hsc_video.srcs/sources_1/bd/hsc_video/ipshared/bd5a/src/SyncAsyncReset.vhd:72]
	Parameter kPolarity bound to: 1'b1 
INFO: [Synth 8-638] synthesizing module 'SyncAsync' [/mnt/sdc3/david/projs/hardware-software/part2/overlay/hsc_video/hsc_video.srcs/sources_1/bd/hsc_video/ipshared/bd5a/src/SyncAsync.vhd:72]
	Parameter kResetTo bound to: 1'b1 
	Parameter kStages bound to: 2 - type: integer 
INFO: [Synth 8-256] done synthesizing module 'SyncAsync' (1#1) [/mnt/sdc3/david/projs/hardware-software/part2/overlay/hsc_video/hsc_video.srcs/sources_1/bd/hsc_video/ipshared/bd5a/src/SyncAsync.vhd:72]
INFO: [Synth 8-256] done synthesizing module 'ResetBridge' (2#1) [/mnt/sdc3/david/projs/hardware-software/part2/overlay/hsc_video/hsc_video.srcs/sources_1/bd/hsc_video/ipshared/bd5a/src/SyncAsyncReset.vhd:72]
INFO: [Synth 8-638] synthesizing module 'OutputSERDES' [/mnt/sdc3/david/projs/hardware-software/part2/overlay/hsc_video/hsc_video.srcs/sources_1/bd/hsc_video/ipshared/bd5a/src/OutputSERDES.vhd:76]
	Parameter kParallelWidth bound to: 10 - type: integer 
	Parameter CAPACITANCE bound to: DONT_CARE - type: string 
	Parameter IOSTANDARD bound to: TMDS_33 - type: string 
	Parameter SLEW bound to: SLOW - type: string 
INFO: [Synth 8-113] binding component instance 'OutputBuffer' to cell 'OBUFDS' [/mnt/sdc3/david/projs/hardware-software/part2/overlay/hsc_video/hsc_video.srcs/sources_1/bd/hsc_video/ipshared/bd5a/src/OutputSERDES.vhd:83]
	Parameter DATA_RATE_OQ bound to: DDR - type: string 
	Parameter DATA_RATE_TQ bound to: SDR - type: string 
	Parameter DATA_WIDTH bound to: 10 - type: integer 
	Parameter INIT_OQ bound to: 1'b0 
	Parameter INIT_TQ bound to: 1'b0 
	Parameter IS_CLKDIV_INVERTED bound to: 1'b0 
	Parameter IS_CLK_INVERTED bound to: 1'b0 
	Parameter IS_D1_INVERTED bound to: 1'b0 
	Parameter IS_D2_INVERTED bound to: 1'b0 
	Parameter IS_D3_INVERTED bound to: 1'b0 
	Parameter IS_D4_INVERTED bound to: 1'b0 
	Parameter IS_D5_INVERTED bound to: 1'b0 
	Parameter IS_D6_INVERTED bound to: 1'b0 
	Parameter IS_D7_INVERTED bound to: 1'b0 
	Parameter IS_D8_INVERTED bound to: 1'b0 
	Parameter IS_T1_INVERTED bound to: 1'b0 
	Parameter IS_T2_INVERTED bound to: 1'b0 
	Parameter IS_T3_INVERTED bound to: 1'b0 
	Parameter IS_T4_INVERTED bound to: 1'b0 
	Parameter SERDES_MODE bound to: MASTER - type: string 
	Parameter SRVAL_OQ bound to: 1'b0 
	Parameter SRVAL_TQ bound to: 1'b0 
	Parameter TBYTE_CTL bound to: FALSE - type: string 
	Parameter TBYTE_SRC bound to: FALSE - type: string 
	Parameter TRISTATE_WIDTH bound to: 1 - type: integer 
INFO: [Synth 8-113] binding component instance 'SerializerMaster' to cell 'OSERDESE2' [/mnt/sdc3/david/projs/hardware-software/part2/overlay/hsc_video/hsc_video.srcs/sources_1/bd/hsc_video/ipshared/bd5a/src/OutputSERDES.vhd:92]
	Parameter DATA_RATE_OQ bound to: DDR - type: string 
	Parameter DATA_RATE_TQ bound to: SDR - type: string 
	Parameter DATA_WIDTH bound to: 10 - type: integer 
	Parameter INIT_OQ bound to: 1'b0 
	Parameter INIT_TQ bound to: 1'b0 
	Parameter IS_CLKDIV_INVERTED bound to: 1'b0 
	Parameter IS_CLK_INVERTED bound to: 1'b0 
	Parameter IS_D1_INVERTED bound to: 1'b0 
	Parameter IS_D2_INVERTED bound to: 1'b0 
	Parameter IS_D3_INVERTED bound to: 1'b0 
	Parameter IS_D4_INVERTED bound to: 1'b0 
	Parameter IS_D5_INVERTED bound to: 1'b0 
	Parameter IS_D6_INVERTED bound to: 1'b0 
	Parameter IS_D7_INVERTED bound to: 1'b0 
	Parameter IS_D8_INVERTED bound to: 1'b0 
	Parameter IS_T1_INVERTED bound to: 1'b0 
	Parameter IS_T2_INVERTED bound to: 1'b0 
	Parameter IS_T3_INVERTED bound to: 1'b0 
	Parameter IS_T4_INVERTED bound to: 1'b0 
	Parameter SERDES_MODE bound to: SLAVE - type: string 
	Parameter SRVAL_OQ bound to: 1'b0 
	Parameter SRVAL_TQ bound to: 1'b0 
	Parameter TBYTE_CTL bound to: FALSE - type: string 
	Parameter TBYTE_SRC bound to: FALSE - type: string 
	Parameter TRISTATE_WIDTH bound to: 1 - type: integer 
INFO: [Synth 8-113] binding component instance 'SerializerSlave' to cell 'OSERDESE2' [/mnt/sdc3/david/projs/hardware-software/part2/overlay/hsc_video/hsc_video.srcs/sources_1/bd/hsc_video/ipshared/bd5a/src/OutputSERDES.vhd:135]
INFO: [Synth 8-256] done synthesizing module 'OutputSERDES' (3#1) [/mnt/sdc3/david/projs/hardware-software/part2/overlay/hsc_video/hsc_video.srcs/sources_1/bd/hsc_video/ipshared/bd5a/src/OutputSERDES.vhd:76]
INFO: [Synth 8-638] synthesizing module 'TMDS_Encoder' [/mnt/sdc3/david/projs/hardware-software/part2/overlay/hsc_video/hsc_video.srcs/sources_1/bd/hsc_video/ipshared/bd5a/src/TMDS_Encoder.vhd:80]
INFO: [Synth 8-256] done synthesizing module 'TMDS_Encoder' (4#1) [/mnt/sdc3/david/projs/hardware-software/part2/overlay/hsc_video/hsc_video.srcs/sources_1/bd/hsc_video/ipshared/bd5a/src/TMDS_Encoder.vhd:80]
INFO: [Synth 8-256] done synthesizing module 'rgb2dvi' (5#1) [/mnt/sdc3/david/projs/hardware-software/part2/overlay/hsc_video/hsc_video.srcs/sources_1/bd/hsc_video/ipshared/bd5a/src/rgb2dvi.vhd:89]
INFO: [Synth 8-256] done synthesizing module 'hsc_video_rgb2dvi_0_0' (6#1) [/mnt/sdc3/david/projs/hardware-software/part2/overlay/hsc_video/hsc_video.srcs/sources_1/bd/hsc_video/ip/hsc_video_rgb2dvi_0_0/synth/hsc_video_rgb2dvi_0_0.vhd:72]
---------------------------------------------------------------------------------
Finished RTL Elaboration : Time (s): cpu = 00:00:05 ; elapsed = 00:00:12 . Memory (MB): peak = 2091.918 ; gain = 0.000 ; free physical = 2029 ; free virtual = 23326
---------------------------------------------------------------------------------
---------------------------------------------------------------------------------
Start Handling Custom Attributes
---------------------------------------------------------------------------------
---------------------------------------------------------------------------------
Finished Handling Custom Attributes : Time (s): cpu = 00:00:05 ; elapsed = 00:00:13 . Memory (MB): peak = 2091.918 ; gain = 0.000 ; free physical = 2076 ; free virtual = 23376
---------------------------------------------------------------------------------
---------------------------------------------------------------------------------
Finished RTL Optimization Phase 1 : Time (s): cpu = 00:00:05 ; elapsed = 00:00:13 . Memory (MB): peak = 2091.918 ; gain = 0.000 ; free physical = 2076 ; free virtual = 23376
---------------------------------------------------------------------------------
Netlist sorting complete. Time (s): cpu = 00:00:00 ; elapsed = 00:00:00 . Memory (MB): peak = 2091.918 ; gain = 0.000 ; free physical = 2068 ; free virtual = 23368
INFO: [Netlist 29-17] Analyzing 4 Unisim elements for replacement
INFO: [Netlist 29-28] Unisim Transformation completed in 0 CPU seconds
INFO: [Project 1-570] Preparing netlist for logic optimization

Processing XDC Constraints
Initializing timing engine
Parsing XDC File [/mnt/sdc3/david/projs/hardware-software/part2/overlay/hsc_video/hsc_video.srcs/sources_1/bd/hsc_video/ip/hsc_video_rgb2dvi_0_0/src/rgb2dvi_ooc.xdc] for cell 'U0'
Finished Parsing XDC File [/mnt/sdc3/david/projs/hardware-software/part2/overlay/hsc_video/hsc_video.srcs/sources_1/bd/hsc_video/ip/hsc_video_rgb2dvi_0_0/src/rgb2dvi_ooc.xdc] for cell 'U0'
Parsing XDC File [/mnt/sdc3/david/projs/hardware-software/part2/overlay/hsc_video/hsc_video.srcs/sources_1/bd/hsc_video/ip/hsc_video_rgb2dvi_0_0/src/rgb2dvi.xdc] for cell 'U0'
Finished Parsing XDC File [/mnt/sdc3/david/projs/hardware-software/part2/overlay/hsc_video/hsc_video.srcs/sources_1/bd/hsc_video/ip/hsc_video_rgb2dvi_0_0/src/rgb2dvi.xdc] for cell 'U0'
Parsing XDC File [/mnt/sdc3/david/projs/hardware-software/part2/overlay/hsc_video/hsc_video.runs/hsc_video_rgb2dvi_0_0_synth_1/dont_touch.xdc]
Finished Parsing XDC File [/mnt/sdc3/david/projs/hardware-software/part2/overlay/hsc_video/hsc_video.runs/hsc_video_rgb2dvi_0_0_synth_1/dont_touch.xdc]
Parsing XDC File [/mnt/sdc3/david/projs/hardware-software/part2/overlay/hsc_video/hsc_video.srcs/sources_1/bd/hsc_video/ip/hsc_video_rgb2dvi_0_0/src/rgb2dvi_clocks.xdc] for cell 'U0'
WARNING: [Constraints 18-619] A clock with name 'SerialClk' already exists, overwriting the previous clock with the same name. [/mnt/sdc3/david/projs/hardware-software/part2/overlay/hsc_video/hsc_video.srcs/sources_1/bd/hsc_video/ip/hsc_video_rgb2dvi_0_0/src/rgb2dvi_clocks.xdc:2]
Finished Parsing XDC File [/mnt/sdc3/david/projs/hardware-software/part2/overlay/hsc_video/hsc_video.srcs/sources_1/bd/hsc_video/ip/hsc_video_rgb2dvi_0_0/src/rgb2dvi_clocks.xdc] for cell 'U0'
Completed Processing XDC Constraints

Netlist sorting complete. Time (s): cpu = 00:00:00 ; elapsed = 00:00:00 . Memory (MB): peak = 2123.797 ; gain = 0.000 ; free physical = 1882 ; free virtual = 23186
INFO: [Project 1-111] Unisim Transformation Summary:
No Unisim elements were transformed.

Constraint Validation Runtime : Time (s): cpu = 00:00:00.01 ; elapsed = 00:00:00.05 . Memory (MB): peak = 2123.797 ; gain = 0.000 ; free physical = 1881 ; free virtual = 23185
---------------------------------------------------------------------------------
Finished Constraint Validation : Time (s): cpu = 00:00:12 ; elapsed = 00:00:23 . Memory (MB): peak = 2123.797 ; gain = 31.879 ; free physical = 1916 ; free virtual = 23218
---------------------------------------------------------------------------------
---------------------------------------------------------------------------------
Start Loading Part and Timing Information
---------------------------------------------------------------------------------
Loading part: xc7z020clg400-1
---------------------------------------------------------------------------------
Finished Loading Part and Timing Information : Time (s): cpu = 00:00:12 ; elapsed = 00:00:23 . Memory (MB): peak = 2123.797 ; gain = 31.879 ; free physical = 1914 ; free virtual = 23215
---------------------------------------------------------------------------------
---------------------------------------------------------------------------------
Start Applying 'set_property' XDC Constraints
---------------------------------------------------------------------------------
Applied set_property DONT_TOUCH = true for U0. (constraint file  /mnt/sdc3/david/projs/hardware-software/part2/overlay/hsc_video/hsc_video.runs/hsc_video_rgb2dvi_0_0_synth_1/dont_touch.xdc, line 9).
---------------------------------------------------------------------------------
Finished applying 'set_property' XDC Constraints : Time (s): cpu = 00:00:12 ; elapsed = 00:00:23 . Memory (MB): peak = 2123.797 ; gain = 31.879 ; free physical = 1907 ; free virtual = 23208
---------------------------------------------------------------------------------
---------------------------------------------------------------------------------
Finished RTL Optimization Phase 2 : Time (s): cpu = 00:00:12 ; elapsed = 00:00:24 . Memory (MB): peak = 2123.797 ; gain = 31.879 ; free physical = 1995 ; free virtual = 23298
---------------------------------------------------------------------------------
---------------------------------------------------------------------------------
Start RTL Component Statistics 
---------------------------------------------------------------------------------
Detailed RTL Component Info : 
+---Adders : 
	   3 Input    5 Bit       Adders := 9     
	   4 Input    5 Bit       Adders := 3     
	   2 Input    5 Bit       Adders := 3     
	   8 Input    4 Bit       Adders := 6     
	   2 Input    4 Bit       Adders := 3     
+---XORs : 
	   2 Input      1 Bit         XORs := 42    
+---Registers : 
	               10 Bit    Registers := 3     
	                9 Bit    Registers := 3     
	                8 Bit    Registers := 3     
	                5 Bit    Registers := 3     
	                4 Bit    Registers := 9     
	                2 Bit    Registers := 1     
	                1 Bit    Registers := 18    
+---Muxes : 
	   4 Input   10 Bit        Muxes := 3     
	   2 Input    9 Bit        Muxes := 3     
	   2 Input    5 Bit        Muxes := 9     
---------------------------------------------------------------------------------
Finished RTL Component Statistics 
---------------------------------------------------------------------------------
---------------------------------------------------------------------------------
Start Part Resource Summary
---------------------------------------------------------------------------------
Part Resources:
DSPs: 220 (col length:60)
BRAMs: 280 (col length: RAMB18 60 RAMB36 30)
---------------------------------------------------------------------------------
Finished Part Resource Summary
---------------------------------------------------------------------------------
---------------------------------------------------------------------------------
Start Cross Boundary and Area Optimization
---------------------------------------------------------------------------------
---------------------------------------------------------------------------------
Finished Cross Boundary and Area Optimization : Time (s): cpu = 00:00:15 ; elapsed = 00:00:28 . Memory (MB): peak = 2123.797 ; gain = 31.879 ; free physical = 1971 ; free virtual = 23279
---------------------------------------------------------------------------------
---------------------------------------------------------------------------------
Start Applying XDC Timing Constraints
---------------------------------------------------------------------------------
WARNING: [Synth 8-565] redefining clock 'SerialClk'
---------------------------------------------------------------------------------
Finished Applying XDC Timing Constraints : Time (s): cpu = 00:00:21 ; elapsed = 00:00:37 . Memory (MB): peak = 2123.797 ; gain = 31.879 ; free physical = 3322 ; free virtual = 24625
---------------------------------------------------------------------------------
---------------------------------------------------------------------------------
Start Timing Optimization
---------------------------------------------------------------------------------
---------------------------------------------------------------------------------
Finished Timing Optimization : Time (s): cpu = 00:00:21 ; elapsed = 00:00:37 . Memory (MB): peak = 2123.797 ; gain = 31.879 ; free physical = 3414 ; free virtual = 24665
---------------------------------------------------------------------------------
---------------------------------------------------------------------------------
Start Technology Mapping
---------------------------------------------------------------------------------
---------------------------------------------------------------------------------
Finished Technology Mapping : Time (s): cpu = 00:00:21 ; elapsed = 00:00:38 . Memory (MB): peak = 2123.797 ; gain = 31.879 ; free physical = 3363 ; free virtual = 24614
---------------------------------------------------------------------------------
---------------------------------------------------------------------------------
Start IO Insertion
---------------------------------------------------------------------------------
---------------------------------------------------------------------------------
Start Flattening Before IO Insertion
---------------------------------------------------------------------------------
---------------------------------------------------------------------------------
Finished Flattening Before IO Insertion
---------------------------------------------------------------------------------
---------------------------------------------------------------------------------
Start Final Netlist Cleanup
---------------------------------------------------------------------------------
---------------------------------------------------------------------------------
Finished Final Netlist Cleanup
---------------------------------------------------------------------------------
---------------------------------------------------------------------------------
Finished IO Insertion : Time (s): cpu = 00:00:24 ; elapsed = 00:00:42 . Memory (MB): peak = 2123.797 ; gain = 31.879 ; free physical = 3471 ; free virtual = 24773
---------------------------------------------------------------------------------
---------------------------------------------------------------------------------
Start Renaming Generated Instances
---------------------------------------------------------------------------------
---------------------------------------------------------------------------------
Finished Renaming Generated Instances : Time (s): cpu = 00:00:24 ; elapsed = 00:00:42 . Memory (MB): peak = 2123.797 ; gain = 31.879 ; free physical = 3471 ; free virtual = 24773
---------------------------------------------------------------------------------
---------------------------------------------------------------------------------
Start Rebuilding User Hierarchy
---------------------------------------------------------------------------------
---------------------------------------------------------------------------------
Finished Rebuilding User Hierarchy : Time (s): cpu = 00:00:24 ; elapsed = 00:00:42 . Memory (MB): peak = 2123.797 ; gain = 31.879 ; free physical = 3470 ; free virtual = 24772
---------------------------------------------------------------------------------
---------------------------------------------------------------------------------
Start Renaming Generated Ports
---------------------------------------------------------------------------------
---------------------------------------------------------------------------------
Finished Renaming Generated Ports : Time (s): cpu = 00:00:24 ; elapsed = 00:00:42 . Memory (MB): peak = 2123.797 ; gain = 31.879 ; free physical = 3470 ; free virtual = 24772
---------------------------------------------------------------------------------
---------------------------------------------------------------------------------
Start Handling Custom Attributes
---------------------------------------------------------------------------------
---------------------------------------------------------------------------------
Finished Handling Custom Attributes : Time (s): cpu = 00:00:24 ; elapsed = 00:00:42 . Memory (MB): peak = 2123.797 ; gain = 31.879 ; free physical = 3470 ; free virtual = 24772
---------------------------------------------------------------------------------
---------------------------------------------------------------------------------
Start Renaming Generated Nets
---------------------------------------------------------------------------------
---------------------------------------------------------------------------------
Finished Renaming Generated Nets : Time (s): cpu = 00:00:24 ; elapsed = 00:00:42 . Memory (MB): peak = 2123.797 ; gain = 31.879 ; free physical = 3470 ; free virtual = 24772
---------------------------------------------------------------------------------
---------------------------------------------------------------------------------
Start Writing Synthesis Report
---------------------------------------------------------------------------------

Report BlackBoxes: 
+-+--------------+----------+
| |BlackBox name |Instances |
+-+--------------+----------+
+-+--------------+----------+

Report Cell Usage: 
+------+----------+------+
|      |Cell      |Count |
+------+----------+------+
|1     |LUT1      |     4|
|2     |LUT2      |    22|
|3     |LUT3      |    34|
|4     |LUT4      |    22|
|5     |LUT5      |    44|
|6     |LUT6      |    73|
|7     |OSERDESE2 |     8|
|9     |FDPE      |     2|
|10    |FDRE      |   117|
|11    |FDSE      |    15|
|12    |OBUFDS    |     4|
+------+----------+------+
---------------------------------------------------------------------------------
Finished Writing Synthesis Report : Time (s): cpu = 00:00:24 ; elapsed = 00:00:42 . Memory (MB): peak = 2123.797 ; gain = 31.879 ; free physical = 3470 ; free virtual = 24772
---------------------------------------------------------------------------------
Synthesis finished with 0 errors, 0 critical warnings and 1 warnings.
Synthesis Optimization Runtime : Time (s): cpu = 00:00:22 ; elapsed = 00:00:39 . Memory (MB): peak = 2123.797 ; gain = 0.000 ; free physical = 3485 ; free virtual = 24787
Synthesis Optimization Complete : Time (s): cpu = 00:00:24 ; elapsed = 00:00:42 . Memory (MB): peak = 2123.805 ; gain = 31.879 ; free physical = 3449 ; free virtual = 24751
INFO: [Project 1-571] Translating synthesized netlist
Netlist sorting complete. Time (s): cpu = 00:00:00.01 ; elapsed = 00:00:00 . Memory (MB): peak = 2123.805 ; gain = 0.000 ; free physical = 3407 ; free virtual = 24709
INFO: [Netlist 29-17] Analyzing 4 Unisim elements for replacement
INFO: [Netlist 29-28] Unisim Transformation completed in 0 CPU seconds
INFO: [Project 1-570] Preparing netlist for logic optimization
INFO: [Opt 31-138] Pushed 0 inverter(s) to 0 load pin(s).
Netlist sorting complete. Time (s): cpu = 00:00:00 ; elapsed = 00:00:00 . Memory (MB): peak = 2123.805 ; gain = 0.000 ; free physical = 2823 ; free virtual = 24124
INFO: [Project 1-111] Unisim Transformation Summary:
No Unisim elements were transformed.

INFO: [Common 17-83] Releasing license: Synthesis
35 Infos, 2 Warnings, 0 Critical Warnings and 0 Errors encountered.
synth_design completed successfully
synth_design: Time (s): cpu = 00:00:35 ; elapsed = 00:00:55 . Memory (MB): peak = 2123.805 ; gain = 32.023 ; free physical = 2932 ; free virtual = 24232
WARNING: [Constraints 18-5210] No constraints selected for write.
Resolution: This message can indicate that there are no constraints for the design, or it can indicate that the used_in flags are set such that the constraints are ignored. This later case is used when running synth_design to not write synthesis constraints to the resulting checkpoint. Instead, project constraints are read when the synthesized design is opened.
INFO: [Common 17-1381] The checkpoint '/mnt/sdc3/david/projs/hardware-software/part2/overlay/hsc_video/hsc_video.runs/hsc_video_rgb2dvi_0_0_synth_1/hsc_video_rgb2dvi_0_0.dcp' has been generated.
WARNING: [Common 17-576] 'use_project_ipc' is deprecated. This option is deprecated and no longer used.
INFO: [Coretcl 2-1648] Added synthesis output to IP cache for IP hsc_video_rgb2dvi_0_0, cache-ID = 17ce6b352900fe59
INFO: [Coretcl 2-1174] Renamed 10 cell refs.
WARNING: [Constraints 18-5210] No constraints selected for write.
Resolution: This message can indicate that there are no constraints for the design, or it can indicate that the used_in flags are set such that the constraints are ignored. This later case is used when running synth_design to not write synthesis constraints to the resulting checkpoint. Instead, project constraints are read when the synthesized design is opened.
INFO: [Common 17-1381] The checkpoint '/mnt/sdc3/david/projs/hardware-software/part2/overlay/hsc_video/hsc_video.runs/hsc_video_rgb2dvi_0_0_synth_1/hsc_video_rgb2dvi_0_0.dcp' has been generated.
INFO: [runtcl-4] Executing : report_utilization -file hsc_video_rgb2dvi_0_0_utilization_synth.rpt -pb hsc_video_rgb2dvi_0_0_utilization_synth.pb
INFO: [Common 17-206] Exiting Vivado at Mon Mar  1 13:14:58 2021...
