INFO-FLOW: Workspace /mnt/sdc3/david/projs/hardware-software/part2/ip_cores/pixel_proc/solution1 opened at Thu Jan 25 09:09:49 CET 2024
Execute     set_part xc7z020clg400-1 -tool vivado 
Execute       ap_part_info -name xc7z020clg400-1 -data single -quiet 
Command       ap_part_info done; 0.71 sec.
Execute       ap_part_info -name xc7z020clg400-1 -data info 
Execute       add_library xilinx/zynq/zynq:xc7z020:-clg400:-1 
Execute         get_default_platform 
Execute         open_platform DefaultPlatform 
Execute         import_lib /home/david/Xilinx/Vivado/2020.1/common/technology/xilinx/zynq/zynq 
Execute           source /home/david/Xilinx/Vivado/2020.1/common/technology/xilinx/common/xilinx.lib 
Execute             source /home/david/Xilinx/Vivado/2020.1/common/technology/xilinx/interface/xilinx_interface.lib 
Execute               source /home/david/Xilinx/Vivado/2020.1/common/technology/xilinx/interface/plb46.lib 
Execute               source /home/david/Xilinx/Vivado/2020.1/common/technology/xilinx/interface/fsl.lib 
Execute               source /home/david/Xilinx/Vivado/2020.1/common/technology/xilinx/interface/axi4.lib 
Execute               source /home/david/Xilinx/Vivado/2020.1/common/technology/xilinx/interface/maxi.lib 
Execute               source /home/david/Xilinx/Vivado/2020.1/common/technology/xilinx/interface/saxilite.lib 
Execute             source /home/david/Xilinx/Vivado/2020.1/common/technology/xilinx/common/dsp48.lib 
Execute             source /home/david/Xilinx/Vivado/2020.1/common/technology/xilinx/ip/dds_compiler.lib 
Execute             source /home/david/Xilinx/Vivado/2020.1/common/technology/xilinx/ip/xfft.lib 
Execute             source /home/david/Xilinx/Vivado/2020.1/common/technology/xilinx/ip/xfir.lib 
Execute           source /home/david/Xilinx/Vivado/2020.1/common/technology/xilinx/common/xilinx.hlp 
Execute             source /home/david/Xilinx/Vivado/2020.1/common/technology/xilinx/common/target_info.tcl 
Execute             source /home/david/Xilinx/Vivado/2020.1/common/technology/xilinx/interface/xilinx_interface.hlp 
Execute               source /home/david/Xilinx/Vivado/2020.1/common/technology/xilinx/interface/maxi.hlp 
Execute               source /home/david/Xilinx/Vivado/2020.1/common/technology/xilinx/interface/saxilite.hlp 
Execute             source /home/david/Xilinx/Vivado/2020.1/common/technology/xilinx/common/dsp48.hlp 
Execute           source /home/david/Xilinx/Vivado/2020.1/common/technology/xilinx/zynq/dsp48e1.hlp 
Execute           source /home/david/Xilinx/Vivado/2020.1/common/technology/xilinx/common/xilinx.hlp 
Execute             source /home/david/Xilinx/Vivado/2020.1/common/technology/xilinx/common/target_info.tcl 
Execute             source /home/david/Xilinx/Vivado/2020.1/common/technology/xilinx/interface/xilinx_interface.hlp 
Execute               source /home/david/Xilinx/Vivado/2020.1/common/technology/xilinx/interface/maxi.hlp 
Execute               source /home/david/Xilinx/Vivado/2020.1/common/technology/xilinx/interface/saxilite.hlp 
Execute             source /home/david/Xilinx/Vivado/2020.1/common/technology/xilinx/common/dsp48.hlp 
Execute         source /home/david/Xilinx/Vivado/2020.1/common/technology/xilinx/zynq/zynq.gen 
Execute           source /home/david/Xilinx/Vivado/2020.1/common/technology/xilinx/common/xilinx.gen 
Execute             source /home/david/Xilinx/Vivado/2020.1/common/technology/xilinx/interface/plb46.gen 
Execute             source /home/david/Xilinx/Vivado/2020.1/common/technology/xilinx/interface/fsl.gen 
Execute             source /home/david/Xilinx/Vivado/2020.1/common/technology/xilinx/interface/axi4.gen 
Execute             source /home/david/Xilinx/Vivado/2020.1/common/technology/xilinx/interface/nativeAXI4.gen 
Execute               source /home/david/Xilinx/Vivado/2020.1/common/technology/xilinx/interface/saxilite.gen 
Execute               source /home/david/Xilinx/Vivado/2020.1/common/technology/xilinx/interface/maxi.gen 
Execute             source /home/david/Xilinx/Vivado/2020.1/common/technology/xilinx/scripts/xilinxcoregen.gen 
Execute             source /home/david/Xilinx/Vivado/2020.1/common/technology/xilinx/interface/XilEDKCoreGen.gen 
Execute             source /home/david/Xilinx/Vivado/2020.1/common/technology/xilinx/ip/dds_compiler.gen 
Execute             source /home/david/Xilinx/Vivado/2020.1/common/technology/xilinx/ip/util.gen 
Execute             source /home/david/Xilinx/Vivado/2020.1/common/technology/xilinx/ip/xfft.gen 
Execute             source /home/david/Xilinx/Vivado/2020.1/common/technology/xilinx/ip/xfir.gen 
Execute             source /home/david/Xilinx/Vivado/2020.1/common/technology/xilinx/common/dsp48.gen 
Execute         ap_part_info -data single -name xc7z020-clg400-1 
Execute         ap_part_info -name xc7z020-clg400-1 -data resources 
Execute         ap_part_info -name xc7z020-clg400-1 -data info 
Execute         ap_part_info -name xc7z020-clg400-1 -data info 
Execute         config_chip_info -quiet -resource {SLICE 13300} {LUT 53200} {FF 106400} {DSP48E 220} {BRAM 280} {URAM 0} 
Execute         ap_part_info -name xc7z020-clg400-1 -data info 
Execute         config_chip_info -quiet -speed slow 
Command       add_library done; 0.11 sec.
Execute       add_library xilinx/zynq/zynq_fpv6 
Execute         get_default_platform 
Execute         open_platform DefaultPlatform 
Execute         import_lib /home/david/Xilinx/Vivado/2020.1/common/technology/xilinx/zynq/zynq_fpv6 
Execute           source /home/david/Xilinx/Vivado/2020.1/common/technology/xilinx/common/xilinx_fp.lib 
Execute           source /home/david/Xilinx/Vivado/2020.1/common/technology/xilinx/common/xilinx_fp.hlp 
Execute             source /home/david/Xilinx/Vivado/2020.1/common/technology/xilinx/common/xilinx.hlp 
Execute               source /home/david/Xilinx/Vivado/2020.1/common/technology/xilinx/common/target_info.tcl 
Execute               source /home/david/Xilinx/Vivado/2020.1/common/technology/xilinx/interface/xilinx_interface.hlp 
Execute                 source /home/david/Xilinx/Vivado/2020.1/common/technology/xilinx/interface/maxi.hlp 
Execute                 source /home/david/Xilinx/Vivado/2020.1/common/technology/xilinx/interface/saxilite.hlp 
Execute               source /home/david/Xilinx/Vivado/2020.1/common/technology/xilinx/common/dsp48.hlp 
Execute         source /home/david/Xilinx/Vivado/2020.1/common/technology/xilinx/zynq/zynq_fpv6.gen 
Execute           source /home/david/Xilinx/Vivado/2020.1/common/technology/xilinx/common/xilinx_fp.gen 
INFO: [HLS 200-10] Setting target device to 'xc7z020-clg400-1'
Execute       ap_part_info -name xc7z020-clg400-1 -data info 
Execute       get_default_platform 
Command     set_part done; 0.88 sec.
Execute     create_clock -period 7 -name default 
Execute       config_clock -quiet -name default -period 7 -default=false 
INFO: [SYN 201-201] Setting up clock 'default' with a period of 7ns.
Execute     config_compile -name_max_length 40 
INFO: [XFORM 203-1161] The maximum of name length is set into 40.
Execute     config_schedule -effort medium -enable_dsp_full_reg -relax_ii_for_timing=0 -verbose 
Execute     config_rtl -reset all 
Execute     csynth_design 
Execute       get_config_compile -dump_cfg 
Execute       get_config_compile -effort 
Execute       get_config_compile -enable_clang39 
Execute       get_config_compile -g 
Execute       get_config_compile -ng 
Execute       get_config_compile -opt_fp 
Execute       get_config_compile -skip_cdt 
Execute       get_config_compile -skip_syncheck 
Execute       get_config_compile -skip_transform 
Execute       get_config_compile -keep_printf 
Execute       elaborate -effort=medium -skip_syncheck=0 -keep_printf=0 -skip_cdt=0 -skip_transform=0 -ng=0 -g=0 -opt_fp=0 -from_csynth_design=1 
Execute         get_config_schedule -relax_ii_for_timing 
Execute         get_config_schedule -suppress_dependence_error_break 
INFO: [HLS 200-10] Analyzing design file 'pixel_proc/pixel_proc.cpp' ... 
INFO-FLOW: Compiling one TU...
Execute         is_m_axi_addr64 
INFO-FLOW: Handling pixel_proc/pixel_proc.cpp as C++
Execute         ap_part_info -name xc7z020-clg400-1 -data info 
Execute         is_encrypted pixel_proc/pixel_proc.cpp 
Execute         ap_part_info -name xc7z020-clg400-1 -data info 
INFO-FLOW: Running: GCC PP
INFO-FLOW: Source preprocessing
Execute         clang  -fno-limit-debug-info -gcc-toolchain "/home/david/Xilinx/Vivado/2020.1/lnx64/tools/gcc" -hls  -fno-exceptions  -D__llvm__  -E "pixel_proc/pixel_proc.cpp"     -fno-math-errno -c -emit-llvm -O0  -mllvm -disable-llvm-optzns -fno-threadsafe-statics  -fno-use-cxa-atexit  -fno-threadsafe-statics -fno-use-cxa-atexit -D__CLANG_3_1__ -DAESL_SYN -D__SYNTHESIS__ -D__HLS_SYN__ -I "/home/david/Xilinx/Vivado/2020.1/common/technology/autopilot" -I "/home/david/Xilinx/Vivado/2020.1/common/technology/autopilot/ap_sysc" -include etc/autopilot_ssdm_op.h -D__DSP48E1__  -o "/mnt/sdc3/david/projs/hardware-software/part2/ip_cores/pixel_proc/solution1/.autopilot/db/pixel_proc.pp.0.cpp" 
INFO-FLOW: exec /home/david/Xilinx/Vivado/2020.1/lnx64/tools/clang/bin/clang -fno-limit-debug-info -gcc-toolchain /home/david/Xilinx/Vivado/2020.1/lnx64/tools/gcc -hls -fno-exceptions -D__llvm__ -E pixel_proc/pixel_proc.cpp -fno-math-errno -c -emit-llvm -O0 -mllvm -disable-llvm-optzns -fno-threadsafe-statics -fno-use-cxa-atexit -fno-threadsafe-statics -fno-use-cxa-atexit -D__CLANG_3_1__ -DAESL_SYN -D__SYNTHESIS__ -D__HLS_SYN__ -I /home/david/Xilinx/Vivado/2020.1/common/technology/autopilot -I /home/david/Xilinx/Vivado/2020.1/common/technology/autopilot/ap_sysc -include etc/autopilot_ssdm_op.h -D__DSP48E1__ -o /mnt/sdc3/david/projs/hardware-software/part2/ip_cores/pixel_proc/solution1/.autopilot/db/pixel_proc.pp.0.cpp
Command         clang done; 1.71 sec.
Execute         tidy_31 xilinx-xfmat-array-geometry /mnt/sdc3/david/projs/hardware-software/part2/ip_cores/pixel_proc/solution1/.autopilot/db/pixel_proc.pp.0.cpp std=gnu++98 
INFO-FLOW: exec /home/david/Xilinx/Vivado/2020.1/lnx64/tools/clang-3.9-csynth/bin/tidy-3.1 -header-filter=.* -checks=-*,xilinx-xfmat-array-geometry -quiet -fix /mnt/sdc3/david/projs/hardware-software/part2/ip_cores/pixel_proc/solution1/.autopilot/db/pixel_proc.pp.0.cpp -- -std=gnu++98 -fhls -ferror-limit=0
Command         tidy_31 done; 4.06 sec.
INFO-FLOW: Syntax Checking before pre-processing...
Execute         clang -syntaxcheck -src /mnt/sdc3/david/projs/hardware-software/part2/ip_cores/pixel_proc/solution1/.autopilot/db/pixel_proc.pp.0.cpp  -fno-limit-debug-info -gcc-toolchain "/home/david/Xilinx/Vivado/2020.1/lnx64/tools/gcc" -hls    -fno-math-errno -c -emit-llvm -O0  -mllvm -disable-llvm-optzns -fno-threadsafe-statics  -fno-use-cxa-atexit  -fno-threadsafe-statics -fno-use-cxa-atexit -D__CLANG_3_1__ -DAESL_SYN -D__SYNTHESIS__ -D__HLS_SYN__ -I "/home/david/Xilinx/Vivado/2020.1/common/technology/autopilot" -I "/home/david/Xilinx/Vivado/2020.1/common/technology/autopilot/ap_sysc" -include etc/autopilot_ssdm_op.h -D__DSP48E1__  "/mnt/sdc3/david/projs/hardware-software/part2/ip_cores/pixel_proc/solution1/.autopilot/db/pixel_proc.pp.0.cpp"  -o "/mnt/sdc3/david/projs/hardware-software/part2/ip_cores/pixel_proc/solution1/.autopilot/db/useless.bc"  
INFO-FLOW: exec /home/david/Xilinx/Vivado/2020.1/lnx64/tools/clang/bin/clang -fno-limit-debug-info -gcc-toolchain /home/david/Xilinx/Vivado/2020.1/lnx64/tools/gcc -hls -fno-math-errno -c -emit-llvm -O0 -mllvm -disable-llvm-optzns -fno-threadsafe-statics -fno-use-cxa-atexit -fno-threadsafe-statics -fno-use-cxa-atexit -D__CLANG_3_1__ -DAESL_SYN -D__SYNTHESIS__ -D__HLS_SYN__ -I /home/david/Xilinx/Vivado/2020.1/common/technology/autopilot -I /home/david/Xilinx/Vivado/2020.1/common/technology/autopilot/ap_sysc -include etc/autopilot_ssdm_op.h -D__DSP48E1__ /mnt/sdc3/david/projs/hardware-software/part2/ip_cores/pixel_proc/solution1/.autopilot/db/pixel_proc.pp.0.cpp -o /mnt/sdc3/david/projs/hardware-software/part2/ip_cores/pixel_proc/solution1/.autopilot/db/useless.bc
Command         clang done; 3.89 sec.
INFO-FLOW: Done: GCC PP time: 9.7 seconds per iteration
Execute         source /home/david/Xilinx/Vivado/2020.1/tps/tcl/tcllib1.11.1/yaml/huddle.tcl 
Execute         source /home/david/Xilinx/Vivado/2020.1/tps/tcl/tcllib1.11.1/yaml/json2huddle.tcl 
Execute           source /home/david/Xilinx/Vivado/2020.1/tps/tcl/tcllib1.11.1/try/try.tcl 
Execute         list_core -type functional_unit 
Execute         tidy_31 xilinx-systemc-detector /mnt/sdc3/david/projs/hardware-software/part2/ip_cores/pixel_proc/solution1/.autopilot/db/pixel_proc.pp.0.cpp std=gnu++98 -directive=/mnt/sdc3/david/projs/hardware-software/part2/ip_cores/pixel_proc/solution1/.autopilot/db/.systemc_flag 
INFO-FLOW: exec /home/david/Xilinx/Vivado/2020.1/lnx64/tools/clang-3.9-csynth/bin/tidy-3.1 -header-filter=.* -checks=-*,xilinx-systemc-detector -import-directive=/mnt/sdc3/david/projs/hardware-software/part2/ip_cores/pixel_proc/solution1/.autopilot/db/.systemc_flag -quiet -fix-errors /mnt/sdc3/david/projs/hardware-software/part2/ip_cores/pixel_proc/solution1/.autopilot/db/pixel_proc.pp.0.cpp -- -std=gnu++98 -fhls -ferror-limit=0
Command         tidy_31 done; 1.06 sec.
INFO-FLOW: Running: tidy-3.1 CDT preprocess
Execute         tidy_31 xilinx-directive2pragma /mnt/sdc3/david/projs/hardware-software/part2/ip_cores/pixel_proc/solution1/.autopilot/db/pixel_proc.pp.0.cpp std=gnu++98 -directive=/mnt/sdc3/david/projs/hardware-software/part2/ip_cores/pixel_proc/solution1/.autopilot/db/all.directive.json 
INFO-FLOW: exec /home/david/Xilinx/Vivado/2020.1/lnx64/tools/clang-3.9-csynth/bin/tidy-3.1 -header-filter=.* -checks=-*,xilinx-directive2pragma -import-directive=/mnt/sdc3/david/projs/hardware-software/part2/ip_cores/pixel_proc/solution1/.autopilot/db/all.directive.json -quiet -fix-errors /mnt/sdc3/david/projs/hardware-software/part2/ip_cores/pixel_proc/solution1/.autopilot/db/pixel_proc.pp.0.cpp -- -std=gnu++98 -fhls -ferror-limit=0
Command         tidy_31 done; 1.39 sec.
Execute         get_config_dataflow -strict_mode 
Execute         ap_eval exec -ignorestderr /home/david/Xilinx/Vivado/2020.1/lnx64/tools/clang-3.9-csynth/bin/xilinx-dataflow-lawyer -export-fixes=/mnt/sdc3/david/projs/hardware-software/part2/ip_cores/pixel_proc/solution1/.autopilot/db/xilinx-dataflow-lawyer.pixel_proc.pp.0.cpp.diag.yml /mnt/sdc3/david/projs/hardware-software/part2/ip_cores/pixel_proc/solution1/.autopilot/db/pixel_proc.pp.0.cpp -- -std=gnu++98 -fhls -ferror-limit=0 -fstrict-dataflow > /mnt/sdc3/david/projs/hardware-software/part2/ip_cores/pixel_proc/solution1/.autopilot/db/xilinx-dataflow-lawyer.pixel_proc.pp.0.cpp.out.log 2> /mnt/sdc3/david/projs/hardware-software/part2/ip_cores/pixel_proc/solution1/.autopilot/db/xilinx-dataflow-lawyer.pixel_proc.pp.0.cpp.err.log 
Command         ap_eval done; error code: 1; 0.37 sec.
Command       elaborate done; error code: 2; 12.49 sec.
Command     csynth_design done; error code: 2; 12.5 sec.
Command   ap_source done; error code: 1; 13.4 sec.
Execute   cleanup_all 
