INFO: [HLS 200-10] Running '/home/david/Xilinx/Vivado/2020.1/bin/unwrapped/lnx64.o/vivado_hls'
INFO: [HLS 200-10] For user 'david' on host 'david' (Linux_x86_64 version 6.5.0-14-generic) on Fri Jan 26 21:24:06 CET 2024
INFO: [HLS 200-10] On os Ubuntu 22.04.2 LTS
INFO: [HLS 200-10] In directory '/mnt/sdc3/david/projs/hardware-software/part2/ip_cores'
Sourcing Tcl script '/mnt/sdc3/david/projs/hardware-software/part2/ip_cores/pixel_proc/solution1/csim.tcl'
INFO: [HLS 200-10] Opening project '/mnt/sdc3/david/projs/hardware-software/part2/ip_cores/pixel_proc'.
INFO: [HLS 200-10] Opening solution '/mnt/sdc3/david/projs/hardware-software/part2/ip_cores/pixel_proc/solution1'.
INFO: [SYN 201-201] Setting up clock 'default' with a period of 7ns.
INFO: [HLS 200-10] Setting target device to 'xc7z020-clg400-1'
INFO: [XFORM 203-1161] The maximum of name length is set into 40.
INFO: [SIM 211-2] *************** CSIM start ***************
INFO: [SIM 211-4] CSIM will launch GCC as the compiler.
   Compiling ../../../pixel_proc_test.cpp in debug mode
   Compiling ../../../pixel_proc.cpp in debug mode
   Generating csim.exe
WARNING: assign NaN to ap integer value
Frame: 4 	Means: 51.109 51.109 	CumSum: 2.118 	Pu: 4.221
WARNING: assign NaN to ap integer value
Frame: 8 	Means: 51.085 51.085 	CumSum: 2.104 	Pu: 4.155
WARNING: assign NaN to ap integer value
Frame: 12 	Means: 51.038 90.814 	CumSum: 2.118 	Pu: 4.205
WARNING: assign NaN to ap integer value
Frame: 16 	Means: 50.983 90.672 	CumSum: 2.112 	Pu: 4.167
WARNING: assign NaN to ap integer value
Frame: 20 	Means: 50.923 90.615 	CumSum: 2.105 	Pu: 4.166
WARNING: assign NaN to ap integer value
WARNING: assign NaN to ap integer value
Frame: 24 	Means: 50.928 90.708 	CumSum: 2.141 	Pu: 4.316
Simulation ended after correct processing of 25 frames.
INFO: [SIM 211-1] CSim done with 0 errors.
INFO: [SIM 211-3] *************** CSIM finish ***************
