INFO: [SIM 2] *************** CSIM start ***************
INFO: [SIM 4] CSIM will launch GCC as the compiler.
   Compiling ../../../pixel_proc_test.cpp in debug mode
   Compiling ../../../pixel_proc.cpp in debug mode
   Generating csim.exe
WARNING: assign NaN to ap integer value
Frame: 4 	Means: 51.109 51.109 	CumSum: 2.118 	Pu: 4.221
WARNING: assign NaN to ap integer value
Frame: 8 	Means: 51.085 51.085 	CumSum: 2.104 	Pu: 4.155
WARNING: assign NaN to ap integer value
Frame: 12 	Means: 51.038 90.814 	CumSum: 2.118 	Pu: 4.205
WARNING: assign NaN to ap integer value
Frame: 16 	Means: 50.983 90.672 	CumSum: 2.112 	Pu: 4.167
WARNING: assign NaN to ap integer value
Frame: 20 	Means: 50.923 90.615 	CumSum: 2.105 	Pu: 4.166
WARNING: assign NaN to ap integer value
WARNING: assign NaN to ap integer value
Frame: 24 	Means: 50.928 90.708 	CumSum: 2.141 	Pu: 4.316
Simulation ended after correct processing of 25 frames.
INFO: [SIM 1] CSim done with 0 errors.
INFO: [SIM 3] *************** CSIM finish ***************
