
*** Running vivado
    with args -log hsc_video_pixel_pack_0.vds -m64 -product Vivado -mode batch -messageDb vivado.pb -notrace -source hsc_video_pixel_pack_0.tcl


****** Vivado v2020.1 (64-bit)
  **** SW Build 2902540 on Wed May 27 19:54:35 MDT 2020
  **** IP Build 2902112 on Wed May 27 22:43:36 MDT 2020
    ** Copyright 1986-2020 Xilinx, Inc. All Rights Reserved.

source hsc_video_pixel_pack_0.tcl -notrace
INFO: [IP_Flow 19-234] Refreshing IP repositories
INFO: [IP_Flow 19-1700] Loaded user IP repository '/mnt/sdc3/david/projs/hardware-software/part2/ip_cores'.
INFO: [IP_Flow 19-2313] Loaded Vivado IP repository '/home/david/Xilinx/Vivado/2020.1/data/ip'.
Command: synth_design -top hsc_video_pixel_pack_0 -part xc7z020clg400-1 -mode out_of_context
Starting synth_design
Attempting to get a license for feature 'Synthesis' and/or device 'xc7z020'
INFO: [Common 17-349] Got license for feature 'Synthesis' and/or device 'xc7z020'
INFO: [Device 21-403] Loading part xc7z020clg400-1
INFO: [Synth 8-7079] Multithreading enabled for synth_design using a maximum of 4 processes.
INFO: [Synth 8-7078] Launching helper process for spawning children vivado processes
INFO: [Synth 8-7075] Helper process launched with PID 11662
---------------------------------------------------------------------------------
Starting RTL Elaboration : Time (s): cpu = 00:00:04 ; elapsed = 00:00:10 . Memory (MB): peak = 2091.922 ; gain = 0.000 ; free physical = 1233 ; free virtual = 22524
---------------------------------------------------------------------------------
INFO: [Synth 8-6157] synthesizing module 'hsc_video_pixel_pack_0' [/mnt/sdc3/david/projs/hardware-software/part2/overlay/hsc_video/hsc_video.srcs/sources_1/bd/hsc_video/ip/hsc_video_pixel_pack_0/synth/hsc_video_pixel_pack_0.v:58]
INFO: [Synth 8-6157] synthesizing module 'pixel_pack' [/mnt/sdc3/david/projs/hardware-software/part2/overlay/hsc_video/hsc_video.srcs/sources_1/bd/hsc_video/ipshared/b836/hdl/verilog/pixel_pack.v:12]
	Parameter ap_ST_fsm_state1 bound to: 19'b0000000000000000001 
	Parameter ap_ST_fsm_state2 bound to: 19'b0000000000000000010 
	Parameter ap_ST_fsm_pp0_stage0 bound to: 19'b0000000000000000100 
	Parameter ap_ST_fsm_pp0_stage1 bound to: 19'b0000000000000001000 
	Parameter ap_ST_fsm_state6 bound to: 19'b0000000000000010000 
	Parameter ap_ST_fsm_pp1_stage0 bound to: 19'b0000000000000100000 
	Parameter ap_ST_fsm_pp1_stage1 bound to: 19'b0000000000001000000 
	Parameter ap_ST_fsm_pp2_stage0 bound to: 19'b0000000000010000000 
	Parameter ap_ST_fsm_pp2_stage1 bound to: 19'b0000000000100000000 
	Parameter ap_ST_fsm_pp2_stage2 bound to: 19'b0000000001000000000 
	Parameter ap_ST_fsm_pp2_stage3 bound to: 19'b0000000010000000000 
	Parameter ap_ST_fsm_state15 bound to: 19'b0000000100000000000 
	Parameter ap_ST_fsm_pp3_stage0 bound to: 19'b0000001000000000000 
	Parameter ap_ST_fsm_state18 bound to: 19'b0000010000000000000 
	Parameter ap_ST_fsm_pp4_stage0 bound to: 19'b0000100000000000000 
	Parameter ap_ST_fsm_pp4_stage1 bound to: 19'b0001000000000000000 
	Parameter ap_ST_fsm_pp4_stage2 bound to: 19'b0010000000000000000 
	Parameter ap_ST_fsm_pp4_stage3 bound to: 19'b0100000000000000000 
	Parameter ap_ST_fsm_state26 bound to: 19'b1000000000000000000 
	Parameter C_S_AXI_AXILITES_DATA_WIDTH bound to: 32 - type: integer 
	Parameter C_S_AXI_AXILITES_ADDR_WIDTH bound to: 5 - type: integer 
	Parameter C_S_AXI_DATA_WIDTH bound to: 32 - type: integer 
	Parameter C_S_AXI_AXILITES_WSTRB_WIDTH bound to: 4 - type: integer 
	Parameter C_S_AXI_WSTRB_WIDTH bound to: 4 - type: integer 
INFO: [Synth 8-6157] synthesizing module 'pixel_pack_AXILiteS_s_axi' [/mnt/sdc3/david/projs/hardware-software/part2/overlay/hsc_video/hsc_video.srcs/sources_1/bd/hsc_video/ipshared/b836/hdl/verilog/pixel_pack_AXILiteS_s_axi.v:6]
	Parameter C_S_AXI_ADDR_WIDTH bound to: 5 - type: integer 
	Parameter C_S_AXI_DATA_WIDTH bound to: 32 - type: integer 
	Parameter ADDR_MODE_DATA_0 bound to: 5'b10000 
	Parameter ADDR_MODE_CTRL bound to: 5'b10100 
	Parameter ADDR_ALPHA_V_DATA_0 bound to: 5'b11000 
	Parameter ADDR_ALPHA_V_CTRL bound to: 5'b11100 
	Parameter WRIDLE bound to: 2'b00 
	Parameter WRDATA bound to: 2'b01 
	Parameter WRRESP bound to: 2'b10 
	Parameter WRRESET bound to: 2'b11 
	Parameter RDIDLE bound to: 2'b00 
	Parameter RDDATA bound to: 2'b01 
	Parameter RDRESET bound to: 2'b10 
	Parameter ADDR_BITS bound to: 5 - type: integer 
INFO: [Synth 8-155] case statement is not full and has no default [/mnt/sdc3/david/projs/hardware-software/part2/overlay/hsc_video/hsc_video.srcs/sources_1/bd/hsc_video/ipshared/b836/hdl/verilog/pixel_pack_AXILiteS_s_axi.v:170]
INFO: [Synth 8-6155] done synthesizing module 'pixel_pack_AXILiteS_s_axi' (1#1) [/mnt/sdc3/david/projs/hardware-software/part2/overlay/hsc_video/hsc_video.srcs/sources_1/bd/hsc_video/ipshared/b836/hdl/verilog/pixel_pack_AXILiteS_s_axi.v:6]
INFO: [Synth 8-6157] synthesizing module 'regslice_both' [/mnt/sdc3/david/projs/hardware-software/part2/overlay/hsc_video/hsc_video.srcs/sources_1/bd/hsc_video/ipshared/b836/hdl/verilog/regslice_core.v:8]
	Parameter DataWidth bound to: 24 - type: integer 
	Parameter W bound to: 25 - type: integer 
INFO: [Synth 8-6157] synthesizing module 'ibuf' [/mnt/sdc3/david/projs/hardware-software/part2/overlay/hsc_video/hsc_video.srcs/sources_1/bd/hsc_video/ipshared/b836/hdl/verilog/regslice_core.v:372]
	Parameter W bound to: 25 - type: integer 
INFO: [Synth 8-6155] done synthesizing module 'ibuf' (2#1) [/mnt/sdc3/david/projs/hardware-software/part2/overlay/hsc_video/hsc_video.srcs/sources_1/bd/hsc_video/ipshared/b836/hdl/verilog/regslice_core.v:372]
INFO: [Synth 8-6157] synthesizing module 'obuf' [/mnt/sdc3/david/projs/hardware-software/part2/overlay/hsc_video/hsc_video.srcs/sources_1/bd/hsc_video/ipshared/b836/hdl/verilog/regslice_core.v:402]
	Parameter W bound to: 25 - type: integer 
INFO: [Synth 8-6155] done synthesizing module 'obuf' (3#1) [/mnt/sdc3/david/projs/hardware-software/part2/overlay/hsc_video/hsc_video.srcs/sources_1/bd/hsc_video/ipshared/b836/hdl/verilog/regslice_core.v:402]
INFO: [Synth 8-6155] done synthesizing module 'regslice_both' (4#1) [/mnt/sdc3/david/projs/hardware-software/part2/overlay/hsc_video/hsc_video.srcs/sources_1/bd/hsc_video/ipshared/b836/hdl/verilog/regslice_core.v:8]
INFO: [Synth 8-6157] synthesizing module 'regslice_both__parameterized0' [/mnt/sdc3/david/projs/hardware-software/part2/overlay/hsc_video/hsc_video.srcs/sources_1/bd/hsc_video/ipshared/b836/hdl/verilog/regslice_core.v:8]
	Parameter DataWidth bound to: 1 - type: integer 
	Parameter W bound to: 2 - type: integer 
INFO: [Synth 8-6157] synthesizing module 'ibuf__parameterized0' [/mnt/sdc3/david/projs/hardware-software/part2/overlay/hsc_video/hsc_video.srcs/sources_1/bd/hsc_video/ipshared/b836/hdl/verilog/regslice_core.v:372]
	Parameter W bound to: 2 - type: integer 
INFO: [Synth 8-6155] done synthesizing module 'ibuf__parameterized0' (4#1) [/mnt/sdc3/david/projs/hardware-software/part2/overlay/hsc_video/hsc_video.srcs/sources_1/bd/hsc_video/ipshared/b836/hdl/verilog/regslice_core.v:372]
INFO: [Synth 8-6157] synthesizing module 'obuf__parameterized0' [/mnt/sdc3/david/projs/hardware-software/part2/overlay/hsc_video/hsc_video.srcs/sources_1/bd/hsc_video/ipshared/b836/hdl/verilog/regslice_core.v:402]
	Parameter W bound to: 2 - type: integer 
INFO: [Synth 8-6155] done synthesizing module 'obuf__parameterized0' (4#1) [/mnt/sdc3/david/projs/hardware-software/part2/overlay/hsc_video/hsc_video.srcs/sources_1/bd/hsc_video/ipshared/b836/hdl/verilog/regslice_core.v:402]
INFO: [Synth 8-6155] done synthesizing module 'regslice_both__parameterized0' (4#1) [/mnt/sdc3/david/projs/hardware-software/part2/overlay/hsc_video/hsc_video.srcs/sources_1/bd/hsc_video/ipshared/b836/hdl/verilog/regslice_core.v:8]
INFO: [Synth 8-6157] synthesizing module 'regslice_both__parameterized1' [/mnt/sdc3/david/projs/hardware-software/part2/overlay/hsc_video/hsc_video.srcs/sources_1/bd/hsc_video/ipshared/b836/hdl/verilog/regslice_core.v:8]
	Parameter DataWidth bound to: 32 - type: integer 
	Parameter W bound to: 33 - type: integer 
INFO: [Synth 8-6157] synthesizing module 'ibuf__parameterized1' [/mnt/sdc3/david/projs/hardware-software/part2/overlay/hsc_video/hsc_video.srcs/sources_1/bd/hsc_video/ipshared/b836/hdl/verilog/regslice_core.v:372]
	Parameter W bound to: 33 - type: integer 
INFO: [Synth 8-6155] done synthesizing module 'ibuf__parameterized1' (4#1) [/mnt/sdc3/david/projs/hardware-software/part2/overlay/hsc_video/hsc_video.srcs/sources_1/bd/hsc_video/ipshared/b836/hdl/verilog/regslice_core.v:372]
INFO: [Synth 8-6157] synthesizing module 'obuf__parameterized1' [/mnt/sdc3/david/projs/hardware-software/part2/overlay/hsc_video/hsc_video.srcs/sources_1/bd/hsc_video/ipshared/b836/hdl/verilog/regslice_core.v:402]
	Parameter W bound to: 33 - type: integer 
INFO: [Synth 8-6155] done synthesizing module 'obuf__parameterized1' (4#1) [/mnt/sdc3/david/projs/hardware-software/part2/overlay/hsc_video/hsc_video.srcs/sources_1/bd/hsc_video/ipshared/b836/hdl/verilog/regslice_core.v:402]
INFO: [Synth 8-6155] done synthesizing module 'regslice_both__parameterized1' (4#1) [/mnt/sdc3/david/projs/hardware-software/part2/overlay/hsc_video/hsc_video.srcs/sources_1/bd/hsc_video/ipshared/b836/hdl/verilog/regslice_core.v:8]
INFO: [Synth 8-6155] done synthesizing module 'pixel_pack' (5#1) [/mnt/sdc3/david/projs/hardware-software/part2/overlay/hsc_video/hsc_video.srcs/sources_1/bd/hsc_video/ipshared/b836/hdl/verilog/pixel_pack.v:12]
INFO: [Synth 8-6155] done synthesizing module 'hsc_video_pixel_pack_0' (6#1) [/mnt/sdc3/david/projs/hardware-software/part2/overlay/hsc_video/hsc_video.srcs/sources_1/bd/hsc_video/ip/hsc_video_pixel_pack_0/synth/hsc_video_pixel_pack_0.v:58]
---------------------------------------------------------------------------------
Finished RTL Elaboration : Time (s): cpu = 00:00:05 ; elapsed = 00:00:13 . Memory (MB): peak = 2091.922 ; gain = 0.000 ; free physical = 1956 ; free virtual = 23247
---------------------------------------------------------------------------------
---------------------------------------------------------------------------------
Start Handling Custom Attributes
---------------------------------------------------------------------------------
---------------------------------------------------------------------------------
Finished Handling Custom Attributes : Time (s): cpu = 00:00:06 ; elapsed = 00:00:14 . Memory (MB): peak = 2091.922 ; gain = 0.000 ; free physical = 2010 ; free virtual = 23301
---------------------------------------------------------------------------------
---------------------------------------------------------------------------------
Finished RTL Optimization Phase 1 : Time (s): cpu = 00:00:06 ; elapsed = 00:00:14 . Memory (MB): peak = 2091.922 ; gain = 0.000 ; free physical = 2010 ; free virtual = 23301
---------------------------------------------------------------------------------
Netlist sorting complete. Time (s): cpu = 00:00:00.02 ; elapsed = 00:00:00.02 . Memory (MB): peak = 2091.922 ; gain = 0.000 ; free physical = 2000 ; free virtual = 23291
INFO: [Project 1-570] Preparing netlist for logic optimization

Processing XDC Constraints
Initializing timing engine
Parsing XDC File [/mnt/sdc3/david/projs/hardware-software/part2/overlay/hsc_video/hsc_video.srcs/sources_1/bd/hsc_video/ip/hsc_video_pixel_pack_0/constraints/pixel_pack_ooc.xdc] for cell 'inst'
Finished Parsing XDC File [/mnt/sdc3/david/projs/hardware-software/part2/overlay/hsc_video/hsc_video.srcs/sources_1/bd/hsc_video/ip/hsc_video_pixel_pack_0/constraints/pixel_pack_ooc.xdc] for cell 'inst'
Parsing XDC File [/mnt/sdc3/david/projs/hardware-software/part2/overlay/hsc_video/hsc_video.runs/hsc_video_pixel_pack_0_synth_1/dont_touch.xdc]
Finished Parsing XDC File [/mnt/sdc3/david/projs/hardware-software/part2/overlay/hsc_video/hsc_video.runs/hsc_video_pixel_pack_0_synth_1/dont_touch.xdc]
Completed Processing XDC Constraints

Netlist sorting complete. Time (s): cpu = 00:00:00 ; elapsed = 00:00:00 . Memory (MB): peak = 2131.738 ; gain = 0.000 ; free physical = 1938 ; free virtual = 23233
INFO: [Project 1-111] Unisim Transformation Summary:
No Unisim elements were transformed.

Constraint Validation Runtime : Time (s): cpu = 00:00:00.04 ; elapsed = 00:00:00.08 . Memory (MB): peak = 2131.738 ; gain = 0.000 ; free physical = 1955 ; free virtual = 23253
---------------------------------------------------------------------------------
Finished Constraint Validation : Time (s): cpu = 00:00:12 ; elapsed = 00:00:23 . Memory (MB): peak = 2131.738 ; gain = 39.816 ; free physical = 1865 ; free virtual = 23150
---------------------------------------------------------------------------------
---------------------------------------------------------------------------------
Start Loading Part and Timing Information
---------------------------------------------------------------------------------
Loading part: xc7z020clg400-1
---------------------------------------------------------------------------------
Finished Loading Part and Timing Information : Time (s): cpu = 00:00:12 ; elapsed = 00:00:23 . Memory (MB): peak = 2131.738 ; gain = 39.816 ; free physical = 1864 ; free virtual = 23150
---------------------------------------------------------------------------------
---------------------------------------------------------------------------------
Start Applying 'set_property' XDC Constraints
---------------------------------------------------------------------------------
Applied set_property DONT_TOUCH = true for inst. (constraint file  /mnt/sdc3/david/projs/hardware-software/part2/overlay/hsc_video/hsc_video.runs/hsc_video_pixel_pack_0_synth_1/dont_touch.xdc, line 9).
---------------------------------------------------------------------------------
Finished applying 'set_property' XDC Constraints : Time (s): cpu = 00:00:12 ; elapsed = 00:00:23 . Memory (MB): peak = 2131.738 ; gain = 39.816 ; free physical = 1864 ; free virtual = 23150
---------------------------------------------------------------------------------
INFO: [Synth 8-802] inferred FSM for state register 'wstate_reg' in module 'pixel_pack_AXILiteS_s_axi'
INFO: [Synth 8-802] inferred FSM for state register 'rstate_reg' in module 'pixel_pack_AXILiteS_s_axi'
INFO: [Synth 8-4490] FSM extraction disabled for register 'ap_CS_fsm_reg' through user attribute
---------------------------------------------------------------------------------------------------
                   State |                     New Encoding |                Previous Encoding 
---------------------------------------------------------------------------------------------------
                  iSTATE |                             0001 |                               11
*
                  WRIDLE |                             0010 |                               00
                  WRDATA |                             0100 |                               01
                  WRRESP |                             1000 |                               10
---------------------------------------------------------------------------------------------------
INFO: [Synth 8-3354] encoded FSM with state register 'wstate_reg' using encoding 'one-hot' in module 'pixel_pack_AXILiteS_s_axi'
---------------------------------------------------------------------------------------------------
                   State |                     New Encoding |                Previous Encoding 
---------------------------------------------------------------------------------------------------
                  iSTATE |                              001 |                               10
*
                  RDIDLE |                              010 |                               00
                  RDDATA |                              100 |                               01
---------------------------------------------------------------------------------------------------
INFO: [Synth 8-3354] encoded FSM with state register 'rstate_reg' using encoding 'one-hot' in module 'pixel_pack_AXILiteS_s_axi'
---------------------------------------------------------------------------------
Finished RTL Optimization Phase 2 : Time (s): cpu = 00:00:13 ; elapsed = 00:00:24 . Memory (MB): peak = 2131.738 ; gain = 39.816 ; free physical = 1963 ; free virtual = 23195
---------------------------------------------------------------------------------
---------------------------------------------------------------------------------
Start RTL Component Statistics 
---------------------------------------------------------------------------------
Detailed RTL Component Info : 
+---Adders : 
	   2 Input    9 Bit       Adders := 2     
+---Registers : 
	               96 Bit    Registers := 5     
	               33 Bit    Registers := 2     
	               32 Bit    Registers := 10    
	               25 Bit    Registers := 2     
	               19 Bit    Registers := 1     
	               16 Bit    Registers := 1     
	                8 Bit    Registers := 6     
	                5 Bit    Registers := 1     
	                4 Bit    Registers := 10    
	                2 Bit    Registers := 14    
	                1 Bit    Registers := 32    
+---Muxes : 
	   2 Input   96 Bit        Muxes := 6     
	   2 Input   33 Bit        Muxes := 1     
	   2 Input   32 Bit        Muxes := 9     
	   3 Input   32 Bit        Muxes := 1     
	   2 Input   25 Bit        Muxes := 1     
	   3 Input   19 Bit        Muxes := 2     
	   2 Input   18 Bit        Muxes := 1     
	   2 Input   17 Bit        Muxes := 1     
	   6 Input   15 Bit        Muxes := 1     
	   3 Input   14 Bit        Muxes := 1     
	   3 Input   12 Bit        Muxes := 1     
	   2 Input   11 Bit        Muxes := 2     
	   2 Input   10 Bit        Muxes := 1     
	   2 Input    7 Bit        Muxes := 2     
	   2 Input    6 Bit        Muxes := 1     
	   3 Input    5 Bit        Muxes := 1     
	   2 Input    5 Bit        Muxes := 1     
	   4 Input    4 Bit        Muxes := 1     
	   2 Input    4 Bit        Muxes := 15    
	   3 Input    3 Bit        Muxes := 1     
	   2 Input    3 Bit        Muxes := 2     
	   2 Input    2 Bit        Muxes := 10    
	   4 Input    2 Bit        Muxes := 6     
	   2 Input    1 Bit        Muxes := 48    
---------------------------------------------------------------------------------
Finished RTL Component Statistics 
---------------------------------------------------------------------------------
---------------------------------------------------------------------------------
Start Part Resource Summary
---------------------------------------------------------------------------------
Part Resources:
DSPs: 220 (col length:60)
BRAMs: 280 (col length: RAMB18 60 RAMB36 30)
---------------------------------------------------------------------------------
Finished Part Resource Summary
---------------------------------------------------------------------------------
---------------------------------------------------------------------------------
Start Cross Boundary and Area Optimization
---------------------------------------------------------------------------------
---------------------------------------------------------------------------------
Finished Cross Boundary and Area Optimization : Time (s): cpu = 00:00:17 ; elapsed = 00:00:30 . Memory (MB): peak = 2131.738 ; gain = 39.816 ; free physical = 1724 ; free virtual = 23013
---------------------------------------------------------------------------------
---------------------------------------------------------------------------------
Start Applying XDC Timing Constraints
---------------------------------------------------------------------------------
---------------------------------------------------------------------------------
Finished Applying XDC Timing Constraints : Time (s): cpu = 00:00:23 ; elapsed = 00:00:40 . Memory (MB): peak = 2131.738 ; gain = 39.816 ; free physical = 1937 ; free virtual = 23233
---------------------------------------------------------------------------------
---------------------------------------------------------------------------------
Start Timing Optimization
---------------------------------------------------------------------------------
---------------------------------------------------------------------------------
Finished Timing Optimization : Time (s): cpu = 00:00:26 ; elapsed = 00:00:43 . Memory (MB): peak = 2187.777 ; gain = 95.855 ; free physical = 2566 ; free virtual = 23861
---------------------------------------------------------------------------------
---------------------------------------------------------------------------------
Start Technology Mapping
---------------------------------------------------------------------------------
---------------------------------------------------------------------------------
Finished Technology Mapping : Time (s): cpu = 00:00:27 ; elapsed = 00:00:44 . Memory (MB): peak = 2187.777 ; gain = 95.855 ; free physical = 2564 ; free virtual = 23860
---------------------------------------------------------------------------------
---------------------------------------------------------------------------------
Start IO Insertion
---------------------------------------------------------------------------------
---------------------------------------------------------------------------------
Start Flattening Before IO Insertion
---------------------------------------------------------------------------------
---------------------------------------------------------------------------------
Finished Flattening Before IO Insertion
---------------------------------------------------------------------------------
---------------------------------------------------------------------------------
Start Final Netlist Cleanup
---------------------------------------------------------------------------------
---------------------------------------------------------------------------------
Finished Final Netlist Cleanup
---------------------------------------------------------------------------------
---------------------------------------------------------------------------------
Finished IO Insertion : Time (s): cpu = 00:00:30 ; elapsed = 00:00:48 . Memory (MB): peak = 2187.777 ; gain = 95.855 ; free physical = 3280 ; free virtual = 24521
---------------------------------------------------------------------------------
---------------------------------------------------------------------------------
Start Renaming Generated Instances
---------------------------------------------------------------------------------
---------------------------------------------------------------------------------
Finished Renaming Generated Instances : Time (s): cpu = 00:00:30 ; elapsed = 00:00:48 . Memory (MB): peak = 2187.777 ; gain = 95.855 ; free physical = 3280 ; free virtual = 24521
---------------------------------------------------------------------------------
---------------------------------------------------------------------------------
Start Rebuilding User Hierarchy
---------------------------------------------------------------------------------
---------------------------------------------------------------------------------
Finished Rebuilding User Hierarchy : Time (s): cpu = 00:00:30 ; elapsed = 00:00:48 . Memory (MB): peak = 2187.777 ; gain = 95.855 ; free physical = 3277 ; free virtual = 24518
---------------------------------------------------------------------------------
---------------------------------------------------------------------------------
Start Renaming Generated Ports
---------------------------------------------------------------------------------
---------------------------------------------------------------------------------
Finished Renaming Generated Ports : Time (s): cpu = 00:00:30 ; elapsed = 00:00:48 . Memory (MB): peak = 2187.777 ; gain = 95.855 ; free physical = 3274 ; free virtual = 24515
---------------------------------------------------------------------------------
---------------------------------------------------------------------------------
Start Handling Custom Attributes
---------------------------------------------------------------------------------
---------------------------------------------------------------------------------
Finished Handling Custom Attributes : Time (s): cpu = 00:00:30 ; elapsed = 00:00:48 . Memory (MB): peak = 2187.777 ; gain = 95.855 ; free physical = 3259 ; free virtual = 24500
---------------------------------------------------------------------------------
---------------------------------------------------------------------------------
Start Renaming Generated Nets
---------------------------------------------------------------------------------
---------------------------------------------------------------------------------
Finished Renaming Generated Nets : Time (s): cpu = 00:00:30 ; elapsed = 00:00:48 . Memory (MB): peak = 2187.777 ; gain = 95.855 ; free physical = 3252 ; free virtual = 24493
---------------------------------------------------------------------------------
---------------------------------------------------------------------------------
Start Writing Synthesis Report
---------------------------------------------------------------------------------

Report BlackBoxes: 
+-+--------------+----------+
| |BlackBox name |Instances |
+-+--------------+----------+
+-+--------------+----------+

Report Cell Usage: 
+------+-------+------+
|      |Cell   |Count |
+------+-------+------+
|1     |CARRY4 |     6|
|2     |LUT1   |     2|
|3     |LUT2   |    40|
|4     |LUT3   |   182|
|5     |LUT4   |   184|
|6     |LUT5   |   114|
|7     |LUT6   |   223|
|8     |FDRE   |  1088|
|9     |FDSE   |     1|
+------+-------+------+
---------------------------------------------------------------------------------
Finished Writing Synthesis Report : Time (s): cpu = 00:00:30 ; elapsed = 00:00:48 . Memory (MB): peak = 2187.777 ; gain = 95.855 ; free physical = 3250 ; free virtual = 24491
---------------------------------------------------------------------------------
Synthesis finished with 0 errors, 0 critical warnings and 0 warnings.
Synthesis Optimization Runtime : Time (s): cpu = 00:00:28 ; elapsed = 00:00:45 . Memory (MB): peak = 2187.777 ; gain = 56.039 ; free physical = 3276 ; free virtual = 24516
Synthesis Optimization Complete : Time (s): cpu = 00:00:30 ; elapsed = 00:00:48 . Memory (MB): peak = 2187.785 ; gain = 95.855 ; free physical = 3276 ; free virtual = 24516
INFO: [Project 1-571] Translating synthesized netlist
Netlist sorting complete. Time (s): cpu = 00:00:00.02 ; elapsed = 00:00:00.02 . Memory (MB): peak = 2187.785 ; gain = 0.000 ; free physical = 3318 ; free virtual = 24580
INFO: [Netlist 29-17] Analyzing 6 Unisim elements for replacement
INFO: [Netlist 29-28] Unisim Transformation completed in 0 CPU seconds
INFO: [Project 1-570] Preparing netlist for logic optimization
INFO: [Opt 31-138] Pushed 0 inverter(s) to 0 load pin(s).
Netlist sorting complete. Time (s): cpu = 00:00:00 ; elapsed = 00:00:00 . Memory (MB): peak = 2187.785 ; gain = 0.000 ; free physical = 3189 ; free virtual = 24482
INFO: [Project 1-111] Unisim Transformation Summary:
No Unisim elements were transformed.

INFO: [Common 17-83] Releasing license: Synthesis
47 Infos, 0 Warnings, 0 Critical Warnings and 0 Errors encountered.
synth_design completed successfully
synth_design: Time (s): cpu = 00:00:40 ; elapsed = 00:01:03 . Memory (MB): peak = 2187.785 ; gain = 96.000 ; free physical = 3338 ; free virtual = 24631
INFO: [Common 17-1381] The checkpoint '/mnt/sdc3/david/projs/hardware-software/part2/overlay/hsc_video/hsc_video.runs/hsc_video_pixel_pack_0_synth_1/hsc_video_pixel_pack_0.dcp' has been generated.
WARNING: [Common 17-576] 'use_project_ipc' is deprecated. This option is deprecated and no longer used.
INFO: [Coretcl 2-1648] Added synthesis output to IP cache for IP hsc_video_pixel_pack_0, cache-ID = c8b257cc999e332c
INFO: [Coretcl 2-1174] Renamed 20 cell refs.
INFO: [Common 17-1381] The checkpoint '/mnt/sdc3/david/projs/hardware-software/part2/overlay/hsc_video/hsc_video.runs/hsc_video_pixel_pack_0_synth_1/hsc_video_pixel_pack_0.dcp' has been generated.
INFO: [runtcl-4] Executing : report_utilization -file hsc_video_pixel_pack_0_utilization_synth.rpt -pb hsc_video_pixel_pack_0_utilization_synth.pb
INFO: [Common 17-206] Exiting Vivado at Mon Mar  1 13:13:23 2021...
